# XviD 2pass stat file (core version 1.4.-127)
# Please do not modify this file

i 2 920 0 0 2596 2596
p 2 0 0 920 137 137
p 2 0 0 920 137 137
p 2 0 0 920 137 137
p 2 0 0 920 137 137
p 2 0 0 920 137 137
p 2 0 0 920 137 137
p 2 0 0 920 137 137
p 2 0 0 920 137 137
p 2 0 0 920 137 137
p 2 0 0 920 137 137
p 2 0 0 920 137 137
p 2 0 0 920 137 137
p 2 0 0 920 137 137
p 2 0 0 920 137 137
p 2 0 0 920 137 137
p 2 0 0 920 137 137
p 2 0 0 920 137 137
p 2 0 0 920 137 137
p 2 0 0 920 137 137
p 2 0 0 920 137 137
p 2 0 0 920 137 137
p 2 0 0 920 137 137
p 2 0 0 920 137 137
p 2 0 0 920 137 137
p 2 0 0 920 137 137
p 2 0 0 920 137 137
p 2 0 0 920 137 137
p 2 0 0 920 137 137
p 2 0 0 920 137 137
p 2 0 0 920 137 137
p 2 0 0 920 137 137
p 2 0 0 920 137 137
p 2 0 0 920 137 137
p 2 0 0 920 137 137
p 2 0 0 920 137 137
p 2 0 0 920 137 137
p 2 0 0 920 137 137
p 2 0 0 920 137 137
p 2 0 0 920 137 137
p 2 0 0 920 137 137
p 2 0 0 920 137 137
p 2 0 0 920 137 137
p 2 0 0 920 137 137
p 2 0 0 920 137 137
p 2 0 0 920 137 137
p 2 0 0 920 137 137
p 2 189 697 34 4035 1400
p 2 199 709 12 4475 1579
p 2 170 740 10 4593 1705
p 2 123 784 13 4530 1529
p 2 68 852 0 4930 1744
p 2 51 862 7 4788 1642
p 2 65 854 1 4210 1696
p 2 59 853 8 4194 1671
p 2 61 859 0 3953 1692
p 2 35 881 4 4095 1579
p 2 32 888 0 4050 1647
p 2 38 882 0 4138 1636
p 2 14 906 0 4179 1709
p 2 21 898 1 4554 1721
p 2 22 898 0 4263 1725
p 2 21 897 2 4441 1683
p 2 8 912 0 4219 1636
p 2 14 905 1 4604 1659
p 2 11 909 0 4257 1630
p 2 17 903 0 4574 1689
p 2 0 920 0 4589 1692
p 2 6 914 0 4645 1611
p 2 9 911 0 4405 1655
p 2 6 914 0 4907 1630
p 2 3 917 0 4485 1685
p 2 1 918 1 5103 1641
p 2 2 918 0 4397 1638
p 2 0 920 0 5037 1641
p 2 1 919 0 4888 1640
p 2 5 914 1 5389 1660
p 2 0 920 0 4889 1655
p 2 2 918 0 5544 1707
p 2 0 920 0 5184 1716
p 2 1 919 0 5639 1698
p 2 0 920 0 5226 1724
p 2 3 917 0 5736 1666
p 2 1 919 0 5304 1707
p 2 0 920 0 5782 1686
p 2 0 920 0 5232 1656
p 2 1 919 0 5657 1640
p 2 1 919 0 5446 1647
p 2 3 917 0 5958 1630
p 2 0 920 0 5222 1656
p 2 2 918 0 6058 1644
p 2 0 920 0 5506 1677
p 2 4 916 0 6048 1672
p 2 1 919 0 5736 1684
p 2 0 920 0 6402 1653
p 2 1 919 0 6144 1728
p 2 1 919 0 6300 1682
p 2 0 920 0 5952 1691
p 2 1 919 0 6511 1689
p 2 0 920 0 6231 1712
p 2 1 919 0 7004 1708
p 2 0 920 0 6621 1741
p 2 3 917 0 6976 1696
p 2 0 920 0 6552 1722
p 2 2 918 0 7323 1723
p 2 0 920 0 6653 1727
p 2 2 918 0 7057 1676
p 2 0 920 0 6880 1742
p 2 0 920 0 7240 1709
p 2 0 920 0 6864 1711
p 2 3 917 0 7441 1673
p 2 1 919 0 7155 1753
p 2 0 920 0 7594 1750
p 2 0 920 0 7047 1718
p 2 1 919 0 7563 1731
p 2 0 920 0 7478 1780
p 2 1 919 0 8365 1782
p 2 0 920 0 8595 1829
p 2 0 920 0 8558 1757
p 2 0 920 0 8131 1778
p 2 1 919 0 8742 1761
p 2 0 920 0 8475 1791
p 2 0 920 0 8908 1742
p 2 1 919 0 8618 1797
p 2 0 920 0 9017 1769
p 2 1 919 0 8587 1809
p 2 0 920 0 9200 1803
p 2 1 919 0 8485 1819
p 2 2 918 0 9050 1806
p 2 1 919 0 8753 1797
p 2 2 918 0 8853 1743
p 2 0 920 0 7435 1503
p 2 0 918 2 7520 1507
p 2 0 917 3 7390 1469
p 2 0 916 4 7463 1487
p 2 0 918 2 7559 1468
p 2 0 915 5 7497 1497
p 2 0 911 9 7451 1466
p 2 0 913 7 8124 1462
p 2 2 915 3 7732 1499
p 2 0 913 7 6918 1442
p 2 0 913 7 6772 1387
p 2 2 914 4 7115 1430
p 2 0 913 7 7365 1425
p 2 0 917 3 7133 1431
p 2 0 908 12 7181 1400
p 2 0 915 5 7086 1440
p 2 0 914 6 7032 1429
p 2 0 913 7 7030 1435
p 2 0 913 7 7604 1429
p 2 0 918 2 6986 1424
p 2 0 911 9 7543 1445
p 2 1 910 9 7459 1475
p 2 0 913 7 7318 1445
p 2 0 914 6 7428 1446
p 2 1 913 6 7526 1463
p 2 1 913 6 7499 1447
p 2 0 911 9 7393 1418
p 2 2 909 9 7533 1468
p 2 0 915 5 7618 1468
p 2 0 911 9 7346 1470
p 2 0 915 5 7560 1482
p 2 0 916 4 7471 1489
p 2 1 911 8 7136 1456
p 2 0 916 4 7079 1449
p 2 0 915 5 7076 1439
p 2 0 910 10 6798 1443
p 2 0 914 6 7132 1422
p 2 0 916 4 7435 1445
p 2 1 913 6 7158 1454
p 2 0 911 9 6836 1426
p 2 0 916 4 7149 1422
p 2 0 917 3 7151 1430
p 2 0 915 5 6947 1415
p 2 0 912 8 7009 1409
p 2 0 912 8 6853 1399
p 2 0 914 6 6864 1409
p 2 0 913 7 7154 1426
p 2 0 914 6 7294 1435
p 2 0 914 6 7580 1431
p 2 2 910 8 7632 1457
p 2 0 907 13 7438 1409
p 2 0 915 5 7884 1457
p 2 0 911 9 7264 1459
p 2 0 915 5 6756 1421
p 2 0 913 7 7194 1439
p 2 0 915 5 7314 1456
p 2 0 913 7 7198 1429
p 2 2 912 6 7652 1450
p 2 0 915 5 7239 1413
p 2 0 917 3 7190 1450
p 2 0 918 2 7530 1453
p 2 0 916 4 7391 1459
p 2 0 915 5 7195 1421
p 2 0 914 6 6652 1413
p 2 0 913 7 6685 1414
p 2 0 913 7 6851 1405
p 2 0 905 15 6584 1364
p 2 1 905 14 7056 1380
p 2 1 910 9 7629 1456
p 2 0 907 13 7554 1447
p 2 0 917 3 7785 1477
p 2 0 914 6 7499 1486
p 2 0 909 11 7363 1436
p 2 1 916 3 7373 1460
p 2 0 910 10 7258 1422
p 2 0 917 3 7318 1454
p 2 0 916 4 6804 1418
p 2 0 914 6 7276 1414
i 2 920 0 0 2596 2596
p 2 0 0 920 137 137
p 2 0 0 920 137 137
p 2 0 0 920 137 137
p 2 0 0 920 137 137
p 2 0 0 920 137 137
p 2 0 0 920 137 137
p 2 0 0 920 137 137
p 2 0 0 920 137 137
p 2 0 0 920 137 137
p 2 0 0 920 137 137
p 2 0 0 920 137 137
p 2 0 0 920 137 137
i 2 920 0 0 5155 2699
i 2 920 0 0 7140 2789
i 2 920 0 0 9080 2851
i 2 920 0 0 10996 2914
i 2 920 0 0 12287 2956
i 2 920 0 0 13881 3010
i 2 920 0 0 15252 3049
i 2 920 0 0 16586 3092
p 2 0 217 703 1581 346
p 2 0 231 689 2629 364
p 2 0 222 698 2942 363
p 2 0 208 712 2819 347
p 2 0 218 702 3047 365
p 2 0 216 704 3064 362
p 2 0 221 699 3009 364
p 2 0 213 707 2942 360
p 2 0 221 699 3158 370
p 2 0 214 706 3050 358
p 2 0 224 696 3090 374
p 2 0 220 700 3093 372
p 2 0 206 714 3001 356
p 2 0 212 708 3025 369
p 2 0 214 706 3088 357
p 2 0 217 703 3062 364
p 2 0 228 692 3125 378
p 2 0 227 693 3079 375
p 2 0 223 697 3052 373
p 2 0 230 690 3029 376
p 2 0 221 699 3045 373
p 2 0 216 704 3089 367
p 2 0 218 702 3115 374
p 2 0 217 703 2928 364
p 2 0 229 691 3064 378
p 2 0 213 707 3042 364
p 2 0 220 700 3052 374
p 2 0 220 700 3074 374
p 2 0 217 703 3030 371
p 2 0 217 703 2991 363
p 2 0 216 704 2991 357
p 2 0 208 712 3192 360
p 2 0 216 704 3025 365
p 2 0 208 712 2989 361
p 2 0 217 703 3166 374
p 2 0 218 702 3001 367
p 2 0 222 698 3110 370
p 2 0 216 704 3063 361
p 2 0 198 722 2961 348
p 2 0 207 713 2957 355
p 2 0 220 700 3216 370
p 2 0 215 705 3084 361
p 2 0 215 705 3155 364
p 2 0 220 700 3232 371
p 2 0 209 711 3040 360
p 2 0 206 714 3118 361
p 2 0 220 700 3200 372
p 2 0 231 689 3012 376
p 2 0 207 713 3054 354
p 2 0 208 712 3199 361
p 2 0 213 707 3129 365
p 2 0 209 711 3157 359
p 2 0 214 706 3265 371
p 2 0 221 699 3134 371
p 2 0 213 707 3068 360
p 2 0 209 711 3184 363
p 2 0 205 715 3173 354
p 2 0 220 700 3153 374
p 2 0 210 710 3239 367
p 2 0 219 701 3125 368
p 2 0 203 717 3075 354
p 2 0 220 700 3210 372
p 2 0 212 708 3227 363
p 2 0 208 712 3081 365
p 2 0 213 707 3230 367
p 2 0 208 712 3217 362
p 2 0 201 719 2969 356
p 2 0 214 706 3182 375
p 2 0 217 703 3133 365
p 2 0 212 708 3056 361
p 2 0 211 709 3149 364
p 2 0 216 704 3177 365
p 2 0 211 709 3043 361
p 2 0 217 703 3112 373
p 2 0 216 704 3268 362
p 2 0 208 712 3139 358
p 2 0 210 710 3170 368
p 2 0 219 701 3197 374
p 2 0 218 702 3114 369
p 2 0 209 711 3067 363
p 2 0 225 695 3139 374
p 2 0 211 709 3113 364
p 2 0 206 714 3059 356
p 2 0 222 698 3155 371
p 2 0 211 709 3174 361
p 2 0 219 701 3158 375
p 2 0 219 701 3150 366
p 2 0 213 707 3137 364
p 2 0 212 708 3069 364
p 2 0 222 698 3105 372
p 2 0 227 693 3093 372
p 2 0 210 710 3239 363
p 2 0 207 713 3087 360
p 2 0 208 712 3110 362
p 2 0 206 714 3141 357
p 2 0 209 711 2989 360
p 2 0 207 713 3124 359
p 2 0 217 703 3168 370
p 2 0 217 703 3100 371
p 2 0 212 708 3105 367
p 2 0 223 697 3048 370
p 2 0 215 705 3044 366
p 2 0 202 718 3034 355
p 2 0 214 706 3170 365
p 2 0 220 700 3001 374
p 2 0 213 707 3027 361
p 2 0 212 708 3211 368
p 2 0 214 706 3013 367
p 2 0 212 708 3056 365
p 2 0 218 702 3193 376
p 2 0 212 708 3036 359
p 2 0 213 707 3082 360
p 2 0 218 702 3177 372
p 2 0 220 700 3069 376
p 2 0 215 705 3103 364
p 2 0 212 708 3130 364
p 2 0 210 710 3083 360
p 2 0 213 707 3071 368
p 2 0 217 703 3254 368
p 2 0 220 700 3098 368
p 2 0 210 710 3093 360
p 2 0 214 706 3250 370
p 2 0 220 700 3173 368
p 2 0 211 709 3089 366
p 2 0 214 706 3241 371
p 2 0 223 697 3187 374
p 2 0 218 702 3030 369
p 2 0 217 703 3245 374
p 2 0 214 706 3155 364
p 2 0 205 715 3074 361
p 2 0 216 704 3168 371
p 2 0 219 701 3123 366
p 2 0 211 709 3006 362
p 2 0 216 704 3183 374
p 2 0 221 699 3191 376
p 2 0 226 694 3024 371
p 2 0 224 696 3064 371
p 2 0 220 700 3200 373
p 2 0 212 708 3001 354
p 2 0 215 705 3064 376
p 2 0 217 703 3161 370
p 2 0 209 711 2976 360
p 2 0 223 697 3020 377
p 2 0 212 708 3091 360
p 2 0 225 695 3122 373
p 2 0 221 699 2944 370
p 2 0 213 707 3052 360
p 2 0 217 703 3092 368
p 2 0 220 700 3027 377
p 2 0 217 703 3097 372
p 2 0 221 699 3037 368
p 2 0 203 717 2960 354
p 2 0 216 704 2998 367
p 2 0 210 710 2992 358
p 2 0 219 701 3035 373
p 2 0 215 705 2980 366
p 2 0 215 705 3123 365
p 2 0 216 704 3077 372
p 2 0 222 698 2990 371
p 2 0 216 704 3086 368
p 2 0 216 704 3076 370
p 2 0 219 701 2987 373
p 2 0 218 702 2954 371
p 2 0 213 707 3114 367
p 2 0 213 707 3022 362
p 2 0 206 714 3101 361
p 2 0 223 697 3254 376
p 2 0 211 709 2810 356
p 2 0 212 708 3075 368
p 2 0 215 705 3106 369
p 2 0 207 713 2899 354
p 2 0 221 699 3035 376
p 2 0 210 710 3145 365
p 2 0 207 713 2970 357
p 2 0 204 716 2885 353
p 2 0 201 719 3115 355
p 2 0 215 705 3074 371
p 2 0 212 708 2945 358
p 2 0 209 711 3200 362
p 2 0 209 711 2933 352
p 2 0 209 711 2970 352
p 2 0 207 713 3095 360
p 2 0 212 708 3065 358
p 2 0 202 718 3046 355
p 2 0 217 703 3247 381
p 2 0 215 705 3131 359
p 2 0 213 707 3057 364
p 2 0 207 713 3169 364
p 2 0 212 708 3103 358
p 2 0 216 704 2963 363
p 2 0 212 708 3164 364
p 2 0 204 716 3079 358
p 2 0 219 701 3052 365
p 2 0 206 714 3200 357
p 2 0 216 704 3214 371
p 2 0 211 709 3088 365
p 2 0 210 710 3196 363
p 2 0 211 709 3230 365
p 2 0 215 705 2997 364
p 2 0 207 713 3105 358
p 2 0 218 702 3268 369
p 2 0 217 703 3100 364
p 2 0 218 702 3139 374
p 2 0 208 712 3226 362
p 2 0 210 710 3186 361
p 2 0 204 716 3146 360
p 2 0 219 701 3253 368
p 2 0 209 711 3143 357
p 2 0 216 704 3030 362
p 2 0 220 700 3218 375
p 2 0 209 711 3226 363
p 2 0 215 705 3070 372
p 2 0 209 711 3142 364
p 2 0 205 715 3177 358
p 2 0 215 705 2980 358
p 2 0 222 698 3223 377
p 2 0 207 713 3191 352
p 2 0 210 710 3004 354
p 2 0 224 696 3183 378
p 2 0 204 716 3213 350
p 2 0 217 703 3046 364
p 2 0 218 702 3212 376
p 2 0 221 699 3165 371
p 2 0 192 728 3043 343
p 2 0 204 716 3037 354
p 2 0 201 719 3220 354
p 2 0 212 708 3090 358
p 2 0 210 710 3185 371
p 2 0 212 708 3120 363
p 2 0 234 686 3428 391
p 2 0 213 707 3075 369
p 2 0 204 716 3118 357
p 2 0 203 717 3186 351
p 2 0 205 715 3068 352
p 2 0 215 705 3225 376
p 2 0 202 718 3146 348
p 2 0 217 703 3031 365
p 2 0 211 709 3144 362
p 2 0 209 711 3339 361
p 2 0 206 714 2990 358
p 2 0 205 715 3206 355
p 2 0 205 715 3139 355
p 2 0 219 701 2969 364
p 2 0 212 708 3130 366
p 2 0 206 714 3197 358
p 2 0 201 719 3065 349
p 2 0 219 701 3101 368
p 2 0 216 704 3230 372
p 2 0 200 720 2962 351
p 2 0 206 714 3048 360
p 2 0 208 712 3181 357
p 2 0 219 701 3083 370
p 2 0 220 700 3117 366
p 2 0 215 705 3177 365
p 2 0 210 710 3072 356
p 2 0 208 712 3022 357
p 2 0 217 703 3180 364
p 2 0 201 719 3058 350
p 2 0 203 717 3096 358
p 2 0 211 709 3155 368
p 2 0 218 702 3107 378
p 2 0 205 715 3122 359
p 2 0 210 710 3110 358
p 2 0 205 715 3047 350
p 2 0 228 692 3253 378
p 2 0 205 715 3119 352
p 2 0 197 723 3187 352
p 2 0 215 705 3195 366
p 2 0 222 698 3052 370
p 2 0 213 707 3044 365
p 2 0 210 710 3207 356
p 2 0 214 706 3065 361
p 2 0 219 701 3197 369
p 2 0 213 707 3281 373
p 2 0 214 706 3034 365
p 2 0 216 704 3189 371
p 2 0 213 707 3277 369
p 2 0 215 705 3012 363
p 2 0 224 696 3098 373
p 2 0 218 702 3203 375
p 2 0 208 712 3045 356
p 2 0 210 710 3010 360
p 2 0 222 698 3256 378
p 2 0 209 711 3064 364
p 2 0 213 707 3067 367
p 2 0 215 705 3233 372
p 2 0 207 713 2988 353
p 2 0 200 720 3050 351
p 2 0 216 704 3165 372
p 2 0 203 717 3166 355
p 2 0 214 706 3011 365
p 2 0 215 705 3346 374
p 2 0 225 695 3051 374
p 2 0 216 704 3061 372
p 2 0 236 684 3254 394
p 2 0 262 658 3618 429
p 2 0 273 647 4410 483
p 2 0 269 651 4879 488
p 2 0 273 647 5725 539
p 2 2 268 650 5888 537
p 2 1 275 644 6953 603
p 2 2 272 646 7252 598
p 2 3 277 640 7708 619
p 2 3 274 643 7704 609
p 2 4 269 647 8345 627
p 2 5 276 639 8205 623
p 2 4 274 642 7855 629
p 2 3 274 643 7605 618
p 2 3 274 643 8074 636
p 2 3 273 644 6999 610
p 2 4 274 642 6519 609
p 2 2 276 642 6259 598
p 2 0 273 647 4661 528
p 2 0 271 649 4505 508
p 2 0 261 659 3063 437
p 2 0 240 680 3023 406
p 2 0 245 675 3186 424
p 2 0 215 705 2871 372
p 2 0 219 701 3058 390
p 2 0 204 716 2904 364
p 2 0 222 698 2988 388
p 2 0 217 703 3010 384
p 2 0 204 716 2962 374
p 2 0 187 733 2864 349
p 2 0 212 708 2964 373
p 2 0 193 727 2903 355
p 2 0 205 715 3084 373
p 2 0 201 719 2868 361
p 2 0 205 715 2996 368
p 2 0 201 719 2956 361
p 2 0 212 708 3148 383
p 2 0 195 725 2880 353
p 2 0 215 705 3084 381
p 2 0 200 720 2941 364
p 2 0 204 716 3102 375
p 2 0 204 716 2877 359
p 2 0 205 715 3085 374
p 2 0 206 714 2990 370
p 2 0 207 713 3165 379
p 2 0 201 719 2781 362
p 2 0 212 708 3044 377
p 2 0 201 719 3079 366
p 2 0 208 712 3063 380
p 2 0 219 701 3094 385
p 2 0 198 722 2968 361
p 2 0 196 724 2873 356
p 2 0 196 724 3070 367
p 2 0 200 720 3090 366
p 2 0 195 725 2970 361
p 2 0 203 717 3066 372
p 2 0 197 723 3020 368
p 2 0 193 727 2876 353
p 2 0 214 706 3055 383
p 2 0 199 721 2960 359
p 2 0 201 719 3121 368
p 2 0 192 728 2914 355
p 2 0 203 717 3018 362
p 2 0 201 719 2995 361
p 2 0 206 714 3201 383
p 2 0 201 719 2763 356
p 2 0 209 711 3099 377
p 2 0 213 707 3020 377
p 2 0 207 713 3070 376
p 2 0 195 725 3003 363
p 2 0 200 720 3066 365
p 2 0 206 714 3114 370
p 2 0 211 709 3023 377
p 2 0 193 727 3119 360
p 2 0 204 716 3101 371
p 2 0 205 715 3172 373
p 2 0 198 722 2971 353
p 2 0 200 720 3082 366
p 2 0 198 722 3009 369
p 2 0 212 708 3197 382
p 2 0 213 707 2922 373
p 2 0 191 729 3073 352
p 2 0 192 728 3017 361
p 2 0 218 702 3232 382
p 2 0 206 714 2957 373
p 2 0 194 726 3119 360
p 2 0 193 727 3081 357
p 2 0 191 729 2960 355
p 2 0 210 710 3161 382
p 2 0 210 710 3199 371
p 2 0 199 721 3018 370
p 2 0 193 727 3077 363
p 2 0 201 719 3047 364
p 2 0 207 713 3216 377
p 2 0 213 707 3045 377
p 2 0 193 727 3147 367
p 2 0 198 722 3074 366
p 2 0 211 709 3135 379
p 2 0 203 717 2932 363
p 2 0 199 721 3111 360
p 2 0 189 731 3069 360
p 2 0 213 707 3243 376
p 2 0 216 704 2910 378
p 2 0 198 722 3123 364
p 2 0 191 729 2991 355
p 2 0 201 719 3155 373
p 2 0 199 721 2925 362
p 2 0 203 717 3080 365
p 2 0 198 722 3123 366
p 2 0 196 724 3065 355
p 2 0 205 715 3125 373
p 2 0 199 721 3192 363
p 2 0 202 718 2947 364
p 2 0 197 723 3061 358
p 2 0 208 712 3152 379
p 2 0 210 710 3180 375
p 2 0 196 724 3046 363
p 2 0 200 720 3096 362
p 2 0 192 728 3108 357
p 2 0 204 716 3206 374
p 2 0 197 723 2916 364
p 2 0 205 715 3069 367
p 2 0 202 718 3040 366
p 2 0 187 733 3062 353
p 2 0 211 709 3175 377
p 2 0 199 721 3068 365
p 2 0 213 707 3235 386
p 2 0 195 725 2984 357
p 2 0 197 723 3110 366
p 2 0 192 728 3083 354
p 2 0 211 709 3251 383
p 2 0 192 728 2896 357
p 2 0 211 709 3217 373
p 2 0 209 711 3031 374
p 2 0 202 718 3040 365
p 2 0 195 725 2965 363
p 2 0 213 707 3238 384
p 2 0 198 722 3010 357
p 2 0 200 720 3003 365
p 2 0 199 721 3147 371
p 2 0 198 722 3086 369
p 2 0 215 705 3187 385
p 2 0 184 736 2994 352
p 2 0 203 717 3102 374
p 2 0 208 712 3067 374
p 2 0 201 719 3280 371
p 2 0 191 729 3005 361
p 2 0 197 723 3142 365
p 2 0 211 709 3053 375
p 2 0 217 703 3273 381
p 2 0 206 714 2942 368
p 2 0 213 707 3143 378
p 2 0 203 717 3123 371
p 2 0 207 713 3277 381
p 2 0 199 721 3011 368
p 2 0 191 729 3081 360
p 2 0 212 708 3062 377
p 2 0 216 704 3285 386
p 2 0 190 730 2958 352
p 2 0 202 718 3123 363
p 2 0 200 720 3057 366
p 2 0 210 710 3243 379
p 2 0 207 713 3028 373
p 2 0 180 740 3052 345
p 2 0 222 698 3148 382
p 2 0 210 710 3245 373
p 2 0 194 726 3035 362
p 2 0 206 714 3144 367
p 2 0 201 719 3127 371
p 2 0 212 708 3193 378
p 2 0 200 720 3115 370
p 2 0 197 723 3081 362
p 2 0 224 696 3159 388
p 2 0 211 709 3280 383
p 2 0 190 730 2971 359
p 2 0 203 717 3148 370
p 2 0 202 718 3114 370
p 2 0 219 701 3281 388
p 2 0 194 726 2953 358
p 2 0 198 722 3169 368
p 2 0 201 719 3072 370
p 2 0 194 726 3118 361
p 2 0 202 718 3025 365
p 2 0 206 714 3195 368
p 2 0 194 726 3138 368
p 2 0 222 698 3346 399
p 2 0 212 708 3058 384
p 2 0 190 730 3050 355
p 2 0 202 718 3074 368
p 2 0 213 707 3368 383
p 2 0 204 716 2881 366
p 2 0 192 728 3034 353
p 2 0 209 711 3144 373
p 2 0 208 712 3241 379
p 2 0 204 716 2939 369
p 2 0 189 731 3133 356
p 2 0 212 708 3069 379
p 2 0 212 708 3251 379
p 2 0 189 731 2901 350
p 2 0 198 722 3204 368
p 2 0 196 724 3065 365
p 2 0 209 711 3258 384
p 2 0 191 729 3104 369
p 2 0 198 722 3177 366
p 2 0 207 713 3144 378
p 2 0 199 721 3235 364
p 2 0 189 731 3002 359
p 2 0 199 721 3146 364
p 2 0 213 707 3225 381
p 2 0 206 714 3042 376
p 2 0 199 721 3202 371
p 2 0 200 720 3185 365
p 2 0 210 710 3080 376
p 2 0 197 723 3199 366
p 2 0 215 705 3176 385
p 2 0 200 720 3241 370
p 2 0 201 719 3107 374
p 2 0 215 705 3203 375
p 2 0 203 717 3074 364
p 2 0 200 720 3347 378
p 2 0 209 711 2951 374
p 2 0 199 721 3342 367
p 2 0 200 720 3136 367
p 2 0 211 709 3226 378
p 2 0 207 713 3047 372
p 2 0 196 724 3186 365
p 2 0 202 718 3209 374
p 2 0 192 728 3167 364
p 2 0 226 694 3222 391
p 2 0 197 723 3158 365
p 2 0 194 726 3266 374
p 2 0 193 727 3104 362
p 2 0 212 708 3237 382
p 2 0 205 715 3069 369
p 2 0 207 713 3351 386
p 2 0 205 715 2892 364
p 2 0 197 723 3274 373
p 2 0 198 722 3063 369
p 2 0 208 712 3320 380
p 2 0 186 734 2952 347
p 2 0 214 706 3224 385
p 2 0 207 713 3230 375
p 2 0 196 724 3117 360
p 2 0 196 724 3204 363
p 2 0 215 705 3207 388
p 2 0 210 710 3353 379
p 2 0 197 723 3101 368
p 2 0 203 717 3158 370
p 2 0 194 726 3111 359
p 2 0 207 713 3357 382
p 2 0 200 720 3046 365
p 2 0 201 719 3187 369
p 2 0 213 707 3302 381
p 2 0 203 717 3078 366
p 2 0 203 717 3216 382
p 2 0 207 713 3228 376
p 2 0 200 720 3090 371
p 2 0 185 735 3202 351
p 2 0 208 712 3230 378
p 2 0 204 716 3317 381
p 2 0 190 730 3042 355
p 2 0 200 720 3263 371
p 2 0 208 712 3222 382
p 2 0 214 706 3308 382
p 2 0 213 707 3054 380
p 2 0 192 728 3188 357
p 2 0 208 712 3189 380
p 2 0 208 712 3389 376
p 2 0 201 719 3143 369
p 2 0 195 725 3202 358
p 2 0 185 735 3146 355
p 2 0 214 706 3452 385
p 2 0 204 716 3524 379
p 2 0 192 728 3057 359
p 2 0 205 715 3734 386
p 2 0 211 709 3118 378
p 2 0 202 718 3054 365
p 2 0 195 725 3605 370
p 2 0 219 701 2939 388
p 2 0 211 709 3179 373
p 2 0 196 724 3453 376
p 2 0 197 723 3114 367
p 2 0 209 711 3140 378
p 2 0 221 699 3336 387
p 2 0 192 728 3032 361
p 2 0 193 727 3247 361
p 2 0 219 701 3198 388
p 2 0 204 716 3370 379
p 2 0 210 710 3139 378
p 2 0 198 722 3319 364
p 2 0 210 710 3220 382
p 2 0 209 711 3391 383
p 2 0 207 713 3235 374
p 2 0 202 718 3289 367
p 2 0 206 714 3239 379
p 2 0 209 711 3474 385
i 2 920 0 0 35327 4666
p 2 1 636 283 3525 945
p 2 5 736 179 10271 1284
p 2 0 664 256 3098 927
p 2 9 739 172 10285 1314
p 2 0 699 221 3420 987
p 2 5 705 210 10377 1249
p 2 0 662 258 2799 903
p 2 6 720 194 10828 1291
p 2 0 683 237 3192 950
p 2 12 709 199 11554 1299
p 2 0 678 242 3036 924
p 2 18 703 199 11684 1384
p 2 1 686 233 3291 1009
p 2 20 686 214 13998 1388
p 2 0 650 270 2982 881
p 2 27 689 204 15575 1438
p 2 0 665 255 3223 936
p 2 15 685 220 13660 1370
p 2 2 618 300 3228 894
p 2 32 643 245 15076 1472
p 2 0 614 306 3100 865
p 2 0 588 332 2556 791
p 2 1 553 366 2755 778
p 2 1 535 384 2547 746
p 2 0 489 431 2565 716
p 2 0 560 360 2713 776
p 2 0 496 424 2342 700
p 2 0 502 418 2140 681
p 2 0 519 401 2432 720
p 2 0 490 430 2276 690
p 2 0 454 466 2272 660
p 2 1 507 412 2721 739
p 2 0 490 430 2743 730
p 2 0 534 386 2863 764
p 2 5 658 257 9929 1064
p 2 0 593 327 3106 821
p 2 2 676 242 9658 1077
p 2 0 592 328 3189 822
p 2 0 676 244 8650 1047
p 2 0 617 303 2712 820
p 2 4 638 278 8252 1009
p 2 0 599 321 2682 808
p 2 0 559 361 2431 755
p 2 0 559 361 2505 765
p 2 28 664 228 13043 1332
p 2 25 683 212 11667 1300
p 2 10 669 241 9305 1140
p 2 2 684 234 8683 1091
p 2 0 645 275 3065 894
p 2 2 657 261 8182 1044
p 2 1 707 212 4203 987
p 2 1 707 212 8978 1137
p 2 0 688 232 4345 963
p 2 0 630 290 2930 857
p 2 0 629 291 4142 896
p 2 0 546 374 2191 737
p 2 0 597 323 4477 876
p 2 0 582 338 4254 855
p 2 0 560 360 2640 773
p 2 0 601 319 4228 858
p 2 0 531 389 2353 725
p 2 0 574 346 3678 822
p 2 0 598 322 2517 805
i 2 920 0 0 11980 2948
p 2 0 283 637 2691 445
p 2 0 286 634 2877 441
p 2 0 283 637 3052 449
p 2 0 287 633 2968 446
p 2 0 286 634 3221 452
p 2 0 291 629 3126 451
p 2 0 286 634 3061 464
p 2 0 285 635 3238 461
p 2 0 286 634 3331 469
p 2 0 287 633 3248 462
p 2 0 286 634 3267 461
p 2 0 287 633 3130 457
p 2 0 289 631 3069 461
p 2 0 285 635 2925 461
p 2 0 289 631 2968 466
p 2 0 287 633 2965 461
p 2 0 285 635 2976 463
p 2 0 284 636 2953 451
p 2 0 289 631 3055 462
p 2 0 286 634 3031 455
p 2 0 288 632 3152 466
p 2 0 283 637 3150 462
p 2 0 284 636 3241 460
p 2 0 284 636 3360 469
p 2 0 282 638 3478 462
p 2 0 282 638 3517 461
p 2 0 282 638 3426 464
p 2 0 288 632 3259 463
p 2 0 284 636 3174 462
p 2 0 286 634 3150 464
p 2 0 286 634 3104 466
p 2 0 287 633 3268 467
p 2 0 287 633 3491 476
p 2 0 293 627 3368 473
p 2 0 289 631 3350 468
p 2 0 292 628 3288 466
p 2 0 287 633 3301 468
p 2 0 293 627 3382 474
p 2 0 286 634 3368 462
p 2 0 294 626 3308 478
p 2 0 284 636 3213 468
p 2 0 288 632 3128 459
p 2 0 284 636 3102 458
p 2 0 288 632 3027 465
p 2 0 284 636 3052 462
p 2 0 285 635 3025 457
p 2 0 283 637 2971 467
p 2 0 293 627 2888 468
p 2 0 282 638 3010 459
p 2 0 288 632 2840 458
p 2 0 286 634 2858 470
p 2 0 290 630 2972 464
p 2 0 287 633 3063 463
p 2 0 290 630 3155 465
p 2 0 284 636 3182 455
p 2 0 288 632 3215 472
p 2 0 285 635 3276 471
p 2 0 285 635 3423 484
p 2 0 284 636 3327 471
p 2 0 284 636 3342 463
p 2 0 284 636 3397 463
p 2 0 288 632 3400 469
p 2 0 282 638 3399 469
p 2 0 285 635 3501 472
p 2 0 283 637 3578 473
p 2 0 287 633 3633 469
p 2 0 287 633 3481 468
p 2 0 291 629 3235 467
p 2 0 282 638 3031 468
p 2 0 290 630 3008 469
p 2 0 287 633 3169 465
p 2 0 290 630 3166 471
p 2 0 285 635 3513 462
p 2 0 290 630 3640 478
p 2 0 286 634 3781 483
p 2 0 286 634 3662 481
p 2 0 285 635 3567 473
p 2 0 286 634 3304 467
p 2 0 285 635 3119 467
p 2 0 289 631 3273 478
p 2 0 286 634 3137 477
p 2 0 286 634 3235 480
p 2 0 284 636 3367 475
p 2 0 289 631 3562 471
p 2 0 289 631 3792 484
p 2 0 286 634 3859 475
p 2 0 287 633 3939 478
p 2 0 291 629 3718 486
p 2 0 289 631 3570 478
p 2 0 290 630 3385 467
p 2 0 290 630 3520 477
p 2 0 291 629 3645 478
p 2 0 288 632 3688 479
p 2 0 291 629 3727 476
p 2 0 284 636 3793 477
p 2 0 291 629 3903 478
p 2 0 286 634 3812 469
p 2 0 286 634 3661 473
p 2 0 287 633 3622 475
p 2 0 286 634 3644 475
p 2 0 287 633 3712 487
p 2 0 288 632 3631 475
p 2 0 286 634 3656 477
p 2 0 291 629 3594 476
p 2 0 288 632 3572 478
p 2 0 290 630 3606 485
p 2 0 290 630 3633 494
p 2 0 288 632 3740 490
p 2 0 285 635 3766 477
p 2 0 284 636 3689 479
p 2 0 287 633 3875 487
p 2 0 292 628 3681 482
p 2 0 288 632 3692 481
p 2 0 292 628 3731 477
p 2 0 290 630 3634 474
p 2 0 289 631 3857 474
p 2 0 288 632 3573 469
p 2 0 286 634 3272 467
p 2 0 291 629 3292 477
p 2 0 288 632 3282 475
p 2 0 292 628 3106 476
p 2 0 286 634 3272 478
p 2 0 292 628 3273 480
p 2 0 292 628 3429 477
p 2 0 291 629 3458 478
p 2 0 286 634 3449 473
p 2 0 291 629 3359 481
p 2 0 288 632 3128 474
p 2 0 287 633 3353 473
p 2 0 282 638 3285 472
p 2 0 287 633 3363 477
p 2 0 282 638 3628 477
p 2 0 285 635 3494 475
p 2 0 284 636 3337 463
p 2 0 290 630 3211 469
p 2 0 285 635 3195 472
p 2 0 290 630 3272 473
p 2 0 284 636 3275 473
p 2 0 284 636 3348 481
p 2 0 287 633 3494 472
p 2 0 284 636 3434 477
p 2 0 288 632 3431 482
p 2 0 290 630 3325 477
p 2 0 284 636 3282 480
p 2 0 286 634 3211 480
p 2 0 285 635 3026 469
p 2 0 288 632 3078 469
p 2 0 287 633 3188 471
p 2 0 286 634 3190 468
p 2 0 287 633 3171 466
p 2 0 285 635 3065 464
p 2 0 286 634 3162 464
p 2 0 286 634 3029 468
p 2 0 286 634 3106 466
p 2 0 287 633 3200 467
p 2 0 286 634 2906 461
p 2 0 288 632 3071 464
p 2 0 284 636 3161 470
p 2 0 286 634 3151 468
p 2 0 284 636 3253 459
p 2 0 284 636 3181 469
p 2 0 287 633 3029 462
p 2 0 284 636 2846 463
p 2 0 287 633 2972 474
p 2 0 287 633 2929 453
p 2 0 285 635 2971 462
p 2 0 284 636 3021 456
p 2 0 285 635 3017 466
p 2 0 285 635 3050 465
p 2 0 284 636 3036 456
p 2 0 284 636 3025 448
p 2 0 286 634 2923 460
p 2 0 286 634 2910 460
p 2 0 284 636 2927 461
p 2 0 284 636 3066 460
p 2 0 286 634 3212 466
p 2 0 287 633 3256 454
p 2 0 286 634 3302 460
p 2 0 288 632 3297 466
p 2 0 288 632 3269 457
p 2 0 286 634 3193 457
p 2 0 289 631 3062 455
p 2 0 285 635 2904 462
p 2 0 287 633 2904 465
p 2 0 285 635 2803 448
p 2 0 286 634 2882 450
p 2 0 285 635 3078 456
p 2 0 287 633 3286 455
p 2 0 286 634 3348 459
p 2 0 291 629 3354 458
p 2 0 286 634 3240 450
p 2 0 286 634 3174 451
p 2 0 285 635 2895 446
p 2 0 292 628 2735 448
p 2 0 285 635 2848 452
p 2 0 290 630 2840 461
p 2 0 286 634 2997 449
p 2 0 284 636 3027 444
p 2 0 282 638 3110 439
p 2 0 292 628 3173 457
p 2 0 287 633 3305 462
p 2 0 290 630 3228 450
p 2 0 286 634 3209 457
p 2 0 286 634 3077 453
p 2 0 285 635 2812 448
p 2 0 286 634 2775 444
p 2 0 286 634 2698 450
p 2 0 290 630 2632 450
p 2 0 285 635 2736 442
p 2 0 287 633 2901 456
p 2 0 284 636 2874 455
p 2 0 287 633 2646 451
p 2 0 291 629 2512 452
p 2 0 284 636 2526 445
p 2 0 284 636 2408 435
p 2 0 286 634 2458 439
p 2 0 285 635 2602 448
p 2 0 286 634 2703 449
p 2 0 285 635 2536 446
p 2 0 285 635 2451 438
p 2 0 283 637 2238 437
p 2 0 284 636 2276 436
i 2 920 0 0 19828 3628
p 2 0 866 54 4290 1182
p 2 0 858 62 3473 1138
p 2 0 850 70 3452 1146
p 2 0 856 64 3357 1129
p 2 0 845 75 3402 1129
p 2 0 853 67 3442 1123
p 2 0 852 68 3524 1121
p 2 0 855 65 3593 1138
p 2 0 858 62 3703 1155
p 2 0 855 65 3365 1130
p 2 0 879 41 4102 1283
p 2 0 857 63 3648 1183
p 2 0 866 54 3494 1185
p 2 0 869 51 3883 1182
p 2 0 887 33 3622 1218
p 2 0 860 60 3383 1134
p 2 0 871 49 3524 1188
p 2 0 848 72 3258 1119
p 2 0 872 48 3376 1180
p 2 0 846 74 3176 1096
p 2 0 873 47 3298 1179
p 2 0 852 68 3202 1109
p 2 0 830 90 2778 1088
p 2 0 875 45 3597 1146
p 2 0 867 53 3324 1196
p 2 0 850 70 3049 1118
p 2 0 845 75 2871 1115
p 2 0 844 76 2852 1099
p 2 0 883 37 3093 1159
p 2 0 880 40 3343 1163
p 2 0 860 60 2812 1139
p 2 0 864 56 3037 1116
p 2 0 841 79 2737 1110
p 2 0 863 57 2939 1105
p 2 0 881 39 3124 1202
p 2 0 852 68 2669 1092
p 2 0 857 63 2585 1118
p 2 0 902 18 9881 1585
p 2 0 890 30 3676 1283
p 2 0 849 71 2961 1129
p 2 0 894 26 8014 1435
p 2 0 867 53 3283 1154
p 2 0 890 30 3447 1243
p 2 0 905 15 8020 1443
p 2 0 913 7 3631 1286
p 2 0 876 44 2756 1130
p 2 0 882 38 2820 1159
p 2 0 869 51 2676 1120
p 2 0 872 48 2626 1154
p 2 0 817 103 2410 1064
p 2 0 900 20 3334 1247
p 2 0 849 71 2642 1103
p 2 0 866 54 2310 1117
p 2 0 862 58 2852 1111
p 2 0 874 46 2601 1154
p 2 47 862 11 15279 2323
p 2 0 904 16 3742 1389
p 2 20 891 9 13989 2063
p 2 0 889 31 3082 1255
p 2 62 855 3 18325 2469
p 2 0 860 60 2995 1288
p 2 49 850 21 16765 2377
p 2 0 857 63 2782 1193
p 2 19 895 6 17022 2268
p 2 0 874 46 3106 1303
p 2 33 885 2 17651 2260
p 2 0 890 30 3630 1349
p 2 2 862 56 4276 1228
p 2 2 875 43 4765 1283
p 2 2 881 37 5982 1254
p 2 3 903 14 6392 1312
p 2 2 881 37 6579 1276
p 2 0 891 29 6386 1274
p 2 0 889 31 6715 1284
p 2 0 900 20 7248 1322
p 2 0 878 42 6872 1250
p 2 0 904 16 7385 1336
p 2 0 877 43 7476 1278
p 2 0 899 21 7195 1340
p 2 24 877 19 15777 1883
p 2 0 878 42 3350 1181
p 2 0 866 54 4728 1192
p 2 1 897 22 5858 1323
p 2 2 883 35 6625 1300
p 2 0 895 25 7691 1352
p 2 1 887 32 8180 1360
p 2 3 886 31 8583 1385
p 2 3 893 24 8982 1393
p 2 2 900 18 9311 1452
p 2 0 892 28 9692 1424
p 2 0 900 20 9914 1462
p 2 28 882 10 17720 1995
p 2 215 705 0 23316 3255
p 2 205 715 0 22837 3273
p 2 204 716 0 20935 3239
p 2 266 654 0 18843 3359
p 2 288 632 0 16210 3351
p 2 349 571 0 12813 3311
p 2 383 537 0 9112 3189
p 2 920 0 0 3131 3131
p 2 0 0 920 137 137
i 2 920 0 0 4298 2754
p 2 564 356 0 9001 3296
p 2 307 613 0 12444 3122
p 2 231 689 0 14891 3060
p 2 191 729 0 17401 3043
p 2 158 762 0 18888 2963
p 2 131 789 0 20620 2976
p 2 94 826 0 22468 2888
p 2 0 920 0 6687 1347
p 2 0 918 2 6511 1257
p 2 0 920 0 6754 1281
p 2 0 920 0 6958 1257
p 2 0 920 0 6734 1258
p 2 0 919 1 6823 1236
p 2 0 919 1 6999 1229
p 2 0 920 0 7345 1254
p 2 0 918 2 6913 1253
p 2 0 919 1 7023 1238
p 2 0 920 0 7182 1231
p 2 0 920 0 7677 1266
p 2 1 919 0 7200 1269
p 2 0 920 0 7314 1240
p 2 0 920 0 7280 1239
p 2 0 919 1 7747 1268
p 2 0 920 0 7136 1273
p 2 0 920 0 7751 1281
p 2 0 920 0 7261 1274
p 2 0 920 0 7528 1272
p 2 0 920 0 7765 1265
p 2 1 919 0 7452 1278
p 2 0 920 0 7707 1273
p 2 0 920 0 7773 1280
p 2 0 919 1 7495 1282
p 2 0 920 0 7709 1275
p 2 0 919 1 7727 1260
p 2 0 920 0 7537 1256
p 2 1 919 0 7716 1267
p 2 0 920 0 8065 1289
p 2 0 920 0 7655 1294
p 2 0 920 0 7833 1277
p 2 0 919 1 8149 1262
p 2 0 919 1 7838 1266
p 2 0 920 0 8016 1283
p 2 0 919 1 8164 1295
p 2 1 919 0 8330 1272
p 2 1 918 1 8082 1275
p 2 2 917 1 7962 1270
p 2 0 916 4 8415 1271
p 2 0 920 0 7974 1283
p 2 1 917 2 8574 1294
p 2 0 919 1 8104 1279
p 2 0 918 2 8544 1281
p 2 0 919 1 8296 1287
p 2 0 919 1 8715 1293
p 2 0 918 2 8227 1286
p 2 0 919 1 8598 1276
p 2 0 917 3 8574 1265
p 2 0 919 1 9026 1273
p 2 0 917 3 8477 1266
p 2 1 918 1 9080 1300
p 2 1 915 4 8829 1286
p 2 0 917 3 8961 1283
p 2 0 918 2 8461 1266
p 2 0 919 1 8990 1310
p 2 0 920 0 9410 1285
p 2 0 919 1 8666 1277
p 2 1 919 0 8900 1285
p 2 1 919 0 9211 1318
p 2 3 917 0 8573 1320
p 2 0 920 0 8604 1282
p 2 1 918 1 8816 1269
p 2 0 920 0 8255 1260
p 2 0 919 1 8802 1279
p 2 1 919 0 9114 1305
p 2 0 920 0 8709 1299
p 2 0 919 1 8673 1273
p 2 0 920 0 9080 1248
p 2 1 919 0 8361 1255
p 2 0 920 0 8716 1249
p 2 0 920 0 9075 1273
p 2 0 919 1 8727 1281
p 2 0 920 0 8978 1280
p 2 0 919 1 8755 1245
p 2 0 920 0 9187 1281
p 2 0 919 1 8559 1269
p 2 2 918 0 8813 1260
p 2 0 920 0 8900 1256
p 2 0 920 0 9306 1287
p 2 1 919 0 8684 1285
p 2 0 920 0 8894 1260
p 2 0 920 0 8932 1257
p 2 1 919 0 9218 1263
p 2 0 919 1 8617 1251
p 2 0 919 1 8879 1278
p 2 0 920 0 9047 1252
p 2 0 920 0 8394 1242
p 2 1 919 0 8928 1265
p 2 0 920 0 9033 1270
p 2 0 920 0 9060 1279
p 2 0 919 1 9060 1272
p 2 0 920 0 8790 1272
p 2 0 920 0 9046 1283
p 2 0 919 1 9083 1278
p 2 0 920 0 9150 1290
p 2 0 920 0 8750 1276
p 2 1 918 1 8748 1280
p 2 0 920 0 8818 1274
p 2 0 920 0 8174 1252
p 2 0 920 0 8671 1272
p 2 0 920 0 8639 1286
p 2 0 920 0 8330 1294
p 2 0 920 0 8532 1297
p 2 0 920 0 8564 1281
p 2 0 920 0 7929 1267
p 2 0 920 0 8334 1286
p 2 0 920 0 8384 1292
p 2 0 920 0 8693 1274
p 2 1 919 0 8034 1261
p 2 0 920 0 8480 1275
p 2 0 920 0 8463 1266
p 2 0 919 1 8199 1287
p 2 2 918 0 8094 1258
p 2 0 917 3 8515 1236
p 2 0 920 0 7957 1226
p 2 0 919 1 8399 1240
p 2 1 919 0 7915 1252
p 2 1 919 0 8230 1254
p 2 1 919 0 8086 1254
p 2 0 917 3 7914 1260
p 2 2 918 0 8066 1240
p 2 0 920 0 7686 1261
p 2 1 919 0 7692 1256
p 2 0 920 0 8052 1268
p 2 0 920 0 7903 1234
p 2 0 916 4 8557 1247
p 2 1 918 1 7934 1238
p 2 1 919 0 8486 1250
p 2 0 919 1 7950 1217
p 2 1 918 1 8385 1254
p 2 0 920 0 8516 1229
p 2 0 920 0 8031 1222
p 2 0 920 0 8324 1211
p 2 0 918 2 8418 1219
p 2 0 918 2 8042 1181
p 2 1 919 0 8297 1205
p 2 1 917 2 8407 1194
p 2 1 919 0 8229 1221
p 2 5 914 1 8461 1208
p 2 0 920 0 8526 1204
p 2 2 917 1 8112 1176
p 2 2 918 0 8031 1197
p 2 1 915 4 8671 1191
p 2 0 919 1 8247 1206
p 2 0 920 0 8772 1207
p 2 0 918 2 8574 1210
p 2 0 918 2 8920 1205
p 2 0 920 0 8210 1196
p 2 0 918 2 8345 1201
p 2 0 919 1 8622 1193
p 2 0 919 1 7996 1158
p 2 0 917 3 8399 1171
p 2 0 919 1 8091 1175
p 2 1 919 0 8167 1168
p 2 0 918 2 8766 1189
p 2 0 916 4 8280 1200
p 2 0 919 1 8594 1167
p 2 0 920 0 8490 1184
p 2 0 919 1 8881 1184
p 2 1 919 0 8546 1196
p 2 0 918 2 8979 1189
p 2 0 917 3 8950 1233
p 2 1 919 0 9012 1215
p 2 0 920 0 9205 1190
p 2 0 920 0 8838 1159
p 2 1 919 0 8935 1191
p 2 3 914 3 9505 1212
p 2 0 920 0 9123 1220
p 2 1 916 3 9128 1197
p 2 0 918 2 9502 1174
p 2 0 916 4 9043 1153
p 2 0 911 9 9108 1166
p 2 1 916 3 9679 1192
p 2 0 918 2 9274 1187
p 2 1 917 2 9286 1173
p 2 2 916 2 9457 1173
p 2 0 913 7 9345 1150
p 2 0 917 3 9479 1160
p 2 0 916 4 10006 1172
p 2 0 918 2 9747 1206
p 2 1 914 5 9864 1186
p 2 1 915 4 10102 1196
p 2 0 918 2 9534 1168
p 2 0 917 3 10034 1185
p 2 1 918 1 10236 1203
p 2 0 919 1 10022 1198
p 2 1 915 4 10072 1197
p 2 0 919 1 10290 1195
p 2 0 916 4 10080 1181
p 2 1 914 5 10327 1180
p 2 0 919 1 10043 1172
p 2 0 919 1 10553 1194
p 2 1 917 2 9972 1182
p 2 0 917 3 10243 1213
p 2 1 917 2 10730 1203
p 2 0 917 3 10258 1201
p 2 0 919 1 10281 1194
p 2 0 920 0 10811 1177
p 2 0 917 3 10327 1191
p 2 0 916 4 10632 1194
p 2 0 916 4 11354 1207
p 2 0 913 7 10832 1226
p 2 0 918 2 10952 1226
p 2 0 919 1 10961 1228
p 2 1 918 1 11190 1234
p 2 0 916 4 11030 1210
p 2 0 920 0 10964 1200
p 2 0 917 3 10989 1216
p 2 0 918 2 11273 1230
p 2 0 920 0 11169 1237
p 2 0 919 1 11210 1232
p 2 0 917 3 11232 1215
p 2 0 919 1 11147 1217
p 2 0 919 1 11335 1217
p 2 0 918 2 11594 1240
p 2 0 920 0 11227 1237
p 2 0 920 0 11635 1229
p 2 0 918 2 11596 1227
p 2 0 920 0 11178 1207
p 2 0 920 0 11736 1236
p 2 0 919 1 11790 1250
p 2 0 919 1 11788 1263
p 2 1 919 0 11729 1271
p 2 0 919 1 11957 1259
p 2 0 919 1 11698 1251
p 2 0 919 1 11955 1277
p 2 0 918 2 12213 1290
p 2 0 919 1 11860 1303
p 2 0 919 1 12060 1285
p 2 0 920 0 12053 1277
p 2 0 917 3 11743 1245
p 2 0 919 1 11932 1277
p 2 0 919 1 12211 1290
p 2 0 919 1 11963 1302
p 2 0 920 0 12199 1309
p 2 0 919 1 12273 1281
p 2 0 919 1 11966 1285
p 2 0 920 0 12352 1302
p 2 0 920 0 12668 1324
p 2 0 920 0 12608 1332
p 2 0 920 0 12724 1320
p 2 0 918 2 12980 1312
p 2 0 920 0 12644 1314
p 2 0 920 0 13039 1310
p 2 0 919 1 13496 1326
p 2 0 916 4 13122 1321
p 2 0 919 1 13396 1320
p 2 0 918 2 13647 1303
p 2 0 914 6 13085 1299
p 2 0 918 2 13421 1302
p 2 0 918 2 13949 1335
p 2 0 917 3 13352 1316
p 2 0 918 2 13592 1326
p 2 0 913 7 13959 1316
p 2 0 920 0 13432 1337
p 2 0 913 7 13623 1303
p 2 0 916 4 14213 1333
p 2 0 916 4 13651 1324
p 2 0 918 2 13937 1332
p 2 0 916 4 14237 1322
p 2 0 920 0 14099 1350
p 2 0 918 2 14420 1323
p 2 0 919 1 14716 1351
p 2 0 920 0 14962 1331
p 2 0 920 0 15633 1363
p 2 22 898 0 15232 1444
p 2 3 916 1 15361 1369
p 2 1 919 0 15537 1361
p 2 0 920 0 15266 1352
p 2 3 917 0 15632 1358
p 2 1 919 0 15884 1376
p 2 0 920 0 15008 1348
p 2 0 920 0 15465 1352
p 2 1 919 0 15199 1348
p 2 0 920 0 16112 1367
p 2 2 918 0 14960 1358
p 2 0 917 3 15464 1342
p 2 0 920 0 15631 1345
p 2 1 918 1 14976 1352
p 2 0 920 0 15193 1351
p 2 0 919 1 15831 1374
p 2 0 920 0 15094 1346
p 2 1 919 0 15311 1363
p 2 0 920 0 15246 1331
p 2 0 920 0 14898 1340
p 2 0 920 0 14964 1326
p 2 0 919 1 15435 1345
p 2 1 919 0 14698 1334
p 2 0 920 0 15001 1344
p 2 1 918 1 15008 1340
p 2 0 920 0 14322 1323
p 2 0 920 0 14639 1336
p 2 0 920 0 14839 1355
p 2 0 919 1 14490 1339
p 2 0 920 0 14764 1330
p 2 0 920 0 14895 1309
p 2 3 916 1 14285 1335
p 2 1 919 0 14529 1326
p 2 1 918 1 14766 1349
p 2 1 919 0 14199 1338
p 2 0 918 2 14064 1336
p 2 1 919 0 14193 1318
p 2 0 918 2 13843 1329
p 2 2 914 4 13760 1322
p 2 0 917 3 13779 1325
p 2 1 916 3 13326 1329
p 2 0 918 2 13583 1322
p 2 2 913 5 13604 1318
p 2 1 914 5 13167 1316
p 2 2 916 2 13248 1331
p 2 0 919 1 13569 1341
p 2 0 917 3 13085 1318
p 2 1 917 2 13274 1352
p 2 1 918 1 13491 1334
p 2 0 920 0 12827 1335
p 2 1 919 0 12827 1333
p 2 0 919 1 13026 1335
p 2 1 917 2 12868 1336
p 2 0 920 0 12723 1341
p 2 0 920 0 12621 1302
p 2 1 918 1 12282 1308
p 2 0 920 0 12531 1328
p 2 0 920 0 12485 1327
p 2 0 920 0 12151 1336
p 2 1 919 0 12138 1336
p 2 1 917 2 12044 1318
p 2 0 918 2 11797 1310
p 2 0 918 2 11951 1327
p 2 1 919 0 12250 1351
p 2 2 918 0 11754 1369
p 2 0 920 0 12091 1338
p 2 0 919 1 11847 1331
p 2 0 920 0 11617 1340
p 2 1 918 1 11781 1364
p 2 1 919 0 11593 1354
p 2 1 919 0 11324 1336
p 2 0 920 0 11316 1336
p 2 1 918 1 11370 1335
p 2 1 919 0 11212 1330
p 2 1 918 1 11211 1325
p 2 0 918 2 11260 1332
p 2 0 919 1 10828 1336
p 2 0 916 4 10800 1323
p 2 2 917 1 10703 1326
p 2 0 919 1 10494 1319
p 2 0 920 0 10711 1313
p 2 0 920 0 10331 1314
p 2 0 919 1 10299 1324
p 2 1 918 1 10236 1322
p 2 2 917 1 10209 1314
p 2 0 920 0 9835 1294
p 2 1 919 0 9787 1317
p 2 1 919 0 10079 1339
p 2 0 919 1 9567 1328
p 2 2 917 1 9443 1309
p 2 0 919 1 9384 1287
p 2 0 918 2 9253 1284
p 2 1 919 0 9381 1310
p 2 1 919 0 9274 1325
p 2 0 920 0 9242 1318
p 2 0 920 0 8974 1303
p 2 0 918 2 9284 1321
p 2 1 919 0 9252 1342
p 2 0 920 0 8890 1328
p 2 0 920 0 8802 1311
p 2 1 919 0 8882 1300
p 2 0 919 1 8365 1275
p 2 3 917 0 8471 1301
p 2 0 920 0 8602 1292
p 2 0 920 0 8458 1304
p 2 0 920 0 8379 1299
p 2 0 918 2 8286 1305
p 2 1 919 0 8207 1295
p 2 0 920 0 8160 1277
p 2 0 920 0 7965 1275
p 2 0 920 0 8321 1313
p 2 0 920 0 8252 1310
p 2 1 918 1 8190 1319
p 2 0 920 0 8241 1307
p 2 0 920 0 8171 1287
p 2 1 919 0 8374 1309
p 2 1 919 0 7972 1308
p 2 0 920 0 7958 1274
p 2 1 919 0 8018 1307
p 2 1 918 1 8103 1320
p 2 0 920 0 7862 1337
p 2 0 920 0 7778 1308
p 2 1 918 1 7876 1330
p 2 1 919 0 7697 1344
p 2 0 919 1 7902 1325
p 2 1 919 0 7222 1299
p 2 2 917 1 7287 1339
p 2 0 920 0 7174 1309
p 2 0 920 0 7251 1301
p 2 2 918 0 6814 1317
p 2 1 919 0 6539 1312
p 2 0 920 0 6537 1276
p 2 1 919 0 6423 1287
p 2 0 920 0 6423 1254
p 2 0 920 0 6040 1280
p 2 1 918 1 6287 1286
p 2 0 920 0 5916 1245
p 2 1 919 0 5755 1261
p 2 0 920 0 5796 1289
p 2 0 920 0 5764 1285
p 2 0 920 0 6019 1305
p 2 1 919 0 5641 1288
p 2 2 918 0 5779 1314
p 2 0 919 1 5753 1299
p 2 0 920 0 5899 1322
p 2 0 920 0 5743 1313
p 2 1 919 0 5663 1278
p 2 2 917 1 5442 1283
p 2 0 920 0 5562 1291
p 2 1 919 0 5424 1311
p 2 0 920 0 5509 1302
p 2 1 919 0 5214 1312
p 2 0 920 0 5262 1319
p 2 0 920 0 5358 1336
p 2 0 919 1 5276 1338
p 2 0 918 2 5358 1346
p 2 1 918 1 5100 1330
p 2 0 918 2 5117 1343
p 2 0 920 0 4948 1314
p 2 0 920 0 4957 1325
p 2 0 920 0 4818 1314
p 2 0 920 0 4882 1334
p 2 0 920 0 4739 1320
p 2 0 920 0 4966 1325
p 2 1 918 1 4679 1308
p 2 2 917 1 4730 1311
p 2 1 919 0 4677 1285
p 2 0 920 0 4880 1315
p 2 1 918 1 4550 1275
p 2 2 918 0 4569 1288
p 2 0 920 0 4499 1286
p 2 0 920 0 4572 1278
p 2 1 919 0 4401 1258
p 2 0 920 0 4542 1277
p 2 0 920 0 4389 1284
p 2 0 919 1 4537 1293
p 2 0 919 1 4460 1285
p 2 0 920 0 4684 1310
p 2 0 920 0 4577 1306
p 2 0 920 0 4565 1299
p 2 0 920 0 4378 1275
p 2 0 920 0 4474 1294
p 2 0 920 0 4441 1299
p 2 0 919 1 4604 1305
p 2 0 920 0 4410 1299
p 2 0 917 3 4401 1314
p 2 0 920 0 4360 1282
p 2 0 918 2 4334 1292
p 2 0 920 0 4384 1291
p 2 1 919 0 4306 1295
p 2 0 918 2 4156 1258
p 2 0 920 0 4138 1263
p 2 0 919 1 4073 1264
p 2 0 920 0 4055 1262
p 2 0 920 0 4049 1256
p 2 1 918 1 4308 1296
p 2 0 920 0 4258 1288
p 2 1 918 1 3994 1268
p 2 0 918 2 4121 1285
p 2 0 917 3 3883 1246
p 2 0 920 0 3906 1251
p 2 0 919 1 4020 1275
p 2 0 917 3 4117 1266
p 2 0 920 0 3979 1249
p 2 0 920 0 3980 1242
p 2 1 918 1 4002 1251
p 2 1 917 2 4001 1233
p 2 1 917 2 3834 1225
p 2 1 918 1 3923 1234
p 2 0 920 0 3922 1250
p 2 0 919 1 3971 1233
p 2 2 918 0 3874 1258
p 2 1 917 2 3927 1262
p 2 1 918 1 3997 1276
p 2 0 917 3 3941 1266
p 2 0 920 0 3834 1266
p 2 0 919 1 4031 1288
p 2 0 920 0 3695 1272
p 2 1 918 1 3828 1274
p 2 0 920 0 3749 1286
p 2 0 917 3 3786 1256
p 2 0 920 0 3851 1285
p 2 0 919 1 3847 1275
p 2 0 920 0 3826 1288
p 2 0 918 2 3734 1284
p 2 0 920 0 3749 1289
p 2 0 918 2 3596 1278
p 2 0 920 0 3479 1268
p 2 0 919 1 3515 1249
p 2 0 920 0 3485 1273
p 2 0 920 0 3461 1281
p 2 0 919 1 3489 1300
p 2 0 920 0 3515 1294
p 2 1 919 0 3526 1338
p 2 1 919 0 3328 1273
p 2 0 920 0 3039 1242
p 2 0 919 1 3183 1262
p 2 0 918 2 3107 1257
p 2 0 918 2 3129 1238
p 2 0 920 0 3186 1250
p 2 0 920 0 3102 1235
i 2 920 0 0 29909 4310
p 2 0 324 596 555 462
p 2 0 296 624 485 430
p 2 0 151 769 317 285
p 2 0 144 776 288 273
p 2 0 99 821 258 233
p 2 0 98 822 245 227
p 2 0 59 861 208 194
p 2 0 51 869 201 186
p 2 0 91 829 245 224
p 2 0 67 853 213 199
p 2 0 58 862 220 194
p 2 0 88 832 243 216
p 2 0 29 891 180 168
p 2 0 70 850 222 203
p 2 0 43 877 195 179
p 2 0 34 886 177 169
p 2 0 57 863 219 193
p 2 0 60 860 205 193
p 2 0 20 900 165 156
p 2 0 38 882 187 173
p 2 0 34 886 177 169
p 2 0 28 892 174 163
p 2 0 43 877 189 175
p 2 0 38 882 185 173
p 2 0 20 900 156 155
p 2 0 39 881 188 173
p 2 0 51 869 197 186
p 2 0 27 893 175 164
p 2 0 47 873 202 182
p 2 0 38 882 186 174
p 2 0 33 887 178 169
p 2 0 37 883 190 172
p 2 0 32 888 167 164
p 2 0 26 894 167 162
p 2 0 30 890 177 165
p 2 0 45 875 193 180
p 2 0 49 871 179 178
p 2 0 29 891 175 165
p 2 0 32 888 171 167
p 2 0 18 902 154 153
p 2 0 22 898 171 157
p 2 0 22 898 163 158
p 2 0 16 904 156 152
p 2 0 27 893 179 162
p 2 0 29 891 171 163
p 2 0 22 898 159 156
p 2 0 14 906 150 149
p 2 0 37 883 190 173
p 2 0 30 890 174 165
p 2 0 105 815 308 238
p 2 0 619 301 7893 938
p 2 0 413 507 1108 538
p 2 0 672 248 8394 1031
p 2 0 509 411 1317 651
p 2 0 710 210 9174 1148
p 2 0 545 375 1439 702
p 2 0 725 195 10023 1196
p 2 0 581 339 1593 745
p 2 0 698 222 8293 1107
p 2 0 489 431 1371 645
p 2 0 661 259 7343 1001
p 2 0 502 418 1368 649
p 2 0 339 581 810 460
p 2 0 262 658 611 389
p 2 0 196 724 525 325
p 2 0 135 785 356 265
p 2 0 175 745 497 306
p 2 0 98 822 313 233
p 2 0 89 831 343 221
p 2 0 152 768 409 279
p 2 0 98 822 368 230
p 2 0 68 852 252 200
p 2 0 105 815 364 237
p 2 0 57 863 239 190
p 2 0 65 855 304 199
p 2 0 94 826 294 227
p 2 0 58 862 283 193
p 2 0 50 870 214 183
p 2 0 82 838 332 214
p 2 0 43 877 213 177
p 2 0 53 867 277 189
p 2 0 85 835 282 216
p 2 0 65 855 297 198
p 2 0 195 725 487 318
i 2 920 0 0 18696 3961
p 2 0 442 478 725 594
p 2 0 406 514 582 528
p 2 0 219 701 375 349
p 2 0 152 768 302 281
p 2 0 120 800 278 250
p 2 0 113 807 250 238
p 2 0 64 856 204 198
p 2 0 63 857 207 197
p 2 0 67 853 203 199
p 2 0 46 874 190 182
p 2 0 53 867 199 185
p 2 0 60 860 201 192
p 2 0 30 890 173 167
p 2 0 38 882 183 172
p 2 0 50 870 197 187
p 2 0 44 876 186 177
p 2 0 48 872 193 183
p 2 0 36 884 184 172
p 2 0 29 891 178 166
p 2 16 77 827 2638 366
p 2 0 64 856 276 201
p 2 0 60 860 239 194
p 2 28 125 767 4390 560
p 2 0 118 802 392 263
p 2 0 79 841 261 215
p 2 37 130 753 4619 613
p 2 0 102 818 350 246
p 2 0 95 825 299 235
p 2 29 151 740 4700 625
p 2 0 121 799 394 269
p 2 0 89 831 278 226
p 2 24 123 773 4293 564
p 2 0 129 791 399 278
p 2 0 94 826 293 237
p 2 4 143 773 2668 407
p 2 0 115 805 401 260
p 2 0 70 850 263 210
p 2 9 138 773 2623 442
p 2 0 96 824 348 241
p 2 0 57 863 356 202
p 2 0 81 839 281 213
p 2 0 57 863 283 193
p 2 0 89 831 296 226
p 2 30 334 556 6651 958
p 2 0 294 626 789 451
p 2 0 238 682 1000 411
p 2 85 326 509 7995 1236
p 2 0 290 630 793 449
p 2 0 226 694 621 380
p 2 162 286 472 11400 1716
p 2 0 279 641 692 432
p 2 0 228 692 490 373
p 2 165 273 482 10342 1588
p 2 0 307 613 671 460
p 2 0 234 686 476 374
p 2 195 298 427 11338 1788
p 2 0 325 595 744 477
p 2 0 240 680 489 380
p 2 148 384 388 11439 1737
p 2 0 374 546 896 541
p 2 0 309 611 634 453
p 2 60 431 429 9968 1479
p 2 0 366 554 907 540
p 2 0 283 637 583 430
i 2 920 0 0 18837 3977
p 2 0 488 432 782 632
p 2 0 421 499 623 546
p 2 140 361 419 7916 1571
p 2 0 380 540 718 526
p 2 0 264 656 498 399
p 2 23 279 618 3548 722
p 2 0 276 644 590 422
p 2 0 231 689 425 355
i 2 920 0 0 14247 3048
p 2 0 98 822 288 227
p 2 0 133 787 411 259
p 2 0 133 787 520 261
p 2 0 144 776 638 271
p 2 0 157 763 774 286
p 2 0 148 772 745 280
p 2 0 159 761 829 288
p 2 0 145 775 842 277
p 2 0 166 754 913 295
p 2 0 156 764 933 286
p 2 0 160 760 927 286
p 2 0 161 759 1041 293
p 2 0 178 742 1108 309
p 2 0 166 754 1018 296
p 2 0 166 754 989 293
p 2 0 169 751 969 295
p 2 0 185 735 1060 316
p 2 0 179 741 1050 309
p 2 0 172 748 1046 300
p 2 0 162 758 1006 291
p 2 0 168 752 1104 302
p 2 0 174 746 1133 309
p 2 0 171 749 1083 301
p 2 0 169 751 994 301
p 2 0 163 757 1054 299
p 2 0 176 744 1101 319
p 2 0 158 762 1039 293
p 2 0 163 757 1016 295
p 2 0 160 760 1033 291
p 2 0 174 746 1087 308
p 2 0 173 747 1176 307
p 2 0 166 754 1063 301
p 2 0 156 764 983 290
p 2 0 170 750 1079 306
p 2 0 175 745 1076 311
p 2 0 167 753 1094 299
p 2 0 173 747 1000 305
p 2 0 171 749 1188 310
p 2 0 180 740 1185 316
p 2 0 176 744 1074 310
p 2 0 163 757 1046 297
p 2 0 165 755 1129 304
p 2 0 164 756 1110 300
p 2 0 156 764 1001 293
p 2 0 182 738 1072 318
p 2 0 169 751 1139 302
p 2 0 169 751 1211 311
p 2 0 180 740 1087 315
p 2 0 172 748 1035 303
p 2 0 161 759 1064 301
p 2 0 161 759 1042 294
p 2 0 160 760 1035 290
p 2 0 160 760 1029 293
p 2 0 169 751 1090 307
p 2 0 177 743 1174 318
p 2 0 173 747 1126 307
p 2 0 165 755 990 299
p 2 0 167 753 1051 301
p 2 0 166 754 1103 306
p 2 0 165 755 1044 301
p 2 0 167 753 1072 302
p 2 0 164 756 1074 297
p 2 0 168 752 1117 302
p 2 0 167 753 1192 304
p 2 0 162 758 1072 294
p 2 0 166 754 1078 299
p 2 0 168 752 1015 302
p 2 0 167 753 1079 303
p 2 0 165 755 1101 297
p 2 0 170 750 1117 306
p 2 0 177 743 1164 310
p 2 0 171 749 1192 313
p 2 0 165 755 1099 300
p 2 0 162 758 1052 297
p 2 0 174 746 1082 312
p 2 0 170 750 1090 309
p 2 0 163 757 1083 297
p 2 0 162 758 1074 298
p 2 0 165 755 1097 299
p 2 0 176 744 1177 316
p 2 0 159 761 1093 293
p 2 0 158 762 1016 294
p 2 0 165 755 1088 302
p 2 0 169 751 1105 312
p 2 0 172 748 1067 306
p 2 0 172 748 1064 304
p 2 0 173 747 1181 307
p 2 0 168 752 1126 300
p 2 0 172 748 1081 302
p 2 0 170 750 1133 311
p 2 0 169 751 1118 308
p 2 0 174 746 1114 306
p 2 0 164 756 1046 298
p 2 0 172 748 1150 310
p 2 0 160 760 1157 304
p 2 0 180 740 1180 319
p 2 0 165 755 1079 301
p 2 0 181 739 1136 316
p 2 0 169 751 1119 305
p 2 0 164 756 1081 296
p 2 0 166 754 1069 296
p 2 0 173 747 1154 313
p 2 0 173 747 1139 311
p 2 0 172 748 1072 306
p 2 0 162 758 1076 296
p 2 0 170 750 1101 305
p 2 0 180 740 1148 314
p 2 0 162 758 1072 294
p 2 0 159 761 1074 293
p 2 0 177 743 1171 311
p 2 0 172 748 1165 312
p 2 0 172 748 1169 307
p 2 0 157 763 1047 290
p 2 0 157 763 1057 296
p 2 0 174 746 1125 310
p 2 0 169 751 1091 301
p 2 0 163 757 1047 297
p 2 0 171 749 1142 310
p 2 0 176 744 1232 317
p 2 0 172 748 1143 308
p 2 0 157 763 1060 293
p 2 0 171 749 1079 310
p 2 0 178 742 1148 316
p 2 0 159 761 1046 296
p 2 0 161 759 1056 297
p 2 0 158 762 1090 295
p 2 0 174 746 1155 313
p 2 0 172 748 1095 311
p 2 0 158 762 1004 294
p 2 0 161 759 1034 298
p 2 0 173 747 1134 314
p 2 0 181 739 1089 313
p 2 0 163 757 1088 299
p 2 0 166 754 1107 298
p 2 0 170 750 1145 308
p 2 0 172 748 1222 312
p 2 0 167 753 1037 300
p 2 0 174 746 1093 313
p 2 0 162 758 1069 298
p 2 0 164 756 1104 299
p 2 0 157 763 1064 293
p 2 0 164 756 1028 298
p 2 0 166 754 1085 299
p 2 0 175 745 1159 314
p 2 0 154 766 1104 287
p 2 0 162 758 1082 293
p 2 0 169 751 1101 309
p 2 0 169 751 1070 301
p 2 0 156 764 1051 289
p 2 0 171 749 1046 303
p 2 0 172 748 1143 309
p 2 0 167 753 1171 309
p 2 0 172 748 1118 309
p 2 0 165 755 1036 296
p 2 0 160 760 1088 296
p 2 0 164 756 1106 307
p 2 0 170 750 1047 308
p 2 0 166 754 1098 302
p 2 0 164 756 1069 296
p 2 0 156 764 1124 290
p 2 0 167 753 1216 308
p 2 0 173 747 1164 312
p 2 0 164 756 1056 296
p 2 0 176 744 1115 314
p 2 0 161 759 1025 291
p 2 0 161 759 1061 299
p 2 0 176 744 1193 319
p 2 0 167 753 1118 301
p 2 0 158 762 1027 292
p 2 0 153 767 1032 287
p 2 0 167 753 1130 308
p 2 0 170 750 1110 306
p 2 0 823 97 4079 882
p 2 0 828 92 5737 887
p 2 0 844 76 3618 919
p 2 0 848 72 5535 910
p 2 93 752 75 4710 1496
p 2 0 836 84 4969 954
p 2 0 850 70 5850 1092
p 2 0 841 79 4159 935
p 2 0 852 68 5369 1109
p 2 527 303 90 3895 2217
p 2 0 854 66 5166 965
p 2 0 842 78 5902 913
p 2 0 847 73 3752 967
p 2 0 844 76 5356 910
p 2 405 446 69 4432 2190
p 2 0 857 63 5082 942
p 2 0 862 58 5873 1019
p 2 0 840 80 5137 917
p 2 0 857 63 5420 1023
p 2 549 300 71 3868 2302
p 2 0 855 65 5057 955
p 2 0 842 78 5751 919
p 2 0 866 54 5230 958
p 2 0 839 81 5588 900
p 2 66 790 64 4373 1444
p 2 0 834 86 5075 941
p 2 0 860 60 5608 1178
p 2 0 836 84 4206 952
p 2 0 863 57 5708 1160
p 2 20 830 70 4462 1025
p 2 0 861 59 5063 1151
p 2 0 848 72 5543 974
p 2 0 865 55 5085 1141
p 2 0 861 59 5406 1027
p 2 91 771 58 4800 1480
p 2 0 846 74 5608 1069
p 2 1 859 60 5290 1261
p 2 0 841 79 4505 1059
p 2 0 878 42 6021 1410
p 2 0 849 71 4429 1116
p 2 0 858 62 4934 1268
p 2 0 848 72 5636 1088
p 2 0 864 56 5030 1276
p 2 0 848 72 5711 1075
p 2 0 863 57 4603 1281
p 2 0 843 77 5494 1040
p 2 3 869 48 5128 1288
p 2 0 840 80 4593 1026
p 2 1 872 47 6045 1479
p 2 1 838 81 4372 1146
p 2 0 870 50 5245 1324
p 2 3 838 79 5384 1072
p 2 0 880 40 5187 1302
p 2 0 836 84 5530 1076
p 2 0 868 52 4631 1243
p 2 0 839 81 5295 1027
p 2 93 773 54 5113 1478
p 2 0 852 68 4757 1011
p 2 0 880 40 5621 1260
p 2 0 839 81 4349 989
p 2 0 868 52 5310 1231
p 2 486 359 75 3743 2127
p 2 0 866 54 4906 1030
p 2 0 831 89 5471 910
p 2 0 862 58 4995 1012
p 2 0 840 80 4944 915
p 2 520 332 68 3623 2275
p 2 0 840 80 4888 921
p 2 0 871 49 5486 1035
p 2 0 844 76 4882 922
p 2 0 869 51 5292 1032
p 2 204 648 68 3768 1477
p 2 0 871 49 4751 1006
p 2 0 838 82 5453 908
p 2 0 872 48 4916 993
p 2 0 845 75 5252 910
p 2 88 785 47 3925 1368
p 2 0 854 66 5206 972
p 2 19 861 40 5274 1414
p 2 0 844 76 3751 1064
p 2 0 879 41 5457 1230
p 2 7 832 81 4227 1096
p 2 0 873 47 4502 1237
p 2 5 836 79 5325 1113
p 2 0 881 39 4933 1339
p 2 0 841 79 4989 1128
p 2 112 756 52 4581 1578
p 2 0 861 59 5095 1129
p 2 3 875 42 5205 1318
p 2 0 847 73 4547 1080
p 2 0 869 51 4853 1296
p 2 541 300 79 3424 2234
p 2 0 870 50 4926 993
p 2 19 818 83 4838 1026
p 2 0 868 52 3838 1015
p 2 0 845 75 5343 935
p 2 0 867 53 3302 1013
p 2 0 842 78 4688 916
p 2 0 869 51 5310 1096
p 2 0 852 68 4622 947
p 2 1 859 60 5457 1083
p 2 0 835 85 3318 926
p 2 0 891 29 4947 1104
p 2 546 288 86 3217 2252
p 2 0 877 43 4724 1030
p 2 0 860 60 5295 956
p 2 0 886 34 3303 1034
p 2 0 845 75 4672 922
p 2 537 341 42 3342 2361
p 2 0 842 78 4648 923
p 2 0 873 47 5294 997
p 2 0 841 79 3157 915
p 2 0 893 27 4782 1025
p 2 573 265 82 3150 2325
p 2 0 883 37 4520 1006
p 2 0 857 63 5221 916
p 2 0 878 42 4395 1004
p 2 0 842 78 4606 908
p 2 498 387 35 3481 2334
p 2 0 838 82 4058 921
p 2 3 887 30 5279 1026
p 2 0 848 72 4353 909
p 2 0 877 43 4815 1015
p 2 366 474 80 3444 1957
p 2 0 888 32 4562 1038
p 2 0 842 78 5207 939
p 2 0 889 31 4611 1033
p 2 0 841 79 5103 955
p 2 49 837 34 3499 1297
p 2 0 831 89 4500 916
p 2 0 886 34 5209 1103
p 2 0 831 89 4587 920
p 2 0 889 31 4925 1105
p 2 172 669 79 3616 1437
p 2 0 880 40 4588 1070
p 2 0 840 80 5052 978
p 2 0 889 31 4514 1104
p 2 0 836 84 4971 957
p 2 21 863 36 3787 1314
p 2 0 831 89 4740 1006
p 2 0 891 29 4986 1196
p 2 0 850 70 4605 1006
p 2 0 894 26 5119 1203
p 2 0 850 70 3642 1020
p 2 0 891 29 4749 1212
p 2 27 829 64 4877 1097
p 2 0 888 32 3881 1216
p 2 0 853 67 5060 1045
p 2 0 890 30 3760 1257
p 2 0 842 78 4817 1059
p 2 0 890 30 4636 1264
p 2 0 849 71 4641 1021
p 2 140 752 28 4812 1704
p 2 0 853 67 3586 1126
p 2 111 767 42 4913 1613
p 2 8 834 78 3469 1103
p 2 0 538 382 747 733
p 2 0 623 297 772 763
p 2 0 482 438 615 613
p 2 0 542 378 643 640
p 2 0 435 485 542 539
p 2 0 443 477 530 529
p 2 0 372 548 464 462
p 2 0 321 599 416 415
p 2 0 316 604 406 405
p 2 0 229 691 335 334
p 2 0 222 698 327 327
p 2 0 161 759 272 272
p 2 0 122 798 246 246
p 2 0 80 840 208 208
i 2 920 0 0 36831 4525
p 2 0 204 716 432 342
p 2 0 146 774 299 276
p 2 0 92 828 249 224
p 2 0 77 843 220 210
p 2 0 88 832 357 219
p 2 0 58 862 222 193
p 2 0 50 870 202 182
p 2 0 51 869 219 185
p 2 0 37 883 198 172
p 2 0 40 880 201 175
p 2 0 59 861 225 193
p 2 0 51 869 216 184
p 2 0 42 878 213 177
p 2 0 53 867 237 188
p 2 0 31 889 197 165
p 2 0 39 881 217 173
p 2 0 61 859 249 193
p 2 0 38 882 200 172
p 2 0 41 879 205 175
p 2 0 53 867 222 185
p 2 0 40 880 190 172
p 2 0 24 896 175 159
p 2 0 43 877 206 176
p 2 0 28 892 169 162
p 2 0 17 903 161 152
p 2 0 36 884 192 169
p 2 0 32 888 180 165
p 2 0 21 899 168 156
p 2 0 53 867 216 184
p 2 0 23 897 174 158
p 2 0 23 897 172 157
p 2 0 40 880 205 173
p 2 0 28 892 181 162
p 2 0 30 890 208 164
p 2 0 51 869 247 184
p 2 0 42 878 237 176
p 2 0 33 887 238 169
p 2 0 51 869 236 183
p 2 0 42 878 226 175
p 2 0 35 885 218 169
p 2 0 52 868 238 186
p 2 0 35 885 194 169
p 2 0 25 895 186 159
p 2 0 38 882 195 169
p 2 0 32 888 176 163
p 2 0 23 897 177 158
p 2 0 59 861 225 188
p 2 0 26 894 186 161
p 2 0 25 895 189 159
p 2 0 45 875 208 175
p 2 0 33 887 204 169
p 2 0 30 890 207 163
p 2 0 52 868 241 185
p 2 0 34 886 203 168
p 2 0 28 892 208 162
p 2 0 50 870 243 184
p 2 0 30 890 210 164
p 2 0 32 888 218 166
p 2 0 44 876 226 178
p 2 0 49 871 217 178
p 2 0 24 896 184 158
p 2 0 44 876 219 176
p 2 0 28 892 196 162
p 2 0 24 896 183 160
p 2 0 32 888 198 166
p 2 0 33 887 194 167
p 2 0 14 906 161 149
p 2 0 28 892 181 164
p 2 0 38 882 201 171
p 2 0 26 894 187 162
p 2 0 18 902 172 153
p 2 0 41 879 216 175
p 2 0 29 891 200 163
p 2 0 22 898 188 157
p 2 0 40 880 205 173
p 2 0 29 891 199 162
p 2 0 25 895 179 161
p 2 0 53 867 223 184
p 2 0 36 884 198 170
p 2 0 15 905 159 151
p 2 0 29 891 182 164
p 2 0 16 904 158 151
p 2 0 18 902 162 153
p 2 0 38 882 195 171
p 2 0 22 898 171 157
p 2 0 19 901 164 153
p 2 0 33 887 188 168
p 2 0 21 899 183 155
p 2 0 21 899 171 155
p 2 0 37 883 203 170
p 2 0 31 889 209 166
p 2 0 23 897 186 157
p 2 0 37 883 207 171
p 2 0 25 895 186 159
p 2 0 30 890 186 164
p 2 0 31 889 185 164
p 2 0 28 892 182 162
p 2 0 34 886 185 167
i 2 920 0 0 2596 2596
p 2 0 0 920 137 137
p 2 0 0 920 137 137
p 2 0 0 920 137 137
p 2 0 0 920 137 137
p 2 0 0 920 137 137
p 2 0 0 920 137 137
p 2 0 0 920 137 137
p 2 0 0 920 137 137
p 2 0 0 920 137 137
p 2 0 0 920 137 137
p 2 0 0 920 137 137
p 2 0 0 920 137 137
p 2 0 0 920 137 137
p 2 0 0 920 137 137
p 2 0 0 920 137 137
p 2 0 0 920 137 137
p 2 0 0 920 137 137
p 2 0 0 920 137 137
p 2 0 0 920 137 137
p 2 0 0 920 137 137
p 2 0 0 920 137 137
p 2 0 0 920 137 137
p 2 0 0 920 137 137
