# XviD 2pass stat file (core version 1.4.-127)
# Please do not modify this file

i 2 920 0 0 2596 2596
p 2 0 0 920 137 137
p 2 0 0 920 137 137
p 2 0 0 920 137 137
p 2 0 0 920 137 137
p 2 0 0 920 137 137
p 2 0 0 920 137 137
p 2 0 0 920 137 137
p 2 0 0 920 137 137
p 2 0 0 920 137 137
p 2 0 0 920 137 137
p 2 0 0 920 137 137
p 2 0 0 920 137 137
p 2 0 0 920 137 137
p 2 0 0 920 137 137
p 2 0 0 920 137 137
p 2 0 0 920 137 137
p 2 0 0 920 137 137
p 2 0 0 920 137 137
p 2 0 0 920 137 137
p 2 0 0 920 137 137
p 2 0 0 920 137 137
p 2 0 0 920 137 137
p 2 0 0 920 137 137
i 2 920 0 0 17640 3301
p 2 0 360 560 578 474
p 2 0 270 650 428 379
p 2 0 186 734 327 302
p 2 0 188 732 328 304
p 2 0 138 782 278 261
p 2 0 92 828 242 221
p 2 0 86 834 237 216
p 2 0 84 836 232 215
p 2 0 89 831 225 217
p 2 0 67 853 214 198
p 2 0 62 858 198 190
p 2 0 71 849 210 199
p 2 0 52 868 195 185
p 2 0 53 867 193 185
p 2 0 56 864 189 185
p 2 0 36 884 182 169
p 2 0 35 885 178 170
p 2 0 43 877 187 177
p 2 0 22 898 161 157
p 2 0 27 893 161 160
p 2 0 31 889 173 166
p 2 0 28 892 163 162
p 2 0 24 896 165 160
p 2 0 22 898 160 157
p 2 0 15 905 152 151
p 2 0 35 885 171 166
p 2 0 25 895 162 159
p 2 0 20 900 160 156
p 2 0 28 892 173 165
p 2 0 28 892 169 163
p 2 0 15 905 155 152
p 2 0 20 900 161 155
p 2 0 26 894 164 159
p 2 0 18 902 156 154
p 2 0 23 897 165 158
p 2 0 34 886 175 167
p 2 0 19 901 159 155
p 2 0 24 896 162 158
p 2 0 18 902 159 156
p 2 0 28 892 167 162
p 2 0 20 900 162 156
p 2 0 22 898 159 157
p 2 0 25 895 159 157
p 2 0 22 898 157 156
p 2 0 23 897 160 158
p 2 0 27 893 168 163
p 2 0 29 891 167 162
p 2 0 21 899 160 157
p 2 0 16 904 153 151
p 2 0 36 884 178 170
p 2 0 19 901 155 152
p 2 0 18 902 161 155
p 2 0 31 889 165 163
i 2 920 0 0 38085 3610
p 2 0 889 31 7267 1052
p 2 0 813 107 7795 979
p 2 0 817 103 7668 1005
p 2 0 796 124 8398 1000
p 2 0 791 129 8059 991
p 2 0 822 98 8210 1014
p 2 0 839 81 8557 1044
p 2 0 795 125 8289 1017
p 2 0 824 96 8336 1018
p 2 0 819 101 8394 1036
p 2 0 806 114 8477 1024
p 2 0 851 69 8475 1046
p 2 0 815 105 8488 1035
p 2 0 808 112 8335 1021
p 2 0 808 112 8483 1022
p 2 0 844 76 8578 1047
p 2 0 782 138 8483 1017
p 2 0 805 115 8379 1029
p 2 0 833 87 8407 1032
p 2 0 809 111 8415 1026
p 2 0 819 101 8328 1009
p 2 0 805 115 8506 1016
p 2 0 818 102 8512 1038
p 2 0 834 86 8499 1045
p 2 0 818 102 8543 1027
p 2 0 827 93 8356 1046
p 2 0 807 113 8378 1019
p 2 0 850 70 8487 1048
p 2 0 814 106 8629 1029
p 2 0 844 76 8483 1056
p 2 0 818 102 8476 1015
p 2 0 809 111 8429 1030
p 2 0 810 110 8561 1029
p 2 0 796 124 8216 1018
p 2 0 796 124 8405 1039
p 2 0 837 83 8488 1045
p 2 0 809 111 8440 1013
p 2 0 801 119 8467 1030
p 2 0 790 130 8493 1021
p 2 0 823 97 8603 1046
p 2 0 824 96 8724 1052
p 2 0 811 109 8417 1027
p 2 0 822 98 8506 1047
p 2 0 793 127 8558 1031
p 2 0 793 127 8586 1011
p 2 0 832 88 8489 1042
p 2 0 811 109 8620 1038
p 2 0 820 100 8648 1042
p 2 0 809 111 8610 1026
p 2 0 836 84 8560 1060
p 2 0 796 124 8578 1031
p 2 0 831 89 8498 1059
p 2 0 853 67 8604 1066
p 2 0 800 120 8639 1030
p 2 0 837 83 8491 1048
p 2 0 831 89 8762 1058
p 2 0 815 105 8604 1045
p 2 0 821 99 8456 1061
p 2 0 839 81 8563 1060
p 2 0 818 102 8459 1046
p 2 0 835 85 8521 1064
p 2 0 827 93 8677 1041
p 2 0 787 133 8570 1005
p 2 0 813 107 8379 1034
p 2 0 846 74 8656 1051
p 2 0 835 85 8670 1051
p 2 0 812 108 8487 1038
p 2 0 839 81 8523 1049
p 2 0 832 88 8490 1037
p 2 0 796 124 8432 1025
p 2 0 822 98 8493 1028
p 2 0 828 92 8547 1045
p 2 0 823 97 8631 1037
p 2 0 852 68 8833 1068
i 2 920 0 0 19750 3465
p 2 0 488 432 668 573
p 2 0 402 518 508 494
p 2 0 309 611 427 411
p 2 0 267 653 389 373
p 2 0 189 731 305 297
p 2 0 211 709 331 319
p 2 0 161 759 288 278
p 2 0 137 783 261 257
p 2 0 118 802 241 238
p 2 0 141 779 259 253
p 2 0 91 829 225 221
p 2 0 104 816 232 227
p 2 0 140 780 259 251
p 2 0 114 806 241 238
p 2 0 511 409 6416 805
p 2 0 389 531 813 488
p 2 0 234 686 522 353
p 2 0 507 413 6568 820
p 2 0 295 625 775 425
p 2 0 537 383 6748 851
p 2 0 434 486 5722 726
p 2 0 370 550 892 492
p 2 0 460 460 6332 718
p 2 0 355 565 843 470
p 2 0 230 690 462 335
p 2 0 238 682 450 341
p 2 0 154 766 342 276
p 2 0 179 741 370 290
p 2 0 121 799 297 243
p 2 0 219 701 481 340
i 2 920 0 0 18794 3426
p 2 0 524 396 686 601
p 2 0 466 454 577 555
p 2 0 330 590 431 423
p 2 0 311 609 418 402
p 2 0 268 652 373 359
p 2 11 276 633 2253 463
p 2 0 243 677 393 347
p 2 0 203 717 329 303
p 2 48 189 683 4712 616
p 2 0 211 709 407 320
p 2 0 149 771 290 271
p 2 29 224 667 5688 688
p 2 0 167 753 440 304
p 2 6 240 674 4742 630
p 2 0 218 702 478 344
p 2 7 249 664 5006 655
p 2 0 225 695 513 352
p 2 0 137 783 357 271
p 2 0 158 762 321 279
p 2 4 251 665 5217 570
p 2 0 191 729 494 316
p 2 15 220 685 7001 693
p 2 0 178 742 498 314
p 2 0 160 760 363 280
p 2 37 206 677 7407 761
p 2 0 228 692 533 347
p 2 0 177 743 338 290
p 2 63 243 614 7364 908
p 2 0 225 695 509 352
i 2 920 0 0 2596 2596
p 2 0 0 920 137 137
p 2 0 0 920 137 137
p 2 0 0 920 137 137
p 2 0 0 920 137 137
p 2 458 342 120 5857 2181
p 2 335 501 84 8808 2214
p 2 292 576 52 9962 2099
p 2 268 639 13 10887 2174
p 2 260 613 47 11207 2078
p 2 234 629 57 11696 2056
p 2 218 694 8 11916 2019
p 2 124 779 17 12493 1926
p 2 122 767 31 12447 1826
p 2 120 768 32 12463 1873
p 2 120 762 38 12607 1809
p 2 79 837 4 13305 1844
p 2 77 809 34 13028 1749
p 2 78 838 4 13515 1803
p 2 77 824 19 13513 1760
p 2 76 813 31 13421 1780
p 2 76 840 4 13473 1757
p 2 75 818 27 13467 1728
p 2 75 825 20 13445 1723
p 2 73 846 1 13907 1761
p 2 71 840 9 13474 1726
p 2 71 833 16 13668 1711
p 2 63 820 37 13576 1694
p 2 0 805 115 2966 1025
p 2 0 677 243 1888 817
p 2 0 648 272 1606 766
p 2 0 543 377 1385 663
p 2 0 447 473 1100 554
p 2 0 396 524 952 518
p 2 0 338 582 874 458
p 2 0 345 575 885 463
p 2 0 313 607 834 429
p 2 0 268 652 654 385
p 2 0 260 660 674 379
p 2 0 232 688 578 355
p 2 0 214 706 556 332
p 2 0 272 648 614 385
p 2 0 214 706 511 332
p 2 0 192 728 456 308
p 2 0 210 710 514 326
p 2 0 184 736 446 301
p 2 0 129 791 396 256
p 2 0 238 682 545 350
p 2 0 170 750 439 289
p 2 0 146 774 395 269
p 2 0 138 782 386 263
p 2 0 146 774 385 269
p 2 0 119 801 361 247
p 2 0 138 782 410 263
p 2 0 159 761 409 277
p 2 0 150 770 352 266
p 2 0 130 790 352 251
p 2 0 94 826 285 221
p 2 0 107 813 318 233
p 2 0 111 809 345 240
p 2 0 124 796 346 248
p 2 0 70 850 261 202
p 2 0 99 821 348 228
p 2 0 86 834 290 216
p 2 0 89 831 281 215
p 2 0 91 829 325 224
p 2 0 103 817 309 230
p 2 0 84 836 263 211
p 2 0 84 836 291 215
p 2 0 75 845 257 203
p 2 0 52 868 225 183
p 2 0 94 826 264 217
p 2 0 74 846 251 203
p 2 0 67 853 254 198
p 2 0 59 861 242 191
p 2 0 74 846 249 203
p 2 0 61 859 251 193
p 2 0 95 825 278 222
p 2 0 76 844 250 204
p 2 0 43 877 219 176
p 2 0 86 834 285 211
p 2 0 59 861 237 191
p 2 0 48 872 221 181
p 2 0 59 861 237 188
p 2 0 79 841 251 206
p 2 0 63 857 226 191
p 2 0 39 881 208 173
p 2 0 51 869 218 182
p 2 0 55 865 227 186
p 2 0 89 831 279 217
p 2 0 70 850 232 196
p 2 0 40 880 198 174
p 2 0 49 871 217 183
p 2 0 69 851 226 199
p 2 0 35 885 183 168
p 2 0 83 837 258 210
p 2 0 113 807 271 232
p 2 0 60 860 207 185
p 2 0 54 866 218 184
p 2 0 64 856 215 191
p 2 0 43 877 205 176
p 2 0 52 868 229 184
p 2 0 47 873 211 181
p 2 0 35 885 206 169
p 2 0 32 888 192 166
p 2 0 44 876 212 175
p 2 0 38 882 203 172
p 2 0 53 867 238 189
p 2 0 40 880 204 176
p 2 0 29 891 188 163
p 2 0 61 859 230 189
p 2 0 39 881 198 172
p 2 0 32 888 191 167
p 2 0 48 872 211 178
p 2 0 42 878 202 175
p 2 0 20 900 166 154
p 2 0 17 903 165 153
p 2 0 31 889 182 166
p 2 0 30 890 177 163
p 2 0 39 881 186 169
p 2 0 36 884 185 168
p 2 0 19 901 169 153
p 2 0 29 891 186 164
p 2 0 59 861 210 188
p 2 0 56 864 215 186
p 2 0 53 867 210 184
p 2 0 60 860 224 191
p 2 0 25 895 174 159
p 2 0 53 867 221 186
p 2 0 56 864 205 184
p 2 0 54 866 211 184
p 2 0 37 883 203 172
p 2 0 31 889 182 165
p 2 0 24 896 179 159
p 2 0 52 868 202 180
p 2 0 36 884 187 169
p 2 0 26 894 178 161
p 2 0 31 889 190 165
p 2 0 41 879 202 174
p 2 0 26 894 177 160
p 2 0 30 890 185 166
p 2 0 37 883 195 171
p 2 0 28 892 173 159
p 2 0 16 904 162 151
p 2 0 38 882 181 169
p 2 0 32 888 169 163
p 2 0 23 897 175 158
p 2 0 35 885 189 168
p 2 0 50 870 215 179
p 2 0 38 882 201 173
p 2 0 40 880 189 171
p 2 0 28 892 180 162
p 2 0 23 897 178 158
p 2 0 59 861 208 189
p 2 0 20 900 164 155
p 2 0 47 873 204 179
p 2 0 34 886 189 168
p 2 0 30 890 183 163
p 2 0 22 898 174 159
p 2 0 38 882 174 167
p 2 0 22 898 170 158
p 2 0 30 890 183 164
p 2 0 22 898 171 157
p 2 0 17 903 162 153
p 2 0 25 895 177 160
p 2 0 31 889 175 164
p 2 0 16 904 157 153
p 2 0 25 895 180 161
p 2 0 39 881 186 170
p 2 0 24 896 170 157
p 2 0 21 899 170 158
p 2 0 49 871 198 178
p 2 0 21 899 168 156
p 2 0 54 866 195 181
p 2 0 23 897 168 157
p 2 0 28 892 184 162
p 2 0 42 878 191 172
p 2 0 53 867 198 181
p 2 0 32 888 187 166
p 2 0 32 888 189 165
p 2 0 32 888 198 166
p 2 0 53 867 222 184
p 2 0 32 888 196 166
p 2 0 42 878 202 173
p 2 0 703 217 2317 817
p 2 0 813 107 6604 1158
p 2 0 883 37 12393 1520
p 2 2 886 32 16194 1680
p 2 5 889 26 20631 1869
p 2 13 887 20 23621 1948
p 2 10 892 18 25406 1993
p 2 19 879 22 28124 2015
p 2 21 881 18 30457 2038
p 2 30 871 19 32022 2053
p 2 26 874 20 33162 2053
p 2 38 864 18 35247 2073
p 2 32 869 19 35132 2020
p 2 29 873 18 36664 1997
p 2 30 876 14 37428 1994
p 2 33 871 16 39045 2017
p 2 26 876 18 37548 1958
p 2 37 869 14 39261 1932
p 2 23 883 14 37357 1877
p 2 20 881 19 38514 1828
p 2 9 895 16 37400 1807
p 2 5 903 12 37502 1787
p 2 2 906 12 36522 1722
p 2 0 904 16 36266 1627
p 2 0 910 10 34597 1542
p 2 0 901 19 34815 1506
p 2 0 908 12 34648 1509
p 2 0 906 14 35320 1506
p 2 0 896 24 35087 1509
p 2 0 909 11 34989 1505
p 2 0 907 13 35146 1496
p 2 0 904 16 35706 1504
p 2 0 903 17 35038 1501
p 2 0 904 16 35231 1492
p 2 0 904 16 35346 1503
p 2 0 903 17 35394 1507
p 2 0 910 10 36133 1518
p 2 0 905 15 35186 1499
p 2 0 902 18 34756 1488
p 2 0 907 13 35490 1507
p 2 0 910 10 35567 1515
p 2 0 910 10 35783 1521
p 2 0 899 21 34919 1489
p 2 0 908 12 34683 1508
p 2 0 909 11 34768 1502
p 2 0 912 8 36262 1516
p 2 0 910 10 34510 1489
p 2 0 911 9 34781 1499
p 2 1 910 9 35740 1506
p 2 0 912 8 35691 1486
p 2 2 908 10 35397 1504
p 2 0 913 7 34739 1492
p 2 0 913 7 35481 1482
p 2 0 912 8 35425 1477
p 2 0 906 14 34806 1467
p 2 0 908 12 35727 1460
p 2 0 913 7 35147 1476
p 2 0 913 7 35613 1479
p 2 0 906 14 35053 1465
p 2 0 913 7 35066 1480
p 2 1 910 9 35815 1484
p 2 0 912 8 34875 1463
p 2 0 910 10 34985 1466
p 2 0 916 4 35114 1483
p 2 0 914 6 36139 1484
p 2 0 914 6 35151 1474
p 2 0 909 11 35272 1465
p 2 0 911 9 35761 1484
p 2 0 914 6 35750 1489
p 2 0 916 4 34956 1472
p 2 0 914 6 35732 1493
p 2 0 916 4 35337 1485
p 2 0 917 3 35891 1483
p 2 0 913 7 36093 1468
p 2 0 914 6 35451 1494
p 2 0 916 4 35607 1477
p 2 2 912 6 36898 1506
p 2 0 919 1 35787 1489
p 2 0 913 7 35721 1485
p 2 1 916 3 36998 1508
p 2 0 910 10 36346 1480
p 2 0 912 8 36121 1488
p 2 0 917 3 37302 1506
p 2 0 919 1 36148 1485
p 2 0 912 8 36572 1483
p 2 0 915 5 36587 1500
p 2 0 915 5 36315 1509
p 2 0 916 4 36542 1491
p 2 0 912 8 37515 1502
p 2 0 917 3 36525 1499
p 2 0 916 4 36368 1511
p 2 0 913 7 36660 1501
p 2 0 912 8 36664 1511
p 2 0 916 4 36409 1505
p 2 0 912 8 36625 1500
p 2 0 917 3 36312 1511
p 2 0 913 7 37156 1500
p 2 0 917 3 36017 1483
p 2 0 914 6 36006 1484
p 2 0 916 4 36039 1492
p 2 0 917 3 36945 1511
p 2 0 917 3 35882 1473
p 2 0 914 6 36387 1499
p 2 0 915 5 36124 1507
p 2 0 912 8 36948 1492
p 2 0 918 2 36387 1507
p 2 0 919 1 36599 1492
p 2 0 918 2 36648 1491
p 2 0 917 3 36529 1484
p 2 0 919 1 35886 1501
p 2 0 914 6 36975 1502
i 2 920 0 0 59818 4366
p 2 0 860 60 17167 1139
p 2 0 885 35 22236 1192
p 2 0 873 47 20255 1169
p 2 0 885 35 21558 1206
p 2 0 878 42 20760 1193
p 2 0 885 35 22328 1204
p 2 0 874 46 19964 1178
p 2 2 878 40 23602 1240
p 2 0 863 57 20074 1199
p 2 0 878 42 22463 1236
p 2 0 880 40 20776 1211
p 2 0 880 40 23058 1241
p 2 0 890 30 20082 1202
p 2 0 879 41 22586 1222
p 2 0 892 28 19699 1208
p 2 0 886 34 21476 1220
p 2 0 876 44 19506 1195
p 2 0 880 40 21433 1225
p 2 0 885 35 20545 1217
p 2 1 882 37 23197 1252
p 2 0 888 32 20146 1228
p 2 0 877 43 22905 1244
p 2 0 846 74 19978 1190
p 2 0 872 48 22853 1242
p 2 0 874 46 20502 1205
p 2 0 882 38 22203 1240
p 2 0 888 32 20403 1221
p 2 0 880 40 21987 1220
p 2 0 882 38 19725 1197
p 2 0 884 36 21447 1198
p 2 0 886 34 20266 1215
p 2 0 867 53 22951 1228
p 2 0 876 44 21592 1222
p 2 0 870 50 21942 1203
p 2 0 895 25 20078 1211
p 2 0 886 34 24040 1276
p 2 0 893 27 19657 1222
p 2 0 870 50 22532 1229
p 2 0 868 52 21214 1217
p 2 0 861 59 21116 1210
p 2 0 869 51 19974 1190
p 2 0 879 41 22023 1221
p 2 0 880 40 19719 1210
p 2 0 876 44 22492 1232
p 2 0 879 41 19917 1211
i 2 920 0 0 40988 4303
p 2 0 904 16 6092 1161
p 2 0 903 17 9996 1218
p 2 0 899 21 10231 1212
p 2 0 907 13 8158 1193
p 2 1 903 16 10918 1234
p 2 0 911 9 8866 1226
p 2 0 905 15 10680 1226
p 2 0 899 21 8787 1210
p 2 0 886 34 10854 1233
p 2 0 896 24 10393 1234
p 2 0 892 28 8787 1214
p 2 3 905 12 11837 1307
p 2 0 902 18 8372 1226
p 2 0 901 19 9099 1228
p 2 3 893 24 12005 1311
p 2 0 903 17 8252 1230
p 2 0 895 25 8758 1218
p 2 18 888 14 22207 1674
p 2 0 898 22 7986 1221
p 2 0 907 13 9176 1244
p 2 25 878 17 23813 1700
p 2 0 914 6 8130 1269
p 2 0 903 17 8390 1222
p 2 44 866 10 23864 1801
p 2 0 895 25 8154 1225
p 2 0 912 8 9241 1250
p 2 40 860 20 23616 1747
p 2 0 906 14 7980 1228
p 2 0 899 21 8525 1215
p 2 0 913 7 9180 1238
p 2 0 902 18 9504 1226
p 2 0 901 19 8499 1224
p 2 19 887 14 26611 1771
p 2 0 901 19 7891 1236
p 2 0 899 21 9085 1253
p 2 22 894 4 27651 1869
p 2 0 897 23 8489 1240
p 2 0 902 18 8976 1233
p 2 35 875 10 29820 2005
p 2 0 899 21 8022 1263
p 2 0 903 17 9012 1236
p 2 57 853 10 32530 2151
p 2 0 909 11 8600 1283
p 2 0 901 19 8897 1226
p 2 0 904 16 9694 1228
p 2 0 909 11 9768 1224
p 2 0 910 10 9402 1235
p 2 0 915 5 9427 1230
p 2 0 910 10 10235 1235
p 2 0 908 12 9964 1232
p 2 0 904 16 9262 1210
p 2 0 893 27 9826 1224
p 2 0 898 22 10303 1236
i 2 920 0 0 39317 4046
p 2 0 913 7 9399 1148
p 2 0 906 14 9516 1151
p 2 0 910 10 9612 1167
p 2 0 908 12 9798 1160
p 2 0 901 19 9768 1171
p 2 0 895 25 12998 1200
p 2 0 894 26 9989 1155
p 2 0 901 19 9896 1161
p 2 0 892 28 12627 1175
p 2 0 890 30 9864 1146
p 2 0 904 16 9829 1160
p 2 0 887 33 12851 1175
p 2 0 902 18 9811 1154
p 2 0 902 18 10040 1158
p 2 0 889 31 13435 1190
p 2 0 897 23 9830 1168
p 2 0 901 19 9877 1155
p 2 0 902 18 10307 1168
p 2 0 893 27 9761 1152
p 2 0 903 17 10381 1155
p 2 0 897 23 10042 1156
p 2 0 899 21 10705 1168
p 2 0 899 21 10045 1154
p 2 0 896 24 10308 1163
p 2 0 905 15 9862 1158
p 2 0 899 21 10178 1161
p 2 0 899 21 9803 1152
p 2 0 894 26 10293 1151
p 2 0 894 26 9747 1159
p 2 0 894 26 10280 1159
p 2 0 905 15 9729 1161
p 2 0 882 38 10130 1145
p 2 0 895 25 9690 1133
p 2 0 900 20 10281 1165
p 2 0 887 33 9725 1151
p 2 0 893 27 10161 1146
p 2 0 902 18 9691 1154
p 2 0 898 22 10131 1154
p 2 0 890 30 9837 1154
p 2 0 895 25 10203 1151
p 2 0 892 28 9877 1148
p 2 0 893 27 10293 1136
p 2 0 900 20 9908 1151
p 2 0 902 18 10265 1151
p 2 0 898 22 9905 1153
p 2 0 900 20 10313 1156
p 2 0 894 26 10009 1173
i 2 920 0 0 47329 4516
p 2 0 791 129 9068 1097
p 2 0 791 129 11048 1147
p 2 0 798 122 15784 1201
p 2 0 782 138 10961 1144
p 2 0 791 129 11382 1166
p 2 1 789 130 15645 1222
p 2 0 797 123 11183 1170
p 2 0 789 131 11079 1146
p 2 2 789 129 15206 1219
p 2 0 783 137 11224 1162
p 2 0 790 130 11417 1169
p 2 3 793 124 15123 1235
p 2 0 790 130 11124 1166
p 2 0 793 127 11057 1170
p 2 0 795 125 14901 1221
p 2 0 795 125 11058 1169
p 2 0 786 134 11422 1175
p 2 0 785 135 14736 1221
p 2 0 792 128 11075 1172
p 2 0 788 132 11099 1186
p 2 0 793 127 14541 1219
p 2 0 788 132 11399 1169
p 2 0 793 127 11463 1179
p 2 3 785 132 16333 1256
p 2 0 794 126 11396 1167
p 2 0 789 131 11111 1173
p 2 4 786 130 16296 1265
p 2 0 794 126 11307 1170
p 2 0 789 131 11468 1172
p 2 0 794 126 15422 1226
p 2 0 800 120 11454 1182
p 2 2 794 124 15264 1255
p 2 0 793 127 11296 1186
p 2 5 791 124 16561 1279
p 2 0 797 123 11112 1190
p 2 0 795 125 11067 1172
p 2 0 790 130 11996 1198
p 2 6 780 134 17417 1310
p 2 0 793 127 11239 1186
p 2 0 796 124 11443 1196
p 2 7 788 125 17532 1311
p 2 0 792 128 11196 1185
p 2 0 789 131 14096 1211
p 2 0 786 134 11396 1191
p 2 0 797 123 13639 1199
p 2 0 794 126 11301 1201
p 2 0 788 132 11937 1202
p 2 0 792 128 13454 1217
p 2 0 794 126 11467 1200
p 2 0 789 131 11850 1211
i 2 920 0 0 36854 3970
p 2 0 857 63 8827 1075
p 2 0 879 41 11205 1143
p 2 2 863 55 13069 1265
p 2 0 848 72 10999 1123
p 2 0 856 64 11171 1129
p 2 1 861 58 12673 1217
p 2 0 852 68 10854 1129
p 2 0 812 108 10517 1089
p 2 0 844 76 12822 1203
p 2 0 815 105 10710 1096
p 2 0 872 48 10656 1131
p 2 22 841 57 15707 1480
p 2 0 862 58 10866 1148
p 2 0 850 70 10816 1141
p 2 0 815 105 14552 1327
p 2 0 860 60 10839 1149
p 2 0 850 70 10589 1128
p 2 5 833 82 15544 1388
p 2 0 880 40 10889 1152
p 2 0 837 83 10717 1115
p 2 49 816 55 16503 1595
p 2 0 867 53 11153 1150
p 2 0 885 35 11370 1163
p 2 10 833 77 15917 1417
p 2 0 831 89 11344 1142
p 2 0 848 72 10531 1137
p 2 12 824 84 15667 1434
p 2 0 839 81 11076 1146
p 2 0 870 50 11201 1152
p 2 4 874 42 14260 1350
p 2 0 833 87 11033 1147
p 2 0 852 68 11339 1155
p 2 51 826 43 16081 1609
p 2 0 842 78 11001 1140
p 2 0 853 67 11120 1151
p 2 2 834 84 14595 1293
p 2 0 872 48 10675 1146
p 2 0 832 88 11201 1117
p 2 1 872 47 13786 1268
p 2 0 859 61 11075 1131
p 2 0 885 35 10824 1150
p 2 30 784 106 16384 1445
p 2 0 867 53 11369 1151
p 2 0 872 48 11383 1158
p 2 36 850 34 15642 1504
p 2 0 816 104 11172 1113
p 2 0 849 71 10973 1132
p 2 3 849 68 12886 1258
p 2 0 856 64 11226 1135
p 2 0 876 44 11207 1159
i 2 920 0 0 36471 4087
p 2 0 354 566 576 460
p 2 0 292 628 449 409
p 2 0 725 195 16580 1221
p 2 0 505 415 1352 638
p 2 0 312 608 753 427
p 2 0 727 193 15839 1203
p 2 0 467 453 1485 612
p 2 2 718 200 17566 1348
p 2 0 451 469 1366 597
p 2 0 739 181 17319 1372
p 2 0 463 457 1447 613
p 2 1 712 207 15729 1204
p 2 0 472 448 1450 615
p 2 0 283 637 657 408
p 2 0 636 284 14437 1094
p 2 0 496 424 1514 645
p 2 0 271 649 684 391
p 2 0 194 726 510 323
p 2 0 203 717 544 329
p 2 0 156 764 421 287
p 2 0 130 790 376 258
p 2 0 182 738 470 304
p 2 0 114 806 374 245
p 2 0 184 736 489 306
p 2 0 180 740 505 309
p 2 0 178 742 464 301
p 2 0 185 735 515 311
p 2 0 120 800 378 252
p 2 0 142 778 412 268
p 2 0 147 773 381 266
p 2 0 85 835 296 216
p 2 0 168 752 407 287
p 2 0 124 796 356 251
p 2 0 81 839 281 214
p 2 0 120 800 352 250
p 2 0 113 807 325 240
p 2 0 105 815 310 231
p 2 0 133 787 351 259
p 2 0 88 832 311 220
p 2 0 69 851 257 204
p 2 0 108 812 318 237
p 2 0 111 809 311 236
p 2 0 63 857 256 195
p 2 0 81 839 259 210
p 2 0 72 848 282 206
p 2 0 89 831 265 214
p 2 0 145 775 407 270
i 2 920 0 0 40942 3837
p 2 0 898 22 8527 1131
p 2 0 901 19 8857 1088
p 2 0 908 12 8837 1071
p 2 0 911 9 10334 1099
p 2 0 908 12 9969 1096
p 2 0 912 8 10662 1098
p 2 0 910 10 14723 1153
p 2 0 914 6 9379 1106
p 2 1 913 6 11526 1128
p 2 0 914 6 14524 1165
p 2 0 919 1 10140 1115
p 2 0 915 5 11612 1133
p 2 0 913 7 14354 1163
p 2 0 914 6 9922 1112
p 2 0 916 4 12330 1144
p 2 0 917 3 14320 1164
p 2 0 917 3 11251 1118
p 2 0 919 1 9328 1083
p 2 0 918 2 14481 1164
p 2 0 918 2 10298 1113
p 2 0 919 1 10842 1091
p 2 0 913 7 10230 1101
p 2 0 912 8 10165 1095
p 2 0 919 1 12268 1128
p 2 101 819 0 22420 2257
p 2 73 847 0 26986 2318
p 2 68 852 0 27937 2350
p 2 70 850 0 29946 2412
p 2 71 849 0 28186 2355
p 2 92 828 0 30517 2459
p 2 99 821 0 29700 2460
p 2 96 824 0 31617 2527
p 2 120 800 0 29016 2509
p 2 135 785 0 30648 2651
p 2 177 743 0 25234 2713
p 2 189 731 0 21748 2722
p 2 0 889 31 13904 1555
p 2 0 883 37 6238 1192
p 2 0 904 16 6749 1200
p 2 0 895 25 13886 1369
p 2 0 897 23 6083 1147
p 2 0 889 31 6318 1132
p 2 10 887 23 20887 1789
p 2 1 883 36 7636 1224
p 2 1 883 36 16688 1521
p 2 0 890 30 7040 1176
p 2 2 886 32 16330 1515
p 2 0 902 18 7298 1192
p 2 2 899 19 11798 1372
p 2 0 890 30 6488 1154
p 2 1 896 23 11380 1351
p 2 0 887 33 6358 1116
p 2 2 898 20 11208 1285
p 2 0 882 38 6979 1115
p 2 0 905 15 10912 1266
p 2 0 881 39 6717 1103
p 2 0 908 12 6847 1104
p 2 5 873 42 18087 1535
p 2 0 901 19 6408 1119
p 2 0 885 35 6951 1108
p 2 4 903 13 14824 1440
p 2 0 898 22 6678 1114
p 2 0 898 22 6730 1099
i 2 920 0 0 45589 4196
p 2 200 719 1 45838 3143
p 2 192 728 0 47776 3285
p 2 177 743 0 45084 3123
p 2 196 724 0 44293 3304
p 2 151 769 0 43255 3087
p 2 173 747 0 46644 3289
p 2 168 751 1 46221 3089
p 2 173 747 0 47446 3259
p 2 169 750 1 45698 3125
p 2 200 720 0 46387 3258
p 2 167 753 0 45428 3128
p 2 209 711 0 45917 3334
p 2 187 733 0 45257 3192
p 2 194 726 0 47912 3377
p 2 162 758 0 47219 3103
p 2 171 749 0 46766 3246
p 2 187 733 0 43801 3145
p 2 168 752 0 46298 3233
p 2 149 770 1 43974 3080
p 2 176 744 0 46857 3250
p 2 174 744 2 46143 3144
p 2 183 737 0 48062 3255
p 2 185 735 0 47402 3206
p 2 189 731 0 46489 3235
p 2 179 741 0 45678 3164
p 2 136 784 0 48814 3120
i 2 920 0 0 35345 4261
p 2 444 475 1 54713 4228
p 2 343 577 0 65965 4041
p 2 306 614 0 63075 3833
p 2 180 740 0 78450 3271
p 2 82 838 0 58865 2689
p 2 26 894 0 43072 2108
p 2 0 919 1 27790 1375
p 2 0 916 4 29306 1424
p 2 0 917 3 32920 1460
p 2 0 918 2 30186 1457
p 2 0 918 2 31622 1468
p 2 0 915 5 32483 1467
p 2 0 919 1 30550 1463
p 2 0 918 2 30312 1454
p 2 0 915 5 32876 1476
p 2 0 916 4 28788 1440
p 2 0 917 3 30074 1455
p 2 0 912 8 32062 1459
p 2 0 917 3 29586 1450
p 2 0 913 7 28469 1423
p 2 0 914 6 31394 1445
p 2 0 917 3 28689 1438
p 2 0 916 4 28393 1424
p 2 0 915 5 30462 1445
p 2 0 914 6 28517 1427
p 2 0 909 11 26818 1396
p 2 0 913 7 28629 1418
p 2 0 911 9 26731 1408
p 2 0 908 12 25924 1383
p 2 0 906 14 27825 1401
p 2 0 907 13 24194 1349
p 2 0 898 22 20566 1291
p 2 0 893 27 23249 1307
p 2 0 892 28 14570 1145
p 2 0 873 47 8987 1071
i 2 920 0 0 38124 4027
p 2 2 892 26 3308 1050
p 2 1 904 15 4361 1119
p 2 1 892 27 13209 1230
p 2 1 891 28 5428 1169
p 2 1 888 31 5237 1147
p 2 3 881 36 12304 1251
p 2 1 890 29 5357 1123
p 2 3 883 34 5581 1158
p 2 2 873 45 13318 1276
p 2 2 889 29 5333 1160
p 2 0 888 32 4838 1115
p 2 0 862 58 13619 1255
p 2 0 879 41 5466 1142
p 2 1 892 27 4644 1118
p 2 0 877 43 11899 1233
p 2 0 875 45 4874 1118
p 2 0 871 49 4430 1050
p 2 0 882 38 11763 1210
p 2 0 870 50 5273 1085
p 2 0 882 38 4845 1097
p 2 0 855 65 12972 1217
p 2 0 886 34 5196 1124
p 2 1 870 49 4676 1098
p 2 0 866 54 12149 1190
p 2 0 886 34 5031 1094
p 2 0 865 55 4630 1086
p 2 0 869 51 13247 1232
p 2 0 876 44 4750 1115
p 2 1 888 31 4400 1088
p 2 0 874 46 13751 1246
p 2 0 859 61 4987 1098
p 2 0 880 40 4928 1096
p 2 0 878 42 11930 1204
p 2 0 882 38 5141 1104
p 2 1 874 45 4959 1101
p 2 2 872 46 11975 1221
p 2 2 857 61 5806 1119
p 2 1 868 51 5369 1103
p 2 2 860 58 14292 1258
p 2 0 878 42 5390 1126
p 2 1 881 38 5120 1135
p 2 2 851 67 11851 1214
p 2 1 874 45 5399 1123
p 2 1 871 48 5206 1101
p 2 1 882 37 12161 1261
p 2 1 875 44 5003 1127
p 2 1 863 56 5467 1141
i 2 920 0 0 71956 4686
p 2 0 919 1 9139 1140
p 2 1 918 1 13871 1161
p 2 1 918 1 15434 1213
p 2 0 919 1 14989 1168
p 2 0 920 0 15119 1196
p 2 0 920 0 15902 1205
p 2 0 919 1 15812 1231
p 2 0 920 0 15058 1207
p 2 0 920 0 14699 1168
p 2 1 918 1 15352 1195
p 2 0 920 0 15467 1205
p 2 0 919 1 16025 1214
p 2 0 920 0 15277 1179
p 2 0 920 0 15698 1200
p 2 1 917 2 15857 1221
p 2 1 919 0 16310 1237
p 2 2 917 1 15103 1195
p 2 1 919 0 16128 1221
p 2 0 920 0 15625 1198
p 2 2 918 0 16263 1228
p 2 0 920 0 15844 1202
p 2 1 919 0 15818 1209
p 2 0 920 0 15865 1209
p 2 2 918 0 16256 1225
p 2 0 920 0 15280 1195
p 2 1 919 0 15672 1223
p 2 0 920 0 15407 1188
p 2 1 919 0 16365 1234
p 2 2 918 0 14923 1200
p 2 0 920 0 15775 1225
p 2 0 920 0 14929 1198
p 2 0 920 0 15697 1227
p 2 0 918 2 15301 1211
p 2 0 918 2 15043 1207
p 2 0 920 0 14837 1224
p 2 0 916 4 15677 1213
p 2 0 920 0 15494 1233
p 2 0 917 3 15363 1215
p 2 0 920 0 15641 1237
p 2 0 920 0 15286 1212
p 2 0 920 0 15387 1209
p 2 0 919 1 15397 1216
p 2 0 920 0 15816 1232
p 2 0 920 0 14835 1203
p 2 0 917 3 15969 1234
p 2 0 918 2 15429 1218
p 2 0 918 2 16159 1235
p 2 0 918 2 15398 1218
p 2 0 918 2 15621 1221
p 2 0 918 2 15353 1211
p 2 0 914 6 16141 1237
p 2 14 906 0 23300 1578
p 2 18 902 0 24207 1613
p 2 14 906 0 25455 1620
p 2 16 904 0 24514 1619
p 2 15 905 0 24535 1632
p 2 21 899 0 24896 1674
p 2 23 897 0 25136 1681
p 2 26 894 0 24561 1697
p 2 23 897 0 25035 1706
p 2 25 895 0 25414 1730
p 2 27 893 0 23495 1729
p 2 36 884 0 24952 1819
p 2 29 891 0 23913 1808
p 2 50 870 0 25032 1925
p 2 48 872 0 22916 1904
p 2 68 852 0 23884 2063
p 2 80 840 0 23345 2132
p 2 77 843 0 22820 2209
p 2 0 913 7 11096 1342
p 2 0 905 15 11001 1278
p 2 0 898 22 10692 1245
p 2 0 892 28 10661 1238
p 2 0 889 31 10592 1235
p 2 0 903 17 10647 1257
p 2 0 886 34 10672 1224
p 2 0 891 29 10752 1230
p 2 0 886 34 10829 1239
p 2 0 890 30 10969 1244
p 2 0 886 34 10846 1220
p 2 0 892 28 10631 1221
p 2 0 878 42 10823 1219
p 2 0 887 33 10711 1228
p 2 0 874 46 10509 1203
p 2 0 871 49 10680 1223
p 2 0 860 60 10676 1196
p 2 0 866 54 10602 1200
p 2 0 863 57 10654 1187
p 2 0 865 55 10894 1237
p 2 0 857 63 10410 1207
p 2 0 849 71 10770 1195
p 2 0 868 52 10696 1201
p 2 0 865 55 10783 1209
p 2 0 858 62 10872 1202
p 2 0 860 60 10808 1188
p 2 0 842 78 11069 1207
p 2 0 871 49 11142 1240
p 2 0 861 59 11040 1209
p 2 0 837 83 10721 1179
p 2 0 848 72 11094 1216
p 2 0 868 52 10867 1210
p 2 0 855 65 10956 1227
p 2 0 856 64 11059 1225
p 2 0 863 57 11206 1214
p 2 0 848 72 11248 1210
p 2 0 845 75 11438 1207
p 2 0 878 42 11476 1230
i 2 920 0 0 52487 3934
p 2 0 913 7 15088 1170
p 2 0 915 5 16088 1218
p 2 0 908 12 19186 1255
p 2 0 914 6 16722 1256
p 2 0 911 9 18336 1255
p 2 0 908 12 18323 1258
p 2 0 910 10 16643 1252
p 2 0 901 19 17702 1262
p 2 0 906 14 18549 1293
p 2 0 903 17 16671 1253
p 2 0 911 9 17270 1248
p 2 0 907 13 16076 1246
p 2 0 904 16 17037 1270
p 2 0 913 7 16153 1276
p 2 0 905 15 17160 1260
p 2 0 910 10 16834 1278
p 2 0 911 9 17180 1280
p 2 0 910 10 16393 1264
p 2 2 906 12 19085 1300
p 2 0 911 9 16507 1275
p 2 0 911 9 18596 1295
p 2 0 906 14 16586 1279
p 2 1 902 17 18509 1286
p 2 0 913 7 16888 1268
p 2 1 908 11 21361 1335
p 2 0 911 9 16377 1260
p 2 0 916 4 20047 1292
p 2 0 901 19 19047 1282
p 2 0 913 7 16781 1254
p 2 0 905 15 20068 1284
p 2 0 905 15 16826 1267
p 2 0 910 10 16799 1261
p 2 0 907 13 19325 1274
p 2 0 903 17 16547 1260
p 2 0 910 10 18221 1283
p 2 0 916 4 17549 1265
p 2 0 913 7 18209 1274
p 2 0 913 7 16487 1255
p 2 0 912 8 18313 1287
p 2 0 909 11 16470 1282
p 2 0 910 10 18180 1277
p 2 0 916 4 16714 1270
p 2 0 911 9 18292 1280
p 2 0 913 7 16572 1265
i 2 920 0 0 38489 3728
p 2 0 904 16 12149 1166
p 2 0 901 19 15074 1235
p 2 0 905 15 16798 1266
p 2 0 913 7 15974 1274
p 2 0 906 14 15098 1260
p 2 0 906 14 17334 1279
p 2 0 908 12 15609 1248
p 2 0 915 5 16420 1271
p 2 0 902 18 17175 1300
p 2 0 909 11 15498 1271
p 2 0 907 13 15437 1269
p 2 1 911 8 17027 1293
p 2 0 910 10 15802 1274
p 2 0 911 9 16191 1280
p 2 0 910 10 17119 1284
p 2 0 915 5 16068 1271
p 2 0 905 15 16315 1259
p 2 9 907 4 20285 1395
p 2 0 909 11 16209 1259
p 2 0 918 2 16574 1291
p 2 4 910 6 21097 1414
p 2 0 912 8 16097 1301
p 2 0 914 6 16492 1285
p 2 0 917 3 19404 1378
p 2 0 917 3 16523 1292
p 2 0 916 4 16481 1298
p 2 1 916 3 18672 1344
p 2 0 913 7 16496 1284
p 2 0 914 6 16851 1305
p 2 0 914 6 17024 1297
p 2 0 916 4 16255 1282
p 2 0 917 3 16302 1284
p 2 0 914 6 17218 1301
p 2 0 915 5 16753 1298
p 2 0 915 5 16643 1292
p 2 0 917 3 17983 1322
p 2 0 913 7 15707 1314
p 2 0 911 9 15833 1301
p 2 0 910 10 16094 1297
p 2 0 914 6 15968 1301
p 2 0 915 5 15888 1314
p 2 0 913 7 15547 1304
p 2 0 916 4 15575 1305
p 2 0 912 8 15784 1295
p 2 0 918 2 15315 1307
p 2 0 911 9 15803 1301
p 2 0 912 8 15472 1299
i 2 920 0 0 60896 4577
p 2 0 915 5 16734 1214
p 2 0 909 11 20391 1294
p 2 0 910 10 20443 1272
p 2 0 913 7 20456 1307
p 2 0 914 6 20889 1300
p 2 0 916 4 20260 1315
p 2 0 911 9 21432 1324
p 2 0 917 3 20319 1321
p 2 0 908 12 20976 1299
p 2 0 917 3 20481 1316
p 2 0 912 8 21582 1326
p 2 0 920 0 21229 1326
p 2 0 915 5 20411 1310
p 2 0 920 0 21271 1324
p 2 0 914 6 20390 1315
p 2 0 920 0 21468 1326
p 2 0 914 6 20966 1307
p 2 0 917 3 21407 1324
p 2 0 919 1 21080 1325
p 2 0 920 0 21931 1314
p 2 0 916 4 21621 1314
p 2 0 919 1 21147 1321
p 2 0 916 4 21470 1318
p 2 0 919 1 21213 1329
p 2 0 918 2 22012 1345
p 2 0 919 1 21478 1317
p 2 0 919 1 21489 1331
p 2 0 920 0 21633 1325
p 2 0 920 0 22539 1346
p 2 0 918 2 22078 1340
p 2 2 917 1 21891 1337
p 2 0 918 2 21662 1330
p 2 1 919 0 22453 1349
p 2 1 919 0 21982 1341
p 2 1 917 2 22100 1335
p 2 0 920 0 22445 1337
p 2 0 919 1 21992 1326
p 2 0 920 0 21829 1319
p 2 0 920 0 21922 1319
p 2 0 920 0 21784 1323
p 2 0 920 0 22558 1320
p 2 0 920 0 22010 1315
p 2 0 920 0 22388 1321
p 2 0 919 1 22107 1325
p 2 0 918 2 22898 1347
p 2 0 920 0 22348 1327
p 2 0 918 2 22183 1325
p 2 0 920 0 22103 1325
p 2 0 919 1 22806 1344
p 2 0 920 0 21890 1311
p 2 0 918 2 22232 1340
p 2 0 920 0 22717 1353
p 2 0 919 1 21885 1319
p 2 0 920 0 22663 1352
p 2 1 919 0 22390 1346
p 2 0 920 0 22659 1341
p 2 0 918 2 22406 1338
p 2 0 920 0 21818 1332
p 2 0 920 0 22393 1334
p 2 0 919 1 21779 1326
p 2 0 920 0 22669 1339
p 2 0 920 0 22126 1341
p 2 0 918 2 22472 1329
p 2 0 920 0 22089 1337
p 2 0 919 1 22669 1350
i 2 920 0 0 25297 3826
p 2 15 867 38 6755 1521
p 2 11 880 29 9468 1647
p 2 53 852 15 21262 2369
p 2 10 893 17 8696 1713
p 2 10 891 19 9749 1710
p 2 65 845 10 23179 2511
p 2 11 895 14 10905 1816
p 2 22 878 20 11381 1809
p 2 91 828 1 24119 2654
p 2 10 895 15 10106 1839
p 2 18 891 11 9274 1776
p 2 84 832 4 25382 2565
p 2 2 910 8 7356 1615
p 2 3 902 15 9835 1664
p 2 53 863 4 23480 2394
p 2 2 897 21 6902 1631
p 2 2 901 17 9130 1694
p 2 105 811 4 23160 2552
p 2 2 908 10 8412 1640
p 2 2 897 21 6498 1519
p 2 39 865 16 22320 2203
p 2 1 902 17 7646 1555
p 2 0 885 35 8285 1461
p 2 48 849 23 24577 2171
p 2 0 887 33 10453 1405
p 2 32 868 20 23495 2087
p 2 0 875 45 9873 1383
p 2 1 882 37 14898 1581
p 2 0 866 54 8705 1325
p 2 0 887 33 14699 1530
p 2 0 831 89 6777 1208
p 2 0 888 32 6861 1294
p 2 283 637 0 16240 2648
p 2 183 737 0 18206 2606
p 2 138 782 0 18206 2621
p 2 143 777 0 18202 2571
p 2 146 774 0 17230 2583
p 2 142 778 0 16962 2578
p 2 139 781 0 15734 2594
p 2 101 819 0 15117 2606
p 2 0 912 8 4273 1212
p 2 0 892 28 4220 1131
p 2 0 881 39 4178 1107
p 2 0 902 18 4140 1077
p 2 0 856 64 4083 1039
p 2 0 869 51 4193 1074
p 2 0 869 51 4072 1040
p 2 0 881 39 4270 1094
p 2 0 889 31 4207 1064
p 2 0 881 39 4190 1062
p 2 0 860 60 3968 1005
p 2 0 871 49 4131 1034
p 2 0 890 30 4064 1035
p 2 0 853 67 4046 1039
p 2 0 873 47 4045 1030
p 2 0 876 44 4083 1035
p 2 0 850 70 3869 991
p 2 0 859 61 4022 1035
p 2 0 840 80 3979 1001
p 2 0 871 49 3941 1025
p 2 0 870 50 3988 1022
p 2 0 862 58 3995 1022
p 2 0 890 30 3855 1018
p 2 0 844 76 3857 1001
p 2 0 871 49 4022 1020
p 2 0 873 47 4060 1038
p 2 0 877 43 3982 1037
p 2 0 883 37 4143 1085
p 2 165 755 0 14145 2593
p 2 118 802 0 15669 2606
p 2 106 814 0 16342 2601
p 2 97 823 0 16800 2591
p 2 109 811 0 16793 2654
p 2 108 812 0 16916 2680
p 2 106 814 0 16820 2662
p 2 120 800 0 15434 2577
p 2 2 911 7 4761 1505
p 2 0 914 6 3412 1224
p 2 0 905 15 3281 1228
p 2 0 912 8 3320 1173
p 2 0 907 13 3464 1164
p 2 0 912 8 3537 1152
p 2 0 912 8 3422 1184
p 2 0 915 5 3424 1129
p 2 1 913 6 3299 1130
p 2 0 914 6 3365 1127
p 2 1 908 11 3297 1111
p 2 0 913 7 3194 1079
p 2 0 911 9 3109 1054
p 2 2 907 11 3452 1102
p 2 0 912 8 3441 1090
p 2 0 913 7 3072 1047
p 2 0 906 14 3142 1076
p 2 0 908 12 2961 1062
p 2 0 907 13 3094 1073
p 2 0 914 6 3129 1044
p 2 0 910 10 3130 1035
p 2 0 913 7 2921 1041
p 2 0 908 12 2918 1026
p 2 0 908 12 2905 1048
p 2 0 907 13 3036 1040
p 2 0 903 17 2992 1034
p 2 1 911 8 2990 1050
p 2 0 909 11 2907 1042
p 2 0 902 18 2899 1044
p 2 1 908 11 2898 1035
p 2 0 908 12 2899 1032
p 2 0 910 10 2761 1038
p 2 0 912 8 2915 1040
p 2 0 910 10 2879 1038
p 2 0 902 18 2898 1040
p 2 0 901 19 2641 1020
p 2 0 907 13 2703 1021
p 2 0 904 16 2578 1013
p 2 0 896 24 2762 1012
p 2 0 900 20 2725 1038
p 2 2 885 33 2720 1060
p 2 0 888 32 2728 1024
p 2 0 899 21 2752 1023
p 2 0 898 22 2455 1015
p 2 0 903 17 2626 1026
p 2 0 898 22 2761 1000
p 2 0 894 26 2752 1024
p 2 0 900 20 2839 1021
p 2 0 886 34 2779 1042
p 2 0 894 26 2928 1048
p 2 0 893 27 2894 1039
p 2 0 888 32 2751 1014
p 2 0 880 40 3026 1046
p 2 0 886 34 3092 1051
p 2 0 886 34 3184 1038
p 2 0 897 23 3335 1062
p 2 0 888 32 3249 1073
p 2 0 897 23 2899 1058
p 2 0 892 28 2939 1041
p 2 0 893 27 2902 1041
p 2 0 879 41 2967 1045
p 2 0 890 30 2812 1030
p 2 0 879 41 2788 1023
p 2 0 892 28 2778 1026
p 2 0 882 38 2988 1025
p 2 2 877 41 3171 1040
p 2 0 850 70 3088 1053
p 2 0 882 38 3154 1071
p 2 0 854 66 3074 1028
p 2 0 871 49 2887 1043
p 2 1 864 55 3196 1055
p 2 2 856 62 3173 1064
p 2 0 846 74 2826 1006
p 2 0 853 67 2712 998
p 2 0 847 73 2930 1000
p 2 0 857 63 2805 1021
p 2 0 844 76 3151 1019
p 2 0 836 84 3119 1022
p 2 0 846 74 2866 1035
p 2 0 836 84 2710 993
p 2 0 816 104 2759 1015
p 2 0 834 86 2833 1039
p 2 0 820 100 3149 1013
p 2 0 818 102 3098 1004
p 2 0 816 104 3191 1011
p 2 0 827 93 3393 1013
p 2 0 826 94 3164 1017
i 2 920 0 0 53545 4079
p 2 0 865 55 21130 1250
p 2 246 640 34 50367 2580
p 2 77 826 17 33302 1898
p 2 106 787 27 50691 2197
p 2 104 794 22 34784 2019
p 2 43 823 54 51574 1936
p 2 57 843 20 44177 1920
p 2 22 864 34 49402 1757
p 2 65 833 22 41428 1896
p 2 0 886 34 33532 1424
p 2 2 894 24 18331 1242
p 2 0 892 28 33465 1383
i 2 920 0 0 46554 3777
p 2 0 374 546 578 472
p 2 0 301 619 419 397
p 2 0 171 749 309 288
p 2 0 166 754 290 273
p 2 0 55 865 190 186
p 2 0 97 823 243 223
p 2 0 39 881 190 175
p 2 0 45 875 197 178
p 2 0 89 831 231 215
p 2 0 55 865 204 187
p 2 0 77 843 234 205
i 2 920 0 0 31494 3692
p 2 0 351 569 902 469
p 2 0 335 585 487 438
p 2 0 171 749 313 293
p 2 0 145 775 667 270
p 2 0 96 824 248 224
p 2 0 96 824 247 224
p 2 0 82 838 574 216
p 2 0 66 854 227 197
p 2 0 82 838 255 213
i 2 920 0 0 38539 3998
p 2 0 321 599 556 448
p 2 110 549 261 30974 1983
p 2 0 457 463 1389 605
p 2 99 563 258 28779 1923
p 2 0 441 479 1307 600
p 2 15 664 241 24705 1585
p 2 1 653 266 19209 1331
p 2 0 649 271 16694 1193
p 2 0 660 260 17107 1173
p 2 0 470 450 1398 614
p 2 0 300 620 642 420
p 2 0 240 680 582 368
p 2 0 281 639 656 401
p 2 0 194 726 511 321
p 2 0 246 674 580 367
p 2 0 183 737 503 309
p 2 0 351 569 1038 484
i 2 920 0 0 77529 4572
p 2 0 802 118 21223 1018
p 2 5 848 67 35390 1297
p 2 0 863 57 25103 1082
p 2 5 827 88 36690 1280
p 2 0 837 83 24672 1063
p 2 29 823 68 39987 1465
p 2 0 794 126 24977 1038
p 2 11 799 110 38245 1313
p 2 0 794 126 24493 1042
p 2 11 804 105 37674 1325
p 2 0 797 123 24926 1035
p 2 18 805 97 37503 1340
p 2 0 804 116 24998 1043
p 2 19 790 111 40198 1397
p 2 0 797 123 23635 1039
p 2 16 799 105 38661 1386
p 2 1 832 87 22901 1089
p 2 64 751 105 39573 1723
p 2 0 787 133 18217 1039
p 2 47 775 98 35508 1664
p 2 0 816 104 12729 1079
p 2 87 735 98 35258 1826
p 2 0 773 147 9339 1017
p 2 31 788 101 30899 1608
p 2 0 811 109 8908 1058
p 2 30 797 93 31663 1649
p 2 0 786 134 8676 1032
p 2 20 804 96 32497 1647
p 2 0 785 135 7181 1037
p 2 28 798 94 34161 1742
p 2 0 773 147 6798 1044
p 2 109 717 94 35483 2142
p 2 0 756 164 5917 1008
p 2 0 660 260 4734 878
p 2 130 723 67 35455 2171
p 2 0 712 208 4619 938
p 2 0 702 218 4603 903
p 2 133 708 79 35656 2185
p 2 0 740 180 4516 1001
p 2 0 632 288 3396 826
p 2 134 714 72 37136 2206
p 2 0 714 206 3572 948
p 2 194 656 70 31532 2390
p 2 0 724 196 2674 927
p 2 211 659 50 31641 2336
p 2 0 679 241 2607 832
i 2 920 0 0 44469 4427
p 2 0 575 345 2125 735
p 2 0 529 391 2327 676
p 2 143 739 38 40618 2399
p 2 0 712 208 2832 889
p 2 0 613 307 2599 762
p 2 152 697 71 38287 2436
p 2 0 715 205 2927 915
p 2 0 596 324 2399 767
p 2 121 713 86 38027 2306
p 2 0 716 204 2892 901
p 2 0 633 287 2926 823
p 2 109 721 90 38320 2246
p 2 0 752 168 3323 973
p 2 0 645 275 2862 815
p 2 39 808 73 32124 1835
p 2 0 769 151 3482 969
p 2 0 645 275 2708 794
p 2 36 819 65 33173 1864
p 2 0 777 143 3180 972
p 2 0 642 278 2930 804
p 2 19 860 41 34433 1817
p 2 0 767 153 3261 967
p 2 0 729 191 2936 888
p 2 23 861 36 34389 1836
p 2 0 773 147 3083 964
p 2 0 660 260 2799 814
p 2 20 859 41 34724 1886
p 2 0 807 113 3481 1047
p 2 0 630 290 2575 786
p 2 34 848 38 34548 1945
p 2 0 760 160 3505 953
p 2 0 712 208 3126 875
p 2 140 744 36 42751 2533
p 2 0 737 183 3273 938
p 2 85 797 38 42029 2377
p 2 0 732 188 3148 982
p 2 45 830 45 38213 2194
p 2 0 705 215 3206 966
p 2 37 821 62 37783 2100
p 2 0 680 240 2946 984
p 2 0 527 393 2425 728
p 2 232 622 66 42691 2927
p 2 0 626 294 2803 871
p 2 0 460 460 2019 621
p 2 205 650 65 45951 2870
p 2 0 645 275 2684 882
p 2 0 465 455 2288 626
p 2 262 606 52 49741 3154
p 2 0 595 325 2544 824
p 2 0 439 481 1908 621
p 2 59 807 54 42094 2247
p 2 0 651 269 2589 865
p 2 0 819 101 12192 1152
p 2 44 802 74 39987 2131
p 2 1 849 70 13279 1347
p 2 0 877 43 10080 1250
p 2 40 855 25 37466 2220
p 2 0 886 34 10816 1264
p 2 0 880 40 17308 1448
p 2 27 863 30 35492 2126
p 2 64 811 45 17737 1794
p 2 56 832 32 21005 1879
p 2 76 801 43 18450 1823
i 2 920 0 0 33775 4140
p 2 190 681 49 23380 2578
p 2 577 343 0 46041 4138
p 2 195 683 42 31919 2806
p 2 668 252 0 27808 3802
p 2 327 593 0 25039 3252
p 2 221 699 0 21787 2783
p 2 376 544 0 24382 3342
p 2 273 640 7 23568 2961
p 2 476 444 0 48763 3803
p 2 560 360 0 44912 3918
p 2 399 521 0 54160 3657
p 2 367 553 0 61354 3655
p 2 341 579 0 57156 3519
p 2 313 607 0 53890 3451
p 2 280 640 0 50302 3320
p 2 230 690 0 51826 3010
p 2 209 711 0 49382 2868
p 2 207 713 0 39067 2717
p 2 147 755 18 33109 2481
p 2 189 731 0 33878 2699
p 2 182 738 0 35019 2583
p 2 182 738 0 42138 2769
p 2 168 752 0 40019 2707
p 2 146 774 0 41648 2727
p 2 95 824 1 41389 2530
p 2 39 881 0 42988 2449
p 2 28 892 0 43073 2352
p 2 45 875 0 47171 2498
p 2 72 848 0 51428 2636
p 2 56 864 0 50930 2573
p 2 27 893 0 44140 2422
p 2 18 902 0 32410 2251
i 2 920 0 0 57836 3871
p 2 0 73 847 247 205
p 2 363 416 141 75968 3145
p 2 166 496 258 35965 2010
p 2 330 564 26 93340 3487
p 2 0 433 487 1710 591
p 2 380 534 6 98932 3707
p 2 0 449 471 1764 603
p 2 394 524 2 87920 3659
p 2 314 507 99 52230 2858
p 2 307 608 5 90886 3574
p 2 0 525 395 1985 687
p 2 362 552 6 82600 3602
p 2 0 469 451 1677 617
p 2 273 617 30 72633 3159
p 2 0 570 350 1916 733
p 2 85 772 63 59367 2254
p 2 0 626 294 2158 815
p 2 58 798 64 53072 2030
p 2 0 688 232 2709 828
p 2 8 800 112 33220 1467
p 2 3 692 225 15701 1033
p 2 5 827 88 27677 1332
p 2 0 541 379 1764 655
p 2 4 766 150 31332 1321
p 2 151 508 261 12387 1431
p 2 0 637 283 20426 929
i 2 920 0 0 64691 4179
p 2 0 306 614 9051 484
p 2 349 549 22 92552 3543
p 2 0 445 475 1580 580
i 2 920 0 0 64242 4171
p 2 0 110 810 286 242
p 2 590 329 1 84664 4278
p 2 0 355 565 1146 488
p 2 277 631 12 81649 3328
p 2 0 519 401 1912 662
p 2 370 531 19 82087 3623
p 2 0 485 435 1643 647
p 2 282 602 36 73356 3088
p 2 0 522 398 1554 659
p 2 226 638 56 61493 2697
p 2 0 561 359 1571 735
p 2 165 671 84 56855 2366
p 2 0 516 404 1489 679
p 2 60 742 118 50425 1849
p 2 0 615 305 1828 715
p 2 57 718 145 46964 1763
p 2 0 588 332 1778 697
p 2 20 743 157 39786 1548
p 2 0 594 326 2070 718
p 2 7 677 236 24322 1134
p 2 17 578 325 19982 1040
p 2 1 813 106 21264 1127
i 2 920 0 0 37383 3579
i 2 920 0 0 23387 3520
p 2 0 358 562 612 469
p 2 524 351 45 50010 3633
p 2 0 361 559 1019 515
p 2 471 426 23 62308 3662
p 2 0 344 576 1190 512
p 2 273 616 31 68625 3147
p 2 0 460 460 1529 635
p 2 355 559 6 73964 3409
p 2 0 534 386 1888 716
p 2 281 623 16 67839 3074
p 2 88 667 165 35339 1891
p 2 167 576 177 44190 2065
p 2 131 498 291 32256 1790
p 2 169 579 172 36735 2028
p 2 155 480 285 32312 1807
p 2 69 622 229 37323 1694
p 2 42 612 266 25749 1352
p 2 42 637 241 33334 1503
p 2 45 584 291 22990 1277
p 2 25 662 233 30128 1382
p 2 36 596 288 24754 1337
p 2 14 657 249 25759 1265
p 2 0 644 276 2072 758
p 2 12 792 116 30083 1443
p 2 0 501 419 1593 630
p 2 36 561 323 20932 1126
p 2 6 500 414 15464 939
p 2 122 546 252 30935 1758
p 2 0 406 514 1262 537
i 2 920 0 0 43024 3801
p 2 0 282 638 578 422
p 2 345 494 81 65745 3131
p 2 0 428 492 1195 586
p 2 243 572 105 78494 2996
p 2 77 486 357 10923 1099
p 2 396 464 60 76269 3414
i 2 920 0 0 53740 4093
p 2 247 637 36 68551 3102
p 2 93 674 153 37985 2057
p 2 28 706 186 36686 1524
p 2 92 705 123 36006 2065
p 2 17 814 89 36559 1510
p 2 103 773 44 49254 2173
p 2 0 849 71 29287 1254
p 2 468 445 7 52753 3512
p 2 0 862 58 20492 1298
p 2 252 655 13 52645 3120
p 2 0 871 49 21573 1400
p 2 129 763 28 44614 2696
p 2 0 806 114 12767 1228
p 2 105 752 63 38497 2440
p 2 0 815 105 14437 1349
p 2 38 817 65 37857 2098
p 2 1 861 58 14759 1375
p 2 268 590 62 31068 2865
p 2 1 829 90 11970 1501
p 2 49 758 113 20920 1819
p 2 0 820 100 9243 1359
i 2 920 0 0 29295 3650
p 2 34 809 77 13522 1482
i 2 920 0 0 32775 3732
p 2 51 773 96 13271 1500
p 2 323 498 99 37087 3071
p 2 103 666 151 21190 1940
p 2 275 553 92 48303 3272
p 2 88 743 89 35803 2277
p 2 164 661 95 48739 2758
p 2 106 715 99 38202 2372
p 2 149 690 81 49555 2716
p 2 82 766 72 37788 2300
p 2 133 730 57 50535 2757
p 2 63 790 67 39625 2237
p 2 124 742 54 48118 2593
p 2 84 797 39 39132 2373
p 2 75 797 48 34424 2244
p 2 71 805 44 39810 2276
p 2 72 803 45 36337 2276
p 2 83 778 59 34852 2172
p 2 92 779 49 37601 2329
p 2 96 783 41 39103 2425
p 2 95 775 50 35857 2350
p 2 84 790 46 35789 2298
p 2 101 774 45 37460 2390
p 2 93 783 44 37071 2348
p 2 110 771 39 37448 2490
p 2 106 770 44 37471 2370
p 2 84 791 45 36572 2311
p 2 109 754 57 35327 2319
p 2 129 730 61 37557 2479
p 2 93 783 44 35849 2360
p 2 98 773 49 37505 2391
p 2 102 778 40 36921 2488
p 2 92 784 44 32547 2306
p 2 134 753 33 39238 2585
i 2 920 0 0 56484 4204
p 2 0 919 1 15900 1211
p 2 0 918 2 17698 1186
p 2 0 918 2 19444 1216
p 2 0 918 2 17770 1207
p 2 1 918 1 18776 1233
p 2 0 917 3 19064 1226
p 2 0 918 2 17733 1216
p 2 0 917 3 18038 1209
p 2 0 920 0 18235 1224
p 2 0 916 4 18111 1230
p 2 0 918 2 18083 1234
p 2 0 919 1 18473 1231
p 2 0 919 1 18291 1215
p 2 0 917 3 18110 1211
p 2 0 919 1 18274 1241
p 2 0 919 1 18307 1230
p 2 0 919 1 18500 1218
p 2 0 920 0 18230 1226
p 2 0 919 1 18050 1239
p 2 0 920 0 18006 1225
p 2 0 920 0 18003 1217
p 2 0 919 1 18006 1237
p 2 0 919 1 18008 1221
p 2 0 918 2 17929 1225
p 2 0 919 1 17848 1218
p 2 0 920 0 18049 1213
p 2 0 920 0 17931 1219
p 2 0 920 0 18001 1235
p 2 0 920 0 17480 1208
p 2 0 920 0 18452 1230
p 2 0 920 0 18030 1223
p 2 0 919 1 18196 1222
p 2 0 916 4 18167 1220
p 2 0 920 0 18468 1225
p 2 0 920 0 18463 1224
p 2 0 919 1 18436 1226
p 2 0 920 0 18651 1231
p 2 0 919 1 18705 1250
p 2 0 919 1 18746 1239
i 2 920 0 0 21587 3514
p 2 0 402 518 563 500
p 2 0 397 523 498 478
p 2 0 229 691 345 336
p 2 0 262 658 393 367
p 2 0 165 755 285 278
p 2 0 166 754 300 284
p 2 0 137 783 264 258
p 2 0 157 763 275 270
p 2 0 123 797 259 244
p 2 0 147 773 281 270
p 2 0 102 818 239 229
p 2 0 121 799 261 246
p 2 0 140 780 281 258
p 2 0 103 817 233 224
p 2 0 125 795 257 245
p 2 0 120 800 253 243
p 2 0 117 803 264 245
i 2 920 0 0 27317 3808
p 2 0 902 18 5301 1153
p 2 0 893 27 6095 1139
p 2 0 909 11 6335 1143
p 2 0 907 13 6485 1147
p 2 0 914 6 6643 1153
p 2 0 910 10 6886 1167
p 2 0 909 11 6588 1155
p 2 0 910 10 6857 1173
p 2 0 914 6 6885 1176
p 2 0 912 8 6847 1170
p 2 0 911 9 6694 1185
p 2 0 909 11 6892 1175
p 2 0 908 12 6514 1177
p 2 0 910 10 6771 1187
p 2 0 909 11 6786 1191
p 2 0 911 9 6826 1197
p 2 0 904 16 7024 1196
p 2 0 903 17 6792 1165
p 2 0 904 16 6715 1181
p 2 0 906 14 6688 1160
p 2 0 905 15 6797 1189
p 2 0 903 17 6717 1164
p 2 0 908 12 6722 1186
p 2 0 902 18 6976 1177
p 2 0 903 17 6622 1179
p 2 0 899 21 6858 1177
p 2 0 910 10 6804 1196
p 2 0 905 15 6799 1199
p 2 0 908 12 6785 1201
p 2 0 908 12 6830 1200
p 2 0 909 11 6861 1200
p 2 0 902 18 6631 1177
p 2 0 918 2 6708 1203
p 2 0 898 22 6807 1180
p 2 0 916 4 6662 1212
p 2 0 911 9 6826 1202
p 2 0 907 13 6632 1194
p 2 0 906 14 6762 1191
i 2 920 0 0 21021 3905
p 2 2 808 110 7395 1276
p 2 97 801 22 18237 2473
p 2 0 821 99 7661 1317
p 2 89 808 23 19776 2567
p 2 0 846 74 7621 1392
p 2 64 826 30 17811 2402
p 2 0 835 85 7503 1375
p 2 13 889 18 14475 1970
p 2 0 839 81 7881 1371
p 2 15 884 21 14086 1967
p 2 0 839 81 8111 1387
p 2 10 885 25 13231 1884
p 2 4 812 104 7911 1402
p 2 3 773 144 7982 1327
p 2 1 760 159 8143 1306
p 2 5 753 162 8158 1311
p 2 4 764 152 8016 1316
i 2 920 0 0 39120 3896
p 2 0 915 5 14302 1197
p 2 0 905 15 16018 1212
p 2 0 898 22 15627 1224
p 2 0 904 16 15831 1217
p 2 0 911 9 15905 1252
p 2 0 909 11 15845 1216
p 2 0 902 18 15930 1233
p 2 0 902 18 15741 1238
p 2 0 909 11 15823 1262
p 2 0 908 12 15748 1272
p 2 0 894 26 16285 1258
p 2 0 902 18 16075 1239
p 2 0 909 11 16329 1278
p 2 0 908 12 16058 1264
p 2 1 897 22 16073 1271
p 2 0 909 11 16118 1286
p 2 0 894 26 16238 1275
p 2 0 913 7 15847 1275
p 2 0 906 14 15762 1274
p 2 0 907 13 15866 1264
p 2 0 902 18 15658 1254
p 2 0 913 7 15837 1268
p 2 0 904 16 16133 1263
p 2 0 913 7 15963 1258
p 2 0 907 13 16505 1269
p 2 1 911 8 15973 1257
p 2 0 906 14 16117 1254
p 2 0 913 7 16080 1251
p 2 0 903 17 16125 1251
p 2 0 909 11 16250 1270
p 2 0 909 11 16237 1263
p 2 0 911 9 16364 1255
p 2 0 907 13 16400 1268
p 2 0 905 15 16289 1257
p 2 0 910 10 16039 1257
p 2 0 904 16 16051 1286
p 2 0 905 15 16222 1288
p 2 0 909 11 15897 1260
p 2 0 906 14 16385 1286
p 2 0 910 10 16373 1265
p 2 0 906 14 16497 1270
p 2 1 910 9 16429 1294
p 2 0 906 14 16522 1270
p 2 0 906 14 16445 1271
p 2 0 902 18 16880 1275
p 2 1 915 4 16724 1266
i 2 920 0 0 20837 3482
p 2 0 874 46 2926 1066
p 2 0 889 31 3054 1058
p 2 0 871 49 3073 1020
p 2 0 887 33 3216 1036
p 2 0 864 56 3356 1048
p 2 0 908 12 3374 1057
p 2 0 885 35 3373 1058
p 2 0 883 37 3361 1048
p 2 0 886 34 3442 1063
p 2 0 902 18 3393 1059
p 2 0 867 53 3482 1049
p 2 0 891 29 3338 1057
p 2 0 875 45 3460 1055
p 2 0 896 24 3417 1048
p 2 0 877 43 3312 1020
p 2 0 882 38 3317 1028
p 2 0 869 51 3435 1028
p 2 0 886 34 3262 1033
p 2 0 879 41 3422 1051
p 2 0 871 49 3333 1032
p 2 0 879 41 3412 1035
p 2 0 879 41 3389 1040
p 2 0 843 77 3535 1026
p 2 0 866 54 3314 1016
p 2 0 882 38 3287 1028
p 2 0 903 17 3476 1064
p 2 0 879 41 3549 1043
p 2 0 894 26 3501 1048
p 2 0 897 23 3441 1050
p 2 0 893 27 3497 1071
p 2 0 876 44 3568 1047
p 2 0 892 28 3499 1072
p 2 0 869 51 3631 1064
p 2 0 878 42 3366 1034
p 2 0 892 28 3512 1044
p 2 0 897 23 3483 1057
p 2 0 871 49 3395 1034
p 2 0 891 29 3526 1053
p 2 0 878 42 3536 1056
p 2 0 885 35 3483 1047
p 2 0 886 34 3414 1033
p 2 0 875 45 3489 1038
p 2 0 864 56 3382 1027
p 2 0 890 30 3525 1061
p 2 0 867 53 3477 1041
p 2 0 882 38 3530 1052
p 2 0 868 52 3378 1035
p 2 0 888 32 3445 1048
p 2 0 891 29 3448 1063
p 2 0 894 26 3541 1064
p 2 0 896 24 3426 1070
p 2 0 878 42 3506 1063
p 2 0 883 37 3499 1063
p 2 0 896 24 3497 1057
p 2 0 877 43 3455 1053
p 2 0 904 16 3496 1054
p 2 0 854 66 3569 1042
p 2 0 886 34 3433 1036
p 2 0 875 45 3439 1022
p 2 0 884 36 3487 1045
p 2 0 869 51 3431 1027
p 2 0 898 22 3575 1058
i 2 920 0 0 31565 4118
p 2 0 890 30 2647 1024
p 2 0 905 15 2874 993
p 2 0 895 25 3460 993
p 2 0 900 20 3486 984
p 2 0 887 33 3681 976
p 2 0 908 12 3583 968
p 2 0 891 29 3131 949
p 2 0 901 19 3487 970
p 2 0 903 17 3522 977
p 2 0 909 11 3689 978
p 2 0 902 18 3429 974
p 2 0 899 21 3736 963
p 2 0 889 31 3529 965
p 2 0 904 16 3690 987
p 2 0 905 15 3652 989
p 2 0 906 14 3716 989
p 2 0 893 27 3618 962
p 2 0 910 10 3849 994
p 2 0 891 29 3843 987
p 2 0 899 21 3510 991
p 2 0 904 16 3769 989
p 2 0 907 13 3732 992
p 2 0 902 18 3904 984
p 2 0 894 26 3859 976
p 2 0 908 12 3390 979
p 2 0 894 26 3874 995
p 2 0 903 17 3834 990
p 2 0 915 5 3969 1000
p 2 0 892 28 3631 973
p 2 0 897 23 3578 990
p 2 0 895 25 3793 996
p 2 0 901 19 3839 997
p 2 0 903 17 4032 1003
p 2 0 900 20 3834 1006
p 2 0 910 10 3925 1010
p 2 0 908 12 3874 1012
p 2 0 896 24 3809 991
p 2 0 888 32 3704 985
p 2 0 900 20 3922 1008
p 2 0 906 14 3750 989
p 2 0 897 23 3943 1017
i 2 920 0 0 30498 3960
p 2 0 462 458 686 585
p 2 0 383 537 536 491
p 2 0 280 640 447 398
p 2 0 264 656 404 373
p 2 0 148 772 295 274
p 2 0 196 724 313 298
p 2 0 114 806 239 230
p 2 0 167 753 307 279
p 2 36 549 335 27641 1692
p 2 0 471 449 1344 621
p 2 0 255 665 554 387
p 2 56 582 282 27463 1879
p 2 0 446 474 1268 612
p 2 0 244 676 540 380
p 2 86 497 337 25581 1884
p 2 0 444 476 1216 601
p 2 0 281 639 585 412
p 2 17 618 285 18259 1488
p 2 0 457 463 1243 621
p 2 0 271 649 563 402
p 2 2 575 343 13667 1164
p 2 0 438 482 1252 593
p 2 0 323 597 673 453
p 2 2 571 347 11836 1024
p 2 0 423 497 1129 568
p 2 0 306 614 738 433
p 2 0 564 356 11575 1041
p 2 0 452 468 1190 591
p 2 0 408 512 769 512
p 2 0 253 667 504 365
p 2 0 289 631 542 392
p 2 0 288 632 559 396
p 2 0 153 767 384 284
p 2 0 275 645 495 374
p 2 0 252 668 453 348
p 2 0 156 764 392 282
p 2 0 123 797 342 252
p 2 0 101 819 300 231
p 2 0 195 725 394 306
p 2 0 86 834 252 217
p 2 0 147 773 337 267
p 2 0 127 793 334 253
p 2 0 170 750 353 282
p 2 0 219 701 510 345
i 2 920 0 0 41244 4178
p 2 0 303 617 572 440
p 2 0 268 652 436 383
p 2 0 157 763 1361 309
p 2 0 158 762 676 290
p 2 0 111 809 321 244
p 2 6 130 784 3186 345
p 2 0 94 826 344 232
p 2 12 153 755 5623 451
p 2 0 138 782 508 277
p 2 25 112 783 5888 494
p 2 0 112 808 525 252
p 2 29 121 770 7606 569
p 2 0 118 802 533 262
p 2 34 154 732 8280 657
p 2 0 132 788 531 271
p 2 41 142 737 8734 694
p 2 0 129 791 598 274
p 2 47 173 700 11385 796
p 2 0 140 780 592 290
p 2 54 145 721 12863 823
p 2 0 168 752 2062 336
p 2 66 158 696 14546 940
p 2 0 153 767 1145 308
p 2 58 207 655 16770 1011
p 2 0 220 700 1030 374
p 2 59 192 669 15266 977
p 2 0 198 722 2374 381
p 2 37 214 669 15686 885
p 2 0 208 712 1264 371
p 2 23 252 645 15291 822
p 2 0 214 706 1140 376
p 2 26 229 665 10151 736
p 2 0 244 676 2364 425
p 2 19 218 683 8657 661
p 2 0 206 714 1264 363
p 2 4 233 683 8948 569
p 2 0 188 732 1058 336
p 2 0 179 741 3895 403
p 2 0 212 708 4897 432
p 2 1 185 734 3569 413
p 2 0 183 737 4066 384
p 2 0 170 750 2700 360
p 2 0 171 749 3922 374
p 2 0 145 775 547 285
p 2 0 189 731 6024 429
p 2 0 140 780 586 285
p 2 0 156 764 3034 342
p 2 0 132 788 1474 292
p 2 0 150 770 3111 340
p 2 0 115 805 487 257
p 2 0 146 774 4098 352
p 2 0 137 783 564 279
p 2 0 80 840 756 223
p 2 0 111 809 1443 275
p 2 0 83 837 702 228
p 2 0 58 862 277 194
p 2 0 90 830 1686 254
p 2 0 82 838 377 219
p 2 0 52 868 535 191
p 2 0 76 844 292 209
p 2 0 48 872 236 183
p 2 0 36 884 209 171
p 2 0 67 853 279 201
p 2 0 46 874 228 182
p 2 0 37 883 212 172
p 2 0 64 856 267 199
p 2 0 29 891 186 164
p 2 0 35 885 202 167
p 2 0 63 857 260 197
p 2 0 34 886 204 169
p 2 0 69 851 271 201
p 2 0 51 869 245 186
p 2 0 63 857 268 197
p 2 0 81 839 281 212
i 2 920 0 0 27051 3625
p 2 0 446 474 593 525
p 2 50 493 377 11503 1117
p 2 0 344 576 640 460
p 2 54 346 520 8596 888
p 2 0 187 733 485 318
p 2 3 272 645 3746 479
p 2 0 238 682 487 348
p 2 0 205 715 3671 413
p 2 0 245 675 474 342
p 2 0 243 677 3183 414
p 2 0 233 687 449 348
p 2 0 235 685 3208 406
p 2 0 187 733 3377 373
p 2 0 214 706 462 325
p 2 2 203 715 3900 415
p 2 0 226 694 467 330
p 2 0 127 793 319 251
p 2 10 225 685 5063 498
p 2 0 181 739 413 303
p 2 4 142 774 2345 361
p 2 0 126 794 349 259
p 2 1 155 764 888 312
p 2 0 163 757 368 287
i 2 920 0 0 41582 4091
p 2 0 885 35 9022 1188
p 2 0 888 32 10452 1172
p 2 45 860 15 29991 1853
p 2 5 893 22 10337 1210
p 2 0 900 20 10302 1216
p 2 8 892 20 24404 1571
p 2 1 893 26 10158 1257
p 2 6 875 39 10292 1220
p 2 8 895 17 19354 1479
p 2 1 903 16 11514 1356
p 2 42 876 2 16824 1675
p 2 74 838 8 24531 2058
p 2 142 777 1 19944 2252
p 2 114 803 3 19465 2178
p 2 93 826 1 24872 2326
p 2 98 820 2 19329 2300
p 2 55 865 0 18288 2163
p 2 84 830 6 23414 2249
p 2 105 813 2 22287 2400
p 2 91 826 3 21948 2308
p 2 87 831 2 24638 2449
p 2 72 848 0 20498 2260
p 2 102 817 1 20999 2421
p 2 85 835 0 19667 2302
p 2 67 852 1 20968 2296
p 2 86 830 4 21065 2381
p 2 85 832 3 23083 2392
p 2 50 868 2 22370 2237
p 2 67 853 0 24209 2421
p 2 93 819 8 21501 2371
p 2 52 866 2 22941 2346
p 2 94 819 7 21797 2369
p 2 74 843 3 22184 2372
p 2 85 824 11 22709 2324
p 2 125 791 4 23522 2508
p 2 99 812 9 22987 2442
p 2 118 798 4 21353 2503
p 2 86 820 14 21523 2347
p 2 103 808 9 20912 2414
p 2 76 831 13 21515 2363
p 2 84 830 6 22774 2411
i 2 920 0 0 2689 2598
p 2 0 1 919 138 138
p 2 449 274 197 19846 2701
p 2 178 625 117 22485 2341
p 2 176 665 79 28464 2554
p 2 234 650 36 34637 2846
p 2 246 658 16 39472 2998
p 2 247 663 10 43582 3041
p 2 208 708 4 44084 2951
p 2 183 737 0 43681 2875
p 2 83 837 0 35061 2481
p 2 5 915 0 14439 1522
p 2 0 639 281 1981 788
p 2 0 211 709 541 339
p 2 0 159 761 399 286
p 2 0 92 828 289 224
p 2 0 553 367 1789 686
p 2 0 474 446 1578 597
p 2 0 481 439 1516 608
p 2 0 461 459 1540 594
p 2 0 371 549 1155 497
p 2 0 403 517 1196 521
p 2 0 368 552 1131 490
p 2 0 356 564 1061 476
p 2 0 342 578 1062 470
p 2 0 290 630 912 416
p 2 0 301 619 898 423
p 2 0 266 654 804 385
p 2 0 260 660 802 380
p 2 0 304 616 906 423
p 2 0 264 656 798 387
p 2 0 236 684 721 360
p 2 0 213 707 656 335
p 2 0 253 667 722 370
p 2 0 168 752 498 292
p 2 0 166 754 485 287
p 2 0 141 779 442 265
p 2 0 110 810 364 235
p 2 0 178 742 556 303
p 2 0 117 803 409 244
p 2 0 101 819 366 231
p 2 0 141 779 474 270
p 2 0 127 793 412 255
p 2 0 93 827 333 221
p 2 0 151 769 454 275
p 2 0 114 806 385 240
p 2 0 88 832 337 218
p 2 0 127 793 397 252
p 2 0 105 815 368 234
p 2 0 68 852 280 198
p 2 0 112 808 373 239
p 2 0 99 821 355 228
p 2 0 177 743 552 302
p 2 0 228 692 671 353
i 2 920 0 0 2597 2597
p 2 0 785 135 1412 922
p 2 0 0 920 137 137
p 2 0 0 920 137 137
p 2 0 0 920 137 137
p 2 0 0 920 137 137
p 2 0 0 920 137 137
p 2 0 0 920 137 137
p 2 0 0 920 137 137
p 2 0 0 920 137 137
p 2 0 0 920 137 137
p 2 0 0 920 137 137
p 2 0 0 920 137 137
p 2 0 0 920 137 137
p 2 0 0 920 137 137
p 2 0 0 920 137 137
p 2 0 0 920 137 137
p 2 0 0 920 137 137
p 2 0 0 920 137 137
p 2 0 0 920 137 137
p 2 0 0 920 137 137
p 2 0 0 920 137 137
p 2 0 0 920 137 137
p 2 0 0 920 137 137
p 2 0 0 920 137 137
p 2 0 0 920 137 137
p 2 0 0 920 137 137
p 2 0 0 920 137 137
p 2 0 0 920 137 137
p 2 0 0 920 137 137
p 2 0 0 920 137 137
p 2 0 0 920 137 137
p 2 0 0 920 137 137
p 2 0 0 920 137 137
p 2 0 0 920 137 137
p 2 0 0 920 137 137
p 2 0 0 920 137 137
p 2 0 0 920 137 137
p 2 0 0 920 137 137
p 2 0 0 920 137 137
p 2 0 0 920 137 137
p 2 0 0 920 137 137
p 2 0 0 920 137 137
p 2 0 0 920 137 137
p 2 0 0 920 137 137
p 2 0 0 920 137 137
p 2 0 0 920 137 137
p 2 0 0 920 137 137
p 2 0 0 920 137 137
p 2 0 0 920 137 137
p 2 0 0 920 137 137
p 2 0 0 920 137 137
p 2 0 0 920 137 137
p 2 0 0 920 137 137
p 2 0 0 920 137 137
p 2 0 0 920 137 137
p 2 0 0 920 137 137
p 2 0 0 920 137 137
p 2 0 0 920 137 137
p 2 0 0 920 137 137
p 2 0 0 920 137 137
p 2 0 0 920 137 137
p 2 0 0 920 137 137
p 2 0 0 920 137 137
p 2 0 0 920 137 137
p 2 0 0 920 137 137
p 2 0 0 920 137 137
p 2 0 0 920 137 137
p 2 0 0 920 137 137
p 2 0 0 920 137 137
p 2 0 0 920 137 137
p 2 0 0 920 137 137
p 2 0 0 920 137 137
p 2 0 0 920 137 137
p 2 0 0 920 137 137
p 2 0 0 920 137 137
p 2 0 0 920 137 137
p 2 0 0 920 137 137
p 2 0 0 920 137 137
p 2 0 0 920 137 137
p 2 0 0 920 137 137
p 2 0 0 920 137 137
p 2 0 0 920 137 137
p 2 0 0 920 137 137
p 2 0 0 920 137 137
i 2 920 0 0 2596 2596
p 2 0 0 920 137 137
p 2 0 0 920 137 137
p 2 0 0 920 137 137
p 2 0 0 920 137 137
p 2 0 0 920 137 137
p 2 0 0 920 137 137
p 2 0 0 920 137 137
p 2 0 0 920 137 137
p 2 0 0 920 137 137
p 2 0 0 920 137 137
p 2 0 0 920 137 137
p 2 0 0 920 137 137
p 2 0 0 920 137 137
p 2 0 0 920 137 137
p 2 0 0 920 137 137
p 2 0 0 920 137 137
p 2 0 0 920 137 137
p 2 0 0 920 137 137
p 2 0 0 920 137 137
p 2 0 0 920 137 137
p 2 0 0 920 137 137
p 2 0 0 920 137 137
p 2 0 0 920 137 137
