# XviD 2pass stat file (core version 1.4.-127)
# Please do not modify this file

i 2 920 0 0 2596 2596
p 2 0 0 920 137 137
p 2 0 0 920 137 137
p 2 0 0 920 137 137
p 2 0 0 920 137 137
p 2 0 0 920 137 137
p 2 0 0 920 137 137
p 2 0 0 920 137 137
p 2 0 0 920 137 137
p 2 0 0 920 137 137
p 2 0 0 920 137 137
p 2 0 0 920 137 137
p 2 0 0 920 137 137
p 2 0 0 920 137 137
p 2 0 0 920 137 137
p 2 0 0 920 137 137
p 2 0 0 920 137 137
p 2 0 0 920 137 137
p 2 0 0 920 137 137
p 2 0 0 920 137 137
p 2 0 0 920 137 137
p 2 0 0 920 137 137
p 2 0 0 920 137 137
p 2 0 0 920 137 137
i 2 920 0 0 30257 3784
p 2 0 742 178 6675 1021
p 2 0 760 160 7949 1055
p 2 0 750 170 8105 1031
p 2 0 731 189 8603 1042
p 2 0 729 191 8426 1059
p 2 0 698 222 8622 1027
p 2 2 700 218 8781 1028
p 2 0 715 205 9157 1045
p 2 0 700 220 8736 1048
p 2 0 693 227 9076 1040
p 2 0 711 209 9145 1079
p 2 0 739 181 9228 1100
p 2 0 703 217 9045 1058
p 2 0 699 221 9088 1059
p 2 0 764 156 9476 1118
p 2 0 733 187 9334 1092
p 2 0 749 171 9584 1112
p 2 0 720 200 9541 1080
p 2 0 744 176 9486 1110
p 2 0 752 168 9854 1118
p 2 0 759 161 9987 1129
p 2 0 764 156 10214 1133
p 2 0 731 189 10174 1115
p 2 0 757 163 10495 1128
p 2 0 756 164 10666 1135
p 2 1 778 141 10616 1150
p 2 0 733 187 10895 1135
p 2 0 756 164 10915 1148
p 2 0 762 158 11140 1164
p 2 0 781 139 10861 1150
p 2 0 748 172 11045 1143
p 2 0 762 158 11128 1165
p 2 0 764 156 11476 1176
p 2 0 742 178 11181 1141
p 2 0 778 142 11378 1174
p 2 0 765 155 11302 1159
p 2 0 769 151 11704 1176
p 2 0 743 177 11440 1141
p 2 0 760 160 11534 1165
p 2 0 785 135 11714 1188
p 2 0 774 146 11651 1175
p 2 0 795 125 12333 1181
p 2 0 765 155 12220 1161
p 2 0 751 169 12121 1151
p 2 0 764 156 12161 1156
p 2 0 775 145 12338 1183
p 2 0 774 146 12024 1170
p 2 0 782 138 12352 1187
p 2 0 782 138 12261 1187
p 2 0 775 145 12636 1193
p 2 0 804 116 12662 1214
p 2 0 778 142 13002 1200
p 2 0 793 127 12966 1205
p 2 0 796 124 13058 1216
p 2 0 788 132 12956 1189
p 2 0 802 118 13312 1209
p 2 0 793 127 13309 1208
p 2 0 794 126 13560 1201
p 2 0 809 111 13441 1227
p 2 0 788 132 13260 1198
p 2 0 779 141 13334 1211
p 2 0 807 113 13511 1220
p 2 0 809 111 13143 1218
p 2 0 797 123 13441 1208
p 2 0 786 134 13509 1204
p 2 0 814 106 13684 1238
p 2 0 818 102 13254 1222
p 2 0 799 121 13549 1211
p 2 0 811 109 13461 1238
p 2 0 817 103 13853 1259
p 2 0 812 108 13648 1251
p 2 0 792 128 13965 1235
p 2 0 794 126 13990 1238
p 2 0 805 115 14377 1250
p 2 0 805 115 14402 1233
p 2 0 813 107 14719 1247
p 2 0 822 98 14558 1263
p 2 1 803 116 14832 1259
p 2 0 796 124 14696 1250
p 2 0 802 118 14838 1256
p 2 0 801 119 14824 1248
p 2 0 820 100 14948 1275
p 2 0 817 103 14909 1264
p 2 0 808 112 15022 1268
p 2 2 819 99 15051 1287
p 2 0 816 104 15597 1294
p 2 0 817 103 15153 1287
p 2 0 824 96 15549 1287
p 2 0 819 101 15570 1289
p 2 0 836 84 16065 1320
p 2 0 821 99 15932 1291
p 2 0 816 104 16114 1287
p 2 0 811 109 16478 1297
p 2 0 812 108 16622 1309
p 2 2 817 101 17245 1337
p 2 0 809 111 17057 1325
p 2 0 820 100 17301 1318
p 2 0 815 105 17448 1307
p 2 0 836 84 17788 1345
p 2 0 818 102 17401 1294
p 2 0 839 81 17414 1324
p 2 0 827 93 17587 1318
p 2 0 837 83 17584 1331
p 2 0 828 92 18273 1314
p 2 0 839 81 17898 1339
p 2 0 822 98 18261 1333
p 2 1 835 84 18686 1365
p 2 1 832 87 19165 1363
p 2 0 840 80 19070 1355
p 2 1 819 100 18929 1366
p 2 0 840 80 19086 1359
p 2 0 831 89 19357 1351
p 2 0 850 70 19376 1379
p 2 0 823 97 19484 1350
p 2 0 839 81 19031 1371
p 2 0 829 91 19320 1360
p 2 0 845 75 18927 1365
p 2 0 814 106 19106 1341
p 2 0 834 86 19262 1377
p 2 0 826 94 19320 1369
p 2 0 838 82 19320 1378
p 2 2 826 92 19494 1373
p 2 0 833 87 19547 1370
p 2 0 825 95 19685 1360
p 2 0 831 89 19409 1374
p 2 0 824 96 19597 1370
p 2 0 826 94 19684 1368
p 2 0 829 91 19888 1384
p 2 0 836 84 19411 1382
p 2 0 818 102 19851 1380
p 2 0 822 98 19667 1381
p 2 0 841 79 19789 1396
p 2 0 826 94 19490 1357
p 2 0 822 98 19837 1379
p 2 0 820 100 19950 1382
p 2 0 831 89 20308 1393
p 2 0 832 88 19672 1381
p 2 0 809 111 20230 1378
p 2 0 825 95 20086 1386
p 2 0 825 95 20334 1393
p 2 0 818 102 19648 1372
p 2 0 825 95 20028 1401
p 2 0 815 105 19708 1394
p 2 0 823 97 20090 1407
p 2 0 830 90 19328 1407
p 2 0 822 98 19867 1398
p 2 0 830 90 19421 1416
p 2 0 813 107 19691 1364
p 2 0 817 103 19417 1379
p 2 0 811 109 19725 1366
p 2 0 808 112 19496 1348
p 2 0 814 106 19832 1374
p 2 0 818 102 19338 1368
p 2 0 814 106 19606 1374
p 2 0 798 122 19426 1352
p 2 0 839 81 19701 1388
p 2 0 812 108 19193 1345
p 2 0 822 98 19520 1366
p 2 0 799 121 19339 1347
p 2 0 819 101 19821 1364
p 2 0 798 122 19522 1349
p 2 0 822 98 19697 1369
p 2 0 802 118 19614 1341
p 2 0 811 109 19652 1362
p 2 0 788 132 20054 1352
p 2 0 817 103 19602 1358
p 2 0 801 119 19628 1347
p 2 0 829 91 19570 1357
p 2 0 800 120 19841 1350
p 2 0 819 101 19529 1339
p 2 0 804 116 19849 1331
p 2 0 827 93 19534 1337
p 2 0 795 125 19974 1335
p 2 0 816 104 19581 1334
p 2 0 798 122 19644 1310
p 2 0 814 106 19387 1321
p 2 0 792 128 19701 1313
p 2 0 822 98 19219 1330
p 2 0 797 123 19304 1294
p 2 0 808 112 19302 1307
p 2 0 800 120 19612 1315
p 2 0 809 111 19081 1304
p 2 0 785 135 19376 1276
p 2 0 825 95 19080 1312
p 2 0 794 126 19329 1297
p 2 0 790 130 18732 1269
p 2 0 787 133 19015 1271
p 2 0 811 109 18797 1294
p 2 0 780 140 19182 1281
p 2 0 814 106 18583 1271
p 2 0 780 140 18920 1253
p 2 0 805 115 18791 1279
p 2 0 810 110 18777 1279
p 2 0 785 135 18510 1255
p 2 0 777 143 18730 1258
p 2 0 799 121 18561 1248
p 2 0 804 116 19048 1268
p 2 0 822 98 18651 1274
p 2 0 769 151 18725 1215
p 2 0 809 111 18551 1246
p 2 0 769 151 18909 1217
p 2 0 795 125 18292 1222
p 2 0 768 152 18868 1200
p 2 0 785 135 18650 1221
p 2 0 775 145 19050 1227
p 2 0 787 133 18375 1227
p 2 0 757 163 18759 1175
p 2 0 798 122 18422 1213
p 2 0 807 113 18599 1240
p 2 0 784 136 18232 1191
p 2 0 766 154 18286 1190
p 2 0 827 93 18088 1229
p 2 0 771 149 18456 1217
p 2 0 794 126 18238 1207
p 2 0 750 170 18289 1164
p 2 0 813 107 18228 1213
p 2 0 779 141 18432 1209
p 2 0 795 125 17823 1198
p 2 0 773 147 18082 1165
p 2 0 786 134 17748 1182
p 2 0 756 164 18200 1180
p 2 0 802 118 17699 1192
p 2 0 761 159 17959 1179
p 2 0 797 123 17490 1170
p 2 0 773 147 17861 1168
p 2 0 802 118 17287 1175
p 2 0 749 171 17548 1129
p 2 0 799 121 17723 1166
p 2 0 760 160 17922 1159
p 2 0 771 149 17332 1145
p 2 0 753 167 17332 1129
p 2 0 784 136 17294 1152
p 2 0 772 148 17474 1146
p 2 0 776 144 16840 1121
p 2 0 725 195 17202 1091
p 2 0 777 143 16936 1127
p 2 0 749 171 17438 1135
p 2 0 757 163 16735 1115
p 2 0 726 194 17101 1099
p 2 0 786 134 16933 1144
p 2 0 743 177 17088 1121
p 2 0 786 134 16589 1129
p 2 0 724 196 16824 1090
p 2 0 795 125 16723 1127
p 2 0 752 168 16911 1138
p 2 0 766 154 16247 1099
p 2 0 726 194 16435 1096
p 2 0 778 142 16273 1102
p 2 0 736 184 16450 1114
p 2 0 813 107 16612 1167
p 2 0 753 167 15917 1090
p 2 0 790 130 16143 1106
p 2 0 721 199 15900 1072
p 2 0 782 138 16074 1092
p 2 0 691 229 15656 1032
p 2 0 806 114 15753 1114
p 2 0 733 187 15889 1075
p 2 0 768 152 15605 1086
p 2 0 707 213 15964 1051
p 2 0 758 162 15394 1055
p 2 0 701 219 15607 1035
p 2 0 761 159 15285 1059
p 2 0 707 213 15574 1064
p 2 0 792 128 15293 1095
p 2 0 701 219 15205 1037
p 2 0 792 128 15001 1088
p 2 0 721 199 15190 1055
p 2 0 781 139 14721 1081
p 2 0 732 188 14862 1053
p 2 0 780 140 14760 1087
p 2 0 711 209 14566 1037
p 2 0 787 133 14790 1086
p 2 0 704 216 14522 1026
p 2 0 736 184 14538 1025
p 2 0 679 241 14314 1003
p 2 0 785 135 14665 1081
p 2 0 700 220 13997 1020
p 2 0 748 172 14408 1033
p 2 0 686 234 14162 1008
p 2 0 792 128 14437 1071
p 2 0 703 217 14081 1018
p 2 0 777 143 14261 1050
p 2 0 664 256 14036 984
p 2 0 794 126 14246 1083
p 2 0 720 200 13738 1029
p 2 0 747 173 13942 1040
p 2 0 717 203 13838 1026
p 2 0 813 107 14111 1085
p 2 0 731 189 13605 1031
p 2 0 749 171 13899 1015
p 2 0 683 237 13570 986
p 2 0 791 129 14032 1060
p 2 0 711 209 13408 1007
p 2 0 733 187 13808 1010
p 2 0 703 217 13514 1003
p 2 0 780 140 13660 1047
p 2 0 723 197 13107 1016
p 2 0 743 177 13470 1020
p 2 0 684 236 13073 977
p 2 0 778 142 13432 1039
p 2 0 712 208 12841 993
p 2 0 709 211 13257 970
p 2 0 687 233 12962 961
p 2 0 799 121 13538 1054
p 2 0 702 218 12842 973
p 2 0 732 188 13414 996
p 2 0 645 275 13057 938
p 2 0 769 151 13366 1029
p 2 0 704 216 12949 977
p 2 0 719 201 13304 982
p 2 0 664 256 13074 953
p 2 0 765 155 13370 1014
p 2 0 653 267 12940 939
p 2 0 701 219 13416 962
p 2 0 643 277 13007 926
p 2 0 732 188 13422 995
p 2 0 686 234 12825 970
p 2 0 689 231 13097 939
p 2 0 693 227 12990 970
p 2 0 776 144 13442 1027
p 2 0 668 252 12721 934
p 2 0 732 188 13059 993
p 2 0 682 238 12765 953
p 2 0 782 138 13196 1042
p 2 0 664 256 12494 941
p 2 0 698 222 12930 959
p 2 0 648 272 12752 926
p 2 0 751 169 12998 999
p 2 0 700 220 12464 973
p 2 0 688 232 12914 945
p 2 0 678 242 12543 958
p 2 0 741 179 12786 992
p 2 0 660 260 12170 938
p 2 0 693 227 12645 949
p 2 0 663 257 12413 946
p 2 0 759 161 12775 1013
p 2 0 698 222 12297 965
p 2 0 700 220 12566 954
p 2 0 683 237 12407 965
p 2 0 752 168 12634 990
p 2 0 663 257 12182 935
p 2 0 735 185 12320 961
p 2 0 659 261 12280 933
p 2 0 748 172 12554 977
p 2 0 692 228 12165 958
p 2 0 705 215 12425 936
p 2 0 681 239 12263 953
p 2 0 743 177 12516 979
p 2 0 671 249 12224 945
p 2 0 662 258 12284 914
p 2 0 618 302 12286 905
p 2 0 768 152 12400 1002
p 2 0 685 235 12025 949
p 2 0 684 236 12151 921
p 2 0 606 314 12040 882
p 2 0 715 205 12354 965
p 2 0 682 238 11703 944
p 2 0 731 189 12196 961
p 2 0 677 243 12234 961
i 2 920 0 0 18826 3699
p 2 0 879 41 2431 1095
p 2 1 910 9 5350 1123
p 2 0 906 14 2541 1092
p 2 0 912 8 5823 1167
p 2 0 902 18 3097 1140
p 2 1 908 11 6884 1204
p 2 0 903 17 3146 1123
p 2 1 906 13 7073 1211
p 2 0 907 13 3229 1127
p 2 3 913 4 6881 1219
p 2 0 904 16 3176 1136
p 2 0 913 7 6949 1239
p 2 0 904 16 3530 1177
p 2 0 913 7 7322 1250
p 2 0 903 17 3731 1189
p 2 0 915 5 7029 1247
p 2 0 909 11 3619 1185
p 2 0 901 19 3596 1184
p 2 0 913 7 6686 1214
p 2 0 906 14 3414 1177
p 2 0 898 22 3347 1145
p 2 1 915 4 6471 1237
p 2 0 910 10 3592 1200
p 2 0 913 7 6477 1187
p 2 0 908 12 3305 1160
p 2 0 917 3 6339 1206
p 2 0 911 9 3170 1161
p 2 1 912 7 6692 1189
p 2 0 911 9 3361 1163
p 2 0 917 3 6342 1199
p 2 0 912 8 3171 1140
p 2 0 912 8 6672 1184
p 2 0 912 8 3325 1172
p 2 2 914 4 6533 1190
p 2 0 910 10 3044 1142
p 2 0 914 6 6751 1190
p 2 0 912 8 3095 1147
p 2 0 910 10 6220 1180
p 2 0 911 9 2957 1134
p 2 0 904 16 3016 1127
p 2 0 911 9 6413 1179
p 2 0 905 15 3167 1144
p 2 0 912 8 6047 1180
p 2 0 910 10 3385 1156
p 2 1 910 9 6040 1154
p 2 0 910 10 2948 1126
p 2 0 914 6 6265 1180
p 2 0 914 6 3037 1133
p 2 1 910 9 6652 1189
p 2 0 902 18 3028 1124
p 2 2 910 8 6447 1172
p 2 0 910 10 3056 1125
p 2 0 914 6 6642 1192
p 2 0 904 16 2912 1115
p 2 0 912 8 6502 1169
p 2 0 907 13 2842 1095
p 2 1 910 9 6660 1172
p 2 0 905 15 2931 1100
p 2 0 916 4 6353 1166
p 2 0 911 9 2805 1109
p 2 0 906 14 2732 1100
p 2 0 913 7 5907 1135
p 2 0 908 12 2675 1095
p 2 1 911 8 5729 1140
p 2 0 905 15 2653 1090
p 2 0 913 7 5817 1134
p 2 0 910 10 2747 1103
p 2 0 913 7 5625 1138
p 2 0 912 8 2822 1101
p 2 2 914 4 6427 1159
p 2 0 905 15 3286 1139
p 2 0 915 5 6193 1166
p 2 0 911 9 2898 1103
p 2 0 914 6 6459 1140
p 2 0 912 8 2845 1108
p 2 0 914 6 6456 1161
p 2 0 907 13 3284 1127
p 2 0 913 7 6565 1154
p 2 0 906 14 2931 1118
p 2 0 912 8 6034 1166
p 2 0 909 11 2833 1109
p 2 0 905 15 2854 1091
p 2 0 914 6 6553 1167
p 2 0 904 16 3461 1164
p 2 0 914 6 6423 1233
p 2 0 911 9 3454 1174
p 2 2 915 3 6662 1230
p 2 0 909 11 3300 1160
p 2 0 917 3 6265 1183
p 2 0 909 11 3356 1159
p 2 1 914 5 7291 1237
p 2 0 904 16 3477 1162
p 2 1 912 7 7041 1220
p 2 0 910 10 3340 1146
p 2 0 912 8 7318 1231
p 2 0 913 7 3388 1163
p 2 0 914 6 6952 1206
p 2 0 905 15 3686 1166
p 2 1 909 10 7212 1230
p 2 0 905 15 3324 1146
p 2 0 917 3 6551 1208
p 2 0 911 9 3165 1161
p 2 0 909 11 2989 1139
p 2 0 916 4 6282 1188
p 2 0 910 10 3331 1160
p 2 0 902 18 3198 1150
p 2 0 913 7 6435 1215
p 2 0 911 9 3239 1147
p 2 0 915 5 6339 1185
p 2 0 911 9 3261 1156
p 2 0 910 10 6242 1203
p 2 0 903 17 3450 1162
p 2 3 911 6 6900 1233
p 2 0 906 14 3443 1180
p 2 0 917 3 6190 1186
p 2 0 908 12 3304 1165
p 2 0 916 4 6704 1218
p 2 0 912 8 3429 1170
p 2 2 911 7 6594 1188
p 2 0 905 15 3043 1141
p 2 0 911 9 6805 1206
p 2 0 908 12 2999 1152
p 2 0 916 4 6153 1179
p 2 0 907 13 2997 1143
p 2 0 895 25 2967 1124
p 2 0 908 12 6787 1225
p 2 0 901 19 3481 1180
p 2 0 911 9 6360 1222
p 2 0 908 12 3585 1204
p 2 2 909 9 6748 1246
p 2 0 905 15 3517 1191
p 2 0 907 13 6545 1227
p 2 0 904 16 3731 1203
p 2 1 908 11 6946 1213
p 2 0 900 20 3406 1172
p 2 1 909 10 7332 1263
p 2 0 907 13 3644 1202
p 2 0 909 11 7412 1261
p 2 0 904 16 3124 1148
p 2 0 910 10 7027 1252
p 2 0 905 15 3441 1198
p 2 1 913 6 7197 1251
p 2 0 907 13 3676 1200
p 2 0 913 7 6838 1241
p 2 0 909 11 3508 1182
p 2 0 892 28 3221 1170
p 2 0 913 7 6704 1231
p 2 0 904 16 3702 1198
p 2 0 899 21 3004 1126
p 2 0 915 5 6460 1221
p 2 0 912 8 3170 1160
p 2 0 910 10 6683 1216
p 2 0 904 16 3077 1131
p 2 0 914 6 6520 1233
p 2 0 903 17 3822 1209
p 2 3 908 9 6778 1203
p 2 0 908 12 3616 1181
p 2 0 915 5 6352 1185
p 2 0 907 13 3240 1155
p 2 1 912 7 6883 1214
p 2 0 908 12 3731 1210
p 2 0 914 6 7058 1230
p 2 0 911 9 3150 1151
p 2 0 915 5 7075 1206
p 2 0 908 12 3587 1192
p 2 0 911 9 6357 1177
p 2 0 908 12 3056 1143
p 2 0 896 24 3327 1169
p 2 0 913 7 6981 1237
p 2 0 912 8 3114 1134
p 2 0 914 6 6221 1197
p 2 0 909 11 3376 1155
p 2 1 911 8 6377 1199
p 2 0 904 16 3566 1177
p 2 0 912 8 6842 1247
p 2 0 910 10 3416 1147
p 2 1 909 10 7484 1255
p 2 0 905 15 3694 1187
p 2 1 911 8 7307 1250
p 2 0 912 8 3364 1158
p 2 1 915 4 6976 1233
p 2 0 903 17 3290 1155
p 2 0 908 12 6936 1232
p 2 0 906 14 3223 1129
p 2 0 909 11 7248 1244
p 2 0 909 11 3440 1170
p 2 0 916 4 6655 1197
p 2 0 909 11 3482 1182
p 2 0 906 14 3427 1166
p 2 0 907 13 6393 1178
p 2 0 909 11 3661 1182
p 2 0 911 9 6526 1222
p 2 0 905 15 3344 1152
p 2 0 914 6 6287 1179
p 2 0 911 9 3284 1174
p 2 0 914 6 6191 1204
p 2 0 908 12 3557 1195
p 2 2 905 13 7137 1229
p 2 0 907 13 3298 1163
p 2 1 910 9 6637 1206
p 2 0 907 13 3446 1166
p 2 2 909 9 7149 1246
p 2 0 911 9 3606 1193
p 2 0 910 10 6814 1203
p 2 0 904 16 3690 1185
p 2 0 912 8 7170 1211
p 2 0 903 17 3398 1162
p 2 0 916 4 6681 1208
p 2 0 903 17 3378 1168
p 2 0 901 19 3349 1168
p 2 0 912 8 7300 1246
p 2 0 910 10 3476 1185
p 2 0 891 29 3196 1140
p 2 0 918 2 6016 1195
p 2 0 908 12 3428 1155
p 2 2 908 10 6498 1215
p 2 0 906 14 3713 1190
p 2 0 913 7 6631 1226
p 2 0 905 15 3446 1186
p 2 1 913 6 7172 1236
p 2 0 906 14 3141 1133
p 2 1 916 3 6865 1230
p 2 0 902 18 3416 1162
p 2 0 915 5 7003 1219
p 2 0 907 13 3775 1208
p 2 0 912 8 7264 1253
p 2 0 901 19 3232 1147
p 2 1 914 5 6724 1197
p 2 0 908 12 3300 1179
p 2 0 913 7 6926 1243
p 2 0 910 10 3508 1188
p 2 0 907 13 3391 1173
p 2 0 915 5 6533 1230
p 2 0 909 11 3181 1157
p 2 0 911 9 6033 1163
p 2 0 910 10 3195 1131
p 2 0 913 7 6716 1225
p 2 0 905 15 3576 1175
p 2 0 911 9 6393 1202
p 2 0 917 3 3591 1180
p 2 2 914 4 6575 1172
p 2 0 909 11 3086 1122
p 2 0 916 4 6134 1158
p 2 0 910 10 3292 1141
p 2 1 913 6 6806 1189
p 2 0 908 12 3599 1162
p 2 0 914 6 6970 1212
p 2 0 913 7 3309 1130
p 2 0 916 4 6418 1125
p 2 0 912 8 3261 1138
p 2 0 914 6 6217 1148
p 2 0 908 12 3306 1134
p 2 0 906 14 2961 1104
p 2 0 915 5 6646 1159
p 2 0 910 10 2799 1080
p 2 0 914 6 5579 1138
p 2 0 911 9 3101 1128
p 2 2 913 5 5947 1169
p 2 0 905 15 3229 1129
p 2 0 913 7 5853 1138
p 2 0 910 10 3269 1138
p 2 1 913 6 7381 1243
p 2 0 908 12 3432 1153
p 2 1 912 7 7081 1209
p 2 0 910 10 3384 1154
p 2 0 909 11 7288 1225
p 2 0 910 10 3547 1168
p 2 0 914 6 6929 1217
p 2 0 909 11 3579 1162
p 2 0 912 8 7416 1221
p 2 0 909 11 3417 1162
p 2 0 912 8 6837 1219
p 2 0 910 10 3436 1169
p 2 0 902 18 3691 1177
p 2 0 913 7 6732 1212
p 2 0 911 9 3641 1197
p 2 0 915 5 6273 1210
p 2 0 911 9 3577 1184
p 2 0 913 7 6727 1234
p 2 0 912 8 3481 1179
p 2 0 917 3 6273 1211
p 2 0 913 7 3533 1162
p 2 1 918 1 6657 1192
p 2 0 909 11 3699 1180
p 2 0 915 5 6462 1195
p 2 0 910 10 3488 1179
p 2 2 914 4 6397 1185
p 2 0 914 6 3255 1158
p 2 3 913 4 6892 1218
p 2 0 905 15 3539 1163
p 2 0 914 6 7233 1221
p 2 0 903 17 3486 1167
p 2 0 918 2 6509 1201
p 2 0 913 7 3276 1158
p 2 0 900 20 3288 1160
p 2 0 915 5 6780 1196
p 2 0 905 15 3277 1156
p 2 0 907 13 3438 1167
p 2 0 918 2 6310 1221
p 2 0 912 8 3536 1180
p 2 2 913 5 6640 1238
p 2 0 910 10 3645 1187
p 2 0 917 3 6852 1233
p 2 0 909 11 3591 1168
p 2 1 912 7 7505 1259
p 2 0 906 14 3955 1206
p 2 1 910 9 7547 1241
p 2 0 910 10 3970 1203
p 2 2 916 2 7142 1254
p 2 0 904 16 3561 1151
p 2 0 918 2 7325 1242
p 2 0 911 9 3624 1168
p 2 1 913 6 7309 1263
p 2 0 906 14 3770 1177
p 2 0 915 5 7078 1247
p 2 0 911 9 3735 1191
p 2 0 910 10 3864 1199
p 2 0 918 2 6712 1220
p 2 0 909 11 3633 1181
p 2 1 910 9 6608 1229
p 2 0 905 15 3504 1184
p 2 0 913 7 6992 1233
p 2 0 910 10 3651 1166
p 2 0 915 5 6325 1194
p 2 0 910 10 3668 1185
p 2 2 907 11 7181 1222
p 2 0 911 9 3681 1199
p 2 0 910 10 6694 1218
p 2 0 908 12 3567 1175
p 2 0 915 5 6801 1194
p 2 0 909 11 3856 1207
p 2 0 915 5 6921 1208
p 2 0 912 8 3526 1169
p 2 0 912 8 6948 1195
p 2 0 909 11 3469 1182
p 2 0 912 8 6489 1201
p 2 0 911 9 3170 1156
p 2 0 896 24 2989 1129
p 2 0 915 5 7164 1236
p 2 0 906 14 3413 1153
i 2 920 0 0 18904 3682
p 2 0 852 68 6001 1154
p 2 0 880 40 2867 1059
p 2 0 882 38 6140 1147
p 2 0 868 52 3080 1088
p 2 0 885 35 6516 1163
p 2 0 888 32 3158 1112
p 2 1 898 21 6279 1173
p 2 0 879 41 2919 1083
p 2 0 891 29 6837 1181
p 2 0 891 29 3109 1101
p 2 0 901 19 6214 1167
p 2 0 891 29 3301 1143
p 2 0 900 20 6150 1178
p 2 0 898 22 3352 1128
p 2 0 905 15 6620 1194
p 2 0 888 32 3283 1122
p 2 0 888 32 6600 1182
p 2 0 886 34 3436 1134
p 2 0 900 20 6390 1185
p 2 0 888 32 3362 1125
p 2 0 874 46 3188 1107
p 2 0 886 34 6397 1160
p 2 0 886 34 3456 1133
p 2 0 870 50 3154 1109
p 2 0 888 32 6136 1169
p 2 0 880 40 3212 1110
p 2 0 882 38 6329 1157
p 2 0 887 33 3188 1128
p 2 0 896 24 6167 1171
p 2 0 874 46 3127 1109
p 2 0 888 32 6577 1183
p 2 0 878 42 2936 1101
p 2 0 897 23 6845 1185
p 2 0 891 29 3225 1125
p 2 0 896 24 7177 1207
p 2 0 900 20 3230 1126
p 2 0 898 22 7333 1216
p 2 0 891 29 3275 1127
p 2 0 889 31 7091 1209
p 2 0 893 27 3226 1126
p 2 1 898 21 6878 1211
p 2 0 883 37 3157 1132
p 2 0 873 47 3119 1105
p 2 0 886 34 6561 1176
p 2 0 893 27 3159 1129
p 2 0 888 32 6150 1178
p 2 0 890 30 3305 1132
p 2 0 881 39 6309 1160
p 2 0 891 29 3263 1130
p 2 1 891 28 6353 1179
p 2 0 880 40 3178 1112
p 2 0 887 33 6588 1158
p 2 0 882 38 3153 1100
p 2 0 887 33 6270 1140
p 2 0 881 39 3187 1127
p 2 0 890 30 6187 1169
p 2 0 877 43 3245 1112
p 2 0 896 24 6466 1176
p 2 0 880 40 3165 1126
p 2 0 898 22 6485 1162
p 2 0 883 37 3367 1137
p 2 0 890 30 6037 1146
p 2 0 877 43 3030 1104
p 2 0 881 39 3188 1122
p 2 0 889 31 6382 1176
p 2 0 884 36 3233 1137
p 2 0 902 18 6055 1185
p 2 0 889 31 3196 1127
p 2 0 889 31 6438 1174
p 2 0 901 19 3064 1123
p 2 0 891 29 6314 1167
p 2 0 897 23 3273 1143
p 2 0 891 29 6761 1191
p 2 0 896 24 3113 1115
p 2 0 898 22 6771 1178
p 2 0 878 42 3193 1114
p 2 0 904 16 6925 1182
p 2 0 896 24 3205 1121
p 2 0 900 20 7155 1198
p 2 0 889 31 3189 1106
p 2 0 904 16 7032 1199
p 2 0 882 38 3297 1120
p 2 1 900 19 6791 1176
p 2 0 897 23 3027 1099
p 2 0 860 60 3141 1068
p 2 0 898 22 6521 1174
p 2 0 890 30 3211 1095
p 2 0 900 20 6103 1165
p 2 0 887 33 3194 1096
p 2 0 896 24 6268 1151
p 2 0 901 19 3360 1123
p 2 1 894 25 6400 1163
p 2 0 892 28 3352 1107
p 2 0 896 24 6500 1154
p 2 0 896 24 3306 1118
p 2 0 909 11 6311 1166
p 2 0 895 25 3351 1118
p 2 0 895 25 5901 1161
p 2 0 889 31 3294 1109
p 2 0 890 30 6569 1176
p 2 0 899 21 3573 1156
p 2 0 907 13 6591 1188
p 2 0 888 32 3633 1130
p 2 0 903 17 6155 1166
p 2 0 891 29 3353 1114
p 2 0 882 38 3244 1089
p 2 0 892 28 6130 1140
p 2 0 879 41 3241 1078
p 2 0 885 35 3221 1089
p 2 0 890 30 5975 1162
p 2 0 886 34 3479 1098
p 2 0 904 16 6404 1169
p 2 0 901 19 3539 1125
p 2 0 883 37 6369 1160
p 2 0 897 23 3490 1138
p 2 0 910 10 7012 1202
p 2 0 906 14 3707 1148
p 2 0 896 24 6938 1179
p 2 0 894 26 3737 1166
p 2 0 894 26 7574 1216
p 2 0 884 36 3646 1129
p 2 0 901 19 7457 1222
p 2 0 897 23 3658 1160
p 2 0 891 29 7212 1191
p 2 0 886 34 3381 1126
p 2 0 888 32 7110 1188
p 2 0 892 28 3447 1143
p 2 0 883 37 3332 1107
p 2 0 901 19 6846 1191
p 2 0 896 24 3389 1123
p 2 0 904 16 6271 1185
p 2 0 901 19 3398 1148
p 2 0 896 24 6604 1179
p 2 0 886 34 3232 1127
p 2 1 901 18 6395 1184
p 2 0 893 27 3188 1130
p 2 0 904 16 6768 1194
p 2 0 887 33 3166 1122
p 2 0 892 28 6217 1165
p 2 0 889 31 3063 1114
p 2 0 902 18 6098 1159
p 2 0 898 22 3107 1123
p 2 0 905 15 6471 1190
p 2 0 896 24 3207 1135
p 2 0 904 16 6671 1200
p 2 0 894 26 3032 1115
p 2 0 898 22 6384 1178
p 2 0 892 28 3285 1137
p 2 0 886 34 3286 1132
p 2 0 904 16 6384 1190
p 2 0 885 35 3284 1141
p 2 0 885 35 3121 1127
p 2 0 904 16 5995 1182
p 2 0 886 34 3390 1169
p 2 0 887 33 6199 1184
p 2 0 898 22 3276 1161
p 2 0 897 23 6237 1195
p 2 0 900 20 3355 1162
p 2 0 891 29 6824 1189
p 2 0 898 22 3222 1145
p 2 0 898 22 7106 1224
p 2 0 903 17 3284 1156
p 2 0 895 25 7058 1216
p 2 0 897 23 3195 1130
p 2 0 908 12 7112 1218
p 2 0 900 20 3115 1135
p 2 0 904 16 6867 1190
p 2 0 902 18 3375 1130
p 2 1 895 24 6864 1191
p 2 0 895 25 3450 1139
p 2 0 896 24 3468 1139
p 2 0 895 25 6580 1180
p 2 0 906 14 3314 1116
p 2 0 902 18 6205 1162
p 2 0 892 28 3281 1136
p 2 0 896 24 6448 1181
p 2 0 898 22 3249 1133
p 2 1 893 26 6454 1191
p 2 0 903 17 3156 1127
p 2 0 901 19 6357 1162
p 2 0 892 28 2842 1087
p 2 0 889 31 6002 1146
p 2 0 895 25 2892 1104
p 2 0 894 26 5947 1145
p 2 0 897 23 3165 1098
p 2 0 895 25 6366 1177
p 2 0 891 29 3051 1112
p 2 0 896 24 6258 1159
p 2 0 881 39 3197 1100
p 2 0 893 27 5811 1132
p 2 0 893 27 3007 1093
p 2 0 896 24 3016 1093
p 2 0 901 19 5870 1124
p 2 0 902 18 3022 1093
p 2 0 891 29 5755 1139
p 2 0 900 20 3009 1095
p 2 0 899 21 5744 1124
p 2 0 891 29 2929 1081
p 2 0 900 20 5794 1121
p 2 0 881 39 2914 1071
p 2 1 898 21 6275 1136
p 2 0 893 27 2790 1062
p 2 1 906 13 6404 1145
p 2 0 878 42 2950 1082
p 2 0 895 25 6686 1150
p 2 0 889 31 3217 1113
p 2 0 889 31 6807 1160
p 2 0 904 16 3023 1117
p 2 0 899 21 6709 1174
p 2 0 897 23 3163 1124
p 2 0 892 28 6590 1165
p 2 0 884 36 3266 1128
p 2 0 874 46 2974 1084
p 2 0 880 40 6453 1168
p 2 0 876 44 3087 1103
p 2 0 869 51 2982 1104
p 2 0 888 32 5880 1157
p 2 0 891 29 2933 1106
p 2 0 893 27 6431 1173
p 2 0 883 37 3061 1111
p 2 1 894 25 6113 1169
p 2 0 873 47 2953 1099
p 2 0 888 32 6298 1155
p 2 0 876 44 2819 1101
p 2 0 897 23 5910 1162
p 2 0 873 47 3088 1117
p 2 0 895 25 5914 1171
p 2 0 876 44 3030 1092
p 2 0 900 20 6120 1154
p 2 0 886 34 2963 1090
p 2 0 880 40 6113 1153
p 2 0 892 28 2899 1103
p 2 0 898 22 5940 1161
p 2 0 879 41 2936 1101
p 2 0 879 41 2803 1086
p 2 0 894 26 5871 1170
p 2 0 876 44 2877 1085
p 2 0 899 21 5553 1146
p 2 0 897 23 2881 1112
p 2 0 894 26 5777 1140
p 2 0 894 26 2972 1109
p 2 0 898 22 5800 1147
p 2 0 882 38 2804 1094
p 2 0 891 29 6239 1166
p 2 0 868 52 2742 1085
p 2 0 888 32 6267 1143
p 2 0 880 40 2764 1090
p 2 0 895 25 6446 1160
p 2 0 885 35 3040 1128
p 2 0 901 19 6858 1191
p 2 0 889 31 2773 1090
p 2 0 888 32 6454 1164
p 2 0 870 50 2856 1098
p 2 1 889 30 6416 1187
p 2 0 872 48 2929 1097
p 2 0 869 51 2774 1100
p 2 0 886 34 6261 1173
p 2 0 868 52 2763 1098
p 2 0 882 38 5783 1145
p 2 0 872 48 2913 1084
p 2 0 891 29 6245 1161
p 2 0 880 40 2913 1099
p 2 1 896 23 6195 1169
p 2 0 886 34 2834 1102
p 2 0 891 29 6274 1155
p 2 0 871 49 2738 1078
p 2 0 889 31 5861 1139
p 2 0 883 37 3036 1119
p 2 0 893 27 5774 1150
p 2 0 886 34 2904 1111
p 2 0 892 28 6067 1156
p 2 0 893 27 2746 1101
p 2 0 903 17 6079 1149
p 2 0 880 40 2743 1091
p 2 0 894 26 5960 1146
p 2 0 888 32 2692 1100
p 2 0 870 50 2550 1056
p 2 0 897 23 5647 1147
p 2 0 877 43 2686 1077
p 2 0 892 28 5621 1148
p 2 0 872 48 2925 1092
p 2 0 895 25 6025 1157
p 2 0 886 34 2887 1110
p 2 0 899 21 5841 1157
p 2 0 880 40 2824 1082
p 2 0 901 19 6088 1169
p 2 0 874 46 2817 1086
p 2 0 891 29 6481 1169
p 2 0 882 38 3046 1088
p 2 0 901 19 6687 1189
p 2 0 887 33 3013 1113
p 2 0 902 18 6723 1191
p 2 0 885 35 2766 1094
p 2 0 894 26 6542 1157
p 2 0 883 37 2925 1102
p 2 1 890 29 6388 1170
p 2 0 893 27 2832 1110
p 2 0 864 56 2745 1080
p 2 0 896 24 6081 1136
p 2 0 884 36 2696 1069
p 2 0 870 50 2482 1051
p 2 0 884 36 5591 1122
p 2 0 887 33 2825 1100
p 2 0 891 29 5990 1129
p 2 0 893 27 2693 1083
p 2 1 884 35 5824 1122
p 2 0 864 56 2564 1061
p 2 0 899 21 6142 1145
p 2 0 884 36 2706 1087
p 2 0 895 25 5696 1118
p 2 0 886 34 2704 1070
p 2 0 902 18 5726 1154
p 2 0 894 26 2625 1080
p 2 0 889 31 5837 1115
p 2 0 891 29 2713 1079
p 2 0 895 25 6071 1122
p 2 0 899 21 2871 1110
p 2 0 909 11 5870 1145
p 2 0 887 33 2613 1082
p 2 0 881 39 2567 1084
p 2 0 889 31 5716 1139
p 2 0 887 33 2660 1084
p 2 0 903 17 5555 1144
p 2 0 893 27 2662 1079
p 2 0 902 18 5694 1129
p 2 0 898 22 2947 1107
p 2 0 903 17 5795 1150
p 2 0 886 34 2829 1079
p 2 1 885 34 6191 1154
p 2 0 899 21 3025 1104
p 2 0 901 19 6753 1170
p 2 0 882 38 3043 1101
p 2 0 894 26 6714 1164
p 2 0 884 36 3050 1090
p 2 0 897 23 6895 1176
p 2 0 884 36 3097 1094
p 2 0 893 27 6847 1185
p 2 0 894 26 3216 1121
p 2 0 891 29 6698 1186
p 2 0 903 17 3130 1117
i 2 920 0 0 28411 4090
p 2 0 887 33 3602 1179
p 2 0 913 7 6640 1221
p 2 0 903 17 3987 1184
p 2 0 910 10 7021 1266
p 2 0 907 13 4292 1216
p 2 0 916 4 7115 1264
p 2 0 915 5 4290 1228
p 2 0 917 3 7625 1262
p 2 0 912 8 4595 1233
p 2 0 916 4 6949 1244
p 2 0 913 7 4457 1241
p 2 0 917 3 7472 1264
p 2 0 912 8 4582 1250
p 2 0 915 5 7408 1266
p 2 0 914 6 4653 1229
p 2 0 914 6 7729 1270
p 2 0 907 13 4661 1257
p 2 0 916 4 7526 1264
p 2 0 912 8 4674 1231
p 2 0 905 15 4598 1219
p 2 0 913 7 7847 1282
p 2 0 914 6 4580 1234
p 2 0 897 23 4661 1232
p 2 0 915 5 7180 1265
p 2 0 911 9 4567 1232
p 2 0 916 4 7591 1260
p 2 0 912 8 4458 1242
p 2 0 918 2 7643 1279
p 2 0 912 8 4742 1237
p 2 0 913 7 7943 1278
p 2 0 910 10 4427 1227
p 2 0 917 3 7558 1270
p 2 0 908 12 4772 1253
p 2 0 917 3 7815 1297
p 2 0 913 7 4844 1250
p 2 0 916 4 7590 1289
p 2 0 909 11 4770 1238
p 2 0 915 5 8026 1285
p 2 0 910 10 4933 1249
p 2 0 919 1 7919 1293
p 2 0 918 2 4851 1255
p 2 0 901 19 4819 1248
p 2 0 916 4 8105 1289
p 2 0 909 11 4918 1256
p 2 0 913 7 7568 1300
p 2 0 912 8 5121 1263
p 2 0 919 1 7622 1297
p 2 0 911 9 5088 1264
p 2 0 917 3 7511 1279
p 2 0 909 11 4867 1254
p 2 0 912 8 7970 1275
p 2 0 912 8 4643 1243
p 2 0 911 9 7552 1278
p 2 0 914 6 4679 1251
p 2 0 916 4 7655 1284
p 2 0 917 3 4646 1248
p 2 0 919 1 7504 1266
p 2 0 911 9 4606 1247
p 2 0 913 7 7818 1277
p 2 0 914 6 4755 1251
p 2 0 915 5 7481 1265
p 2 0 910 10 4515 1231
p 2 0 905 15 4515 1226
p 2 0 918 2 7705 1286
p 2 0 909 11 4654 1246
p 2 0 913 7 7099 1263
p 2 0 912 8 4588 1243
p 2 0 917 3 7417 1257
p 2 0 914 6 4448 1234
p 2 0 918 2 7673 1279
p 2 0 914 6 4972 1260
p 2 0 917 3 8040 1276
p 2 0 910 10 4663 1222
p 2 0 913 7 7730 1269
p 2 0 911 9 4715 1231
p 2 0 914 6 7816 1287
p 2 0 912 8 5037 1253
p 2 0 911 9 7823 1290
p 2 0 911 9 5042 1269
p 2 0 914 6 8179 1276
p 2 0 913 7 5123 1262
p 2 0 915 5 7955 1280
p 2 0 912 8 4820 1243
p 2 0 907 13 4718 1233
p 2 0 917 3 8027 1296
p 2 0 918 2 4715 1243
p 2 0 917 3 7493 1287
p 2 0 912 8 4905 1248
p 2 0 917 3 7768 1317
p 2 0 914 6 5113 1281
p 2 0 918 2 7767 1313
p 2 0 910 10 5007 1266
p 2 0 911 9 8348 1319
p 2 0 911 9 4736 1263
p 2 0 919 1 7870 1313
p 2 0 919 1 4733 1272
p 2 0 917 3 7965 1316
p 2 0 910 10 4887 1287
p 2 0 915 5 7736 1300
p 2 0 918 2 4894 1274
p 2 0 917 3 8412 1321
p 2 0 911 9 5181 1289
p 2 0 919 1 7686 1294
p 2 0 917 3 4998 1278
p 2 0 910 10 5229 1282
p 2 0 912 8 8413 1332
p 2 0 918 2 5261 1282
p 2 0 910 10 5171 1281
p 2 0 918 2 7801 1305
p 2 0 916 4 5044 1275
p 2 0 920 0 8073 1315
p 2 0 910 10 5184 1303
p 2 0 919 1 8187 1318
p 2 0 910 10 4739 1260
p 2 0 917 3 8162 1317
p 2 0 910 10 5026 1274
p 2 0 918 2 7896 1314
p 2 0 914 6 4859 1263
p 2 0 916 4 7903 1314
p 2 0 912 8 4934 1273
p 2 0 917 3 7971 1321
p 2 0 913 7 5078 1288
p 2 0 918 2 8321 1297
p 2 0 908 12 5041 1296
p 2 0 917 3 8230 1330
p 2 0 913 7 5139 1292
p 2 0 909 11 5039 1278
p 2 0 916 4 8400 1325
p 2 0 912 8 5056 1277
p 2 0 918 2 7695 1329
p 2 0 908 12 5150 1292
p 2 0 916 4 7913 1332
p 2 0 914 6 5180 1306
p 2 0 920 0 7939 1345
p 2 0 914 6 5176 1300
p 2 0 919 1 8336 1341
p 2 0 913 7 5089 1294
p 2 0 919 1 7846 1335
p 2 0 917 3 4993 1294
p 2 0 916 4 8376 1331
p 2 0 915 5 4994 1290
p 2 0 920 0 8162 1344
p 2 0 914 6 5273 1298
p 2 0 920 0 8827 1350
p 2 0 913 7 5198 1279
p 2 0 920 0 7975 1302
p 2 0 916 4 5195 1299
p 2 0 913 7 5309 1308
p 2 0 918 2 8589 1353
p 2 0 915 5 5707 1308
p 2 0 915 5 5392 1291
p 2 0 918 2 8218 1339
p 2 0 917 3 5450 1308
p 2 0 919 1 8404 1340
p 2 0 916 4 5307 1292
p 2 0 919 1 8522 1333
p 2 0 916 4 5599 1315
p 2 0 917 3 8694 1330
p 2 0 912 8 5531 1295
p 2 0 919 1 8581 1360
p 2 0 910 10 5501 1306
p 2 0 920 0 8811 1355
p 2 0 911 9 5856 1312
p 2 0 917 3 8635 1377
p 2 0 910 10 5656 1319
i 2 920 0 0 37240 4055
p 2 0 887 33 4847 1149
p 2 3 917 0 11122 1280
p 2 0 915 5 5105 1208
p 2 3 916 1 12032 1345
p 2 0 907 13 5761 1250
p 2 5 913 2 12282 1360
p 2 0 910 10 6070 1222
p 2 10 908 2 12097 1390
p 2 0 911 9 6399 1246
p 2 1 918 1 10808 1314
p 2 0 916 4 6268 1242
p 2 1 913 6 11220 1324
p 2 0 913 7 6370 1266
p 2 0 912 8 11761 1328
p 2 0 907 13 6677 1243
p 2 0 913 7 11547 1340
p 2 0 910 10 6599 1255
p 2 2 914 4 11663 1359
p 2 0 908 12 6507 1250
p 2 0 898 22 6640 1237
p 2 4 912 4 11447 1376
p 2 0 903 17 6665 1251
p 2 4 915 1 12068 1355
p 2 0 908 12 6270 1228
p 2 2 915 3 12024 1351
p 2 0 908 12 6547 1251
p 2 8 907 5 12243 1386
p 2 0 910 10 6728 1255
p 2 1 917 2 12303 1347
p 2 0 913 7 6647 1247
p 2 0 916 4 11155 1325
p 2 0 904 16 6577 1233
p 2 0 919 1 10967 1330
p 2 0 911 9 6724 1260
p 2 0 914 6 11112 1324
p 2 0 907 13 6807 1261
p 2 0 911 9 11558 1330
p 2 0 910 10 7014 1259
p 2 0 901 19 6933 1242
p 2 2 913 5 12683 1377
p 2 0 906 14 6783 1240
p 2 0 895 25 6457 1216
p 2 3 911 6 11355 1352
p 2 0 910 10 6968 1236
p 2 5 910 5 12358 1364
p 2 0 911 9 6517 1242
p 2 4 910 6 12710 1384
p 2 0 906 14 6755 1236
p 2 6 907 7 11872 1347
p 2 0 907 13 6664 1234
p 2 5 907 8 12310 1361
p 2 0 904 16 6587 1250
p 2 1 917 2 11206 1325
p 2 0 908 12 6779 1249
p 2 2 917 1 11524 1317
p 2 0 911 9 6912 1251
p 2 1 917 2 11753 1335
p 2 0 897 23 6972 1248
p 2 0 920 0 12081 1345
p 2 0 909 11 6696 1234
p 2 1 916 3 12151 1349
p 2 0 901 19 6912 1253
p 2 0 889 31 6753 1208
p 2 6 913 1 11782 1352
p 2 0 904 16 6791 1240
p 2 5 910 5 12129 1338
p 2 0 904 16 6709 1242
p 2 3 906 11 12465 1317
p 2 0 908 12 6592 1230
p 2 8 901 11 12675 1381
p 2 0 907 13 7017 1256
p 2 2 913 5 12725 1345
p 2 0 912 8 7105 1261
p 2 1 916 3 11706 1310
p 2 0 915 5 7029 1245
p 2 1 913 6 11386 1317
p 2 0 916 4 7208 1249
p 2 0 915 5 11991 1336
p 2 0 912 8 7327 1256
p 2 1 915 4 11764 1301
p 2 0 910 10 7074 1256
p 2 6 909 5 13134 1383
p 2 0 915 5 6957 1254
p 2 0 906 14 7108 1250
p 2 1 916 3 11926 1341
p 2 0 913 7 7368 1233
p 2 4 915 1 12966 1356
p 2 0 912 8 7098 1254
p 2 6 912 2 12542 1332
p 2 0 909 11 7323 1252
p 2 9 906 5 12805 1359
p 2 0 915 5 7568 1267
p 2 10 906 4 13171 1369
p 2 0 904 16 7225 1245
p 2 0 916 4 12065 1336
p 2 0 912 8 7300 1249
p 2 3 910 7 12182 1342
p 2 0 913 7 7424 1247
p 2 1 916 3 12906 1349
p 2 0 917 3 7826 1275
p 2 0 920 0 12641 1324
p 2 0 913 7 7656 1260
p 2 6 910 4 12748 1369
p 2 0 914 6 7549 1265
p 2 0 903 17 7517 1228
p 2 3 912 5 12322 1357
p 2 0 917 3 7345 1238
p 2 5 909 6 12826 1350
p 2 0 911 9 7219 1233
p 2 2 914 4 12735 1330
p 2 0 910 10 7219 1229
p 2 9 907 4 13097 1380
p 2 0 912 8 7982 1268
p 2 2 913 5 13033 1322
p 2 0 913 7 7289 1263
p 2 0 918 2 12306 1312
p 2 0 911 9 7344 1229
p 2 2 915 3 11679 1319
p 2 0 914 6 7239 1243
p 2 0 914 6 11983 1308
p 2 0 915 5 7583 1248
p 2 0 917 3 12246 1310
p 2 0 909 11 7245 1225
p 2 0 896 24 7412 1236
p 2 1 914 5 12958 1357
p 2 0 917 3 7447 1248
p 2 0 906 14 7115 1222
p 2 2 915 3 12127 1339
p 2 0 916 4 7574 1260
p 2 5 912 3 13049 1347
p 2 0 915 5 7230 1253
p 2 3 914 3 13112 1343
p 2 0 909 11 7395 1261
p 2 7 912 1 12845 1359
p 2 0 918 2 7707 1249
p 2 6 911 3 13060 1354
p 2 0 910 10 7927 1255
p 2 1 915 4 12027 1318
p 2 0 915 5 7941 1278
p 2 4 913 3 12466 1328
p 2 0 918 2 8195 1272
p 2 0 916 4 12693 1329
p 2 0 915 5 8196 1250
p 2 1 917 2 12994 1346
p 2 0 917 3 7958 1249
p 2 0 904 16 7624 1233
p 2 2 916 2 12576 1352
p 2 0 916 4 7876 1253
p 2 1 918 1 12289 1316
p 2 0 913 7 7801 1248
p 2 4 908 8 12946 1364
p 2 0 917 3 7637 1256
i 2 920 0 0 67318 4656
p 2 0 198 722 411 328
p 2 0 122 798 264 248
p 2 0 58 862 198 189
p 2 0 72 848 221 203
p 2 0 48 872 189 181
p 2 0 44 876 197 179
p 2 0 36 884 190 171
p 2 0 50 870 199 183
p 2 0 30 890 179 164
p 2 0 43 877 199 178
p 2 0 38 882 178 170
p 2 0 30 890 182 165
p 2 0 43 877 205 176
p 2 0 51 869 207 182
p 2 0 30 890 180 166
p 2 0 41 879 200 174
p 2 0 48 872 200 180
p 2 0 38 882 201 172
p 2 0 57 863 230 190
p 2 0 38 882 199 172
p 2 0 26 894 172 161
p 2 0 29 891 184 165
p 2 0 34 886 191 168
p 2 0 28 892 179 163
p 2 0 21 899 170 156
p 2 0 45 875 210 179
p 2 0 29 891 180 162
p 2 0 131 789 373 258
i 2 920 0 0 13625 3083
p 2 0 777 143 2180 950
p 2 1 805 114 6002 1013
p 2 0 805 115 2038 960
p 2 0 818 102 6468 1018
p 2 0 816 104 1841 957
p 2 3 815 102 6465 1034
p 2 0 803 117 1824 947
p 2 3 808 109 6824 1045
p 2 0 829 91 2130 994
p 2 0 797 123 6215 1019
p 2 0 838 82 2089 996
p 2 0 817 103 6069 1046
p 2 0 853 67 2228 1039
p 2 0 815 105 7071 1076
p 2 0 839 81 2233 1041
p 2 4 835 81 6783 1099
p 2 0 864 56 2346 1054
p 2 0 836 84 2130 1014
p 2 1 881 38 7271 1130
p 2 0 838 82 2286 1018
p 2 0 876 44 6647 1122
p 2 0 832 88 2176 1012
p 2 1 865 54 6008 1070
p 2 0 846 74 2017 1002
p 2 0 876 44 6737 1080
p 2 0 838 82 2089 1000
p 2 3 873 44 6876 1098
p 2 0 835 85 1967 981
p 2 0 845 75 1926 984
p 2 1 838 81 6703 1079
p 2 0 868 52 2014 1012
p 2 0 843 77 6297 1054
p 2 0 869 51 1952 1001
p 2 0 834 86 6198 1032
p 2 0 854 66 2053 1009
p 2 0 841 79 6597 1045
p 2 0 873 47 2097 1012
p 2 3 843 74 7359 1110
p 2 0 865 55 2709 1058
p 2 0 834 86 7470 1130
p 2 0 858 62 2777 1077
p 2 0 853 67 7282 1127
p 2 0 851 69 2804 1080
p 2 1 827 92 6628 1094
p 2 0 859 61 2771 1076
p 2 0 846 74 7443 1140
p 2 0 864 56 2847 1089
p 2 3 820 97 7507 1142
p 2 0 833 87 2818 1071
p 2 0 813 107 2636 1039
p 2 3 856 61 7647 1169
p 2 0 857 63 2843 1085
p 2 0 856 64 7197 1155
p 2 0 828 92 2895 1070
i 2 920 0 0 52879 4193
p 2 0 266 654 478 383
p 2 0 196 724 337 313
p 2 0 114 806 262 241
p 2 0 120 800 263 243
p 2 0 56 864 201 188
p 2 0 85 835 226 210
p 2 0 56 864 198 187
p 2 0 43 877 190 174
p 2 0 42 878 185 175
p 2 0 43 877 189 175
p 2 0 48 872 193 181
p 2 0 38 882 189 172
p 2 0 30 890 177 163
p 2 0 47 873 198 179
p 2 0 35 885 189 167
p 2 0 31 889 179 165
p 2 0 43 877 194 177
p 2 0 40 880 194 174
p 2 0 45 875 194 179
p 2 0 58 862 223 192
p 2 0 55 865 221 186
p 2 0 34 886 189 169
p 2 0 64 856 226 194
p 2 0 36 884 189 170
p 2 0 33 887 192 169
p 2 0 27 893 169 159
p 2 0 49 871 206 182
p 2 0 34 886 175 167
p 2 0 102 818 308 231
i 2 920 0 0 21050 3275
p 2 0 732 188 1772 897
p 2 1 833 86 11669 1071
p 2 0 812 108 2141 976
p 2 3 828 89 13408 1152
p 2 0 775 145 2118 954
p 2 3 844 73 12888 1150
p 2 0 824 96 2158 978
p 2 7 789 124 14382 1169
p 2 0 818 102 2674 1020
p 2 1 827 92 13381 1163
p 2 0 834 86 2955 1057
p 2 1 827 92 12973 1175
p 2 0 847 73 2911 1093
p 2 1 842 77 13794 1188
p 2 0 827 93 2862 1061
p 2 2 850 68 12616 1194
p 2 0 845 75 2876 1074
p 2 0 830 90 2768 1054
p 2 0 843 77 14008 1215
p 2 0 849 71 2826 1070
p 2 0 849 71 12885 1201
p 2 0 833 87 2913 1071
p 2 2 847 71 12023 1208
p 2 0 820 100 2896 1065
p 2 1 846 73 13743 1198
p 2 0 819 101 2735 1047
p 2 3 858 59 13649 1234
p 2 0 839 81 2831 1051
p 2 0 817 103 2480 1026
p 2 5 836 79 14260 1224
p 2 0 840 80 3011 1066
p 2 0 829 91 13737 1220
p 2 0 850 70 2927 1091
p 2 0 840 80 13433 1177
p 2 0 839 81 2912 1076
p 2 1 853 66 13597 1193
p 2 0 831 89 3013 1087
p 2 2 845 73 12904 1182
p 2 0 839 81 2999 1083
p 2 1 852 67 13500 1227
p 2 0 828 92 2935 1066
p 2 0 833 87 13135 1196
p 2 0 825 95 3067 1087
p 2 1 829 90 12510 1191
p 2 0 819 101 3132 1100
p 2 3 818 99 14277 1238
p 2 0 829 91 2922 1087
p 2 3 834 83 13628 1246
p 2 0 837 83 3098 1098
p 2 0 801 119 2742 1050
p 2 7 837 76 14861 1268
p 2 0 822 98 2979 1091
p 2 2 813 105 13673 1219
p 2 0 805 115 2865 1060
p 2 0 838 82 13190 1202
p 2 0 826 94 3002 1089
i 2 920 0 0 36404 3976
p 2 0 425 495 602 515
p 2 0 372 548 503 464
p 2 0 168 752 304 286
p 2 0 229 691 367 331
p 2 0 87 833 222 213
p 2 0 167 753 284 272
p 2 0 57 863 203 187
p 2 0 94 826 218 209
p 2 0 45 875 187 176
p 2 0 102 818 238 221
p 2 0 35 885 178 170
p 2 0 84 836 236 209
p 2 0 74 846 226 203
p 2 0 89 831 252 217
p 2 0 112 808 262 235
p 2 0 106 814 264 228
p 2 0 68 852 233 201
p 2 0 55 865 199 185
p 2 0 66 854 213 195
p 2 0 92 828 225 208
p 2 0 45 875 183 173
p 2 0 119 801 256 230
p 2 0 22 898 164 157
p 2 0 42 878 181 171
p 2 0 54 866 210 187
p 2 0 65 855 198 187
p 2 0 35 885 183 168
p 2 0 65 855 221 194
p 2 0 48 872 205 182
p 2 0 100 820 278 227
i 2 920 0 0 24416 3364
p 2 0 727 193 2041 895
p 2 2 864 54 14477 1165
p 2 0 814 106 2583 988
p 2 3 847 70 16142 1202
p 2 0 781 139 2465 981
p 2 3 858 59 15571 1188
p 2 0 801 119 2417 978
p 2 7 781 132 16119 1161
p 2 0 800 120 2363 977
p 2 1 845 74 15640 1168
p 2 0 844 76 2679 1025
p 2 0 833 87 15092 1150
p 2 0 844 76 2529 1021
p 2 1 852 67 15698 1175
p 2 0 842 78 2599 1017
p 2 7 842 71 14735 1178
p 2 0 846 74 2598 1011
p 2 0 833 87 2446 993
p 2 1 865 54 16211 1185
p 2 0 824 96 2622 1010
p 2 0 861 59 15234 1181
p 2 0 851 69 2868 1059
p 2 1 856 63 14063 1196
p 2 0 843 77 2717 1031
p 2 1 855 64 16018 1200
p 2 0 846 74 2683 1028
p 2 3 857 60 16357 1230
p 2 0 850 70 2838 1078
p 2 0 820 100 2513 1009
p 2 6 857 57 16352 1256
p 2 0 855 65 2972 1078
p 2 1 834 85 15729 1220
p 2 0 845 75 2834 1075
p 2 0 840 80 15730 1203
p 2 0 839 81 3105 1078
p 2 1 851 68 15983 1244
p 2 0 861 59 3139 1104
p 2 3 858 59 15383 1260
p 2 0 839 81 3411 1118
p 2 0 866 54 16106 1247
p 2 0 838 82 3145 1081
p 2 3 845 72 15900 1249
p 2 0 840 80 3313 1096
p 2 1 849 70 14898 1217
p 2 0 843 77 3218 1102
p 2 3 851 66 16706 1287
p 2 0 818 102 3141 1065
p 2 3 857 60 16186 1290
p 2 0 833 87 3261 1089
p 2 0 840 80 2943 1078
p 2 7 837 76 17010 1309
p 2 0 806 114 3301 1074
p 2 3 829 88 16207 1250
p 2 0 817 103 3168 1060
p 2 0 834 86 15444 1198
p 2 0 857 63 3226 1099
p 2 2 870 48 16453 1262
p 2 0 837 83 3079 1074
p 2 4 832 84 15333 1234
p 2 0 847 73 3248 1091
p 2 0 799 121 3107 1059
p 2 3 851 66 16389 1236
p 2 0 837 83 3330 1091
p 2 0 848 72 15822 1237
p 2 0 839 81 3396 1094
p 2 1 841 78 14424 1214
p 2 0 809 111 3254 1086
p 2 1 845 74 16214 1238
p 2 0 821 99 3095 1072
p 2 2 838 80 16440 1256
p 2 0 839 81 3236 1087
p 2 5 847 68 16698 1264
p 2 0 851 69 3197 1098
p 2 1 850 69 15941 1247
p 2 0 853 67 3283 1102
p 2 1 846 73 16038 1244
p 2 0 850 70 3167 1119
p 2 1 832 87 15711 1236
p 2 0 844 76 3245 1117
p 2 3 837 80 15508 1259
p 2 0 834 86 3379 1117
p 2 0 801 119 3010 1060
p 2 1 841 78 15973 1245
p 2 0 828 92 3393 1107
p 2 3 858 59 15960 1248
p 2 0 817 103 3206 1076
p 2 2 846 72 15024 1237
p 2 0 834 86 3341 1085
p 2 3 849 68 16736 1276
p 2 0 829 91 3182 1087
p 2 3 852 65 16278 1298
p 2 0 839 81 3273 1109
p 2 0 816 104 2975 1075
p 2 6 835 79 17082 1289
p 2 0 816 104 3316 1091
p 2 2 852 66 16159 1268
p 2 0 864 56 3413 1138
p 2 0 877 43 15468 1248
p 2 0 832 88 3228 1086
p 2 1 842 77 16307 1234
p 2 0 839 81 3370 1119
p 2 4 833 83 15143 1245
p 2 0 827 93 3357 1106
p 2 1 835 84 16498 1233
p 2 0 849 71 3245 1108
p 2 1 864 55 15665 1261
p 2 0 852 68 3285 1098
p 2 1 841 78 14376 1218
p 2 0 836 84 3145 1081
p 2 1 808 111 16218 1214
p 2 0 857 63 3241 1100
p 2 3 831 86 16505 1265
p 2 0 851 69 3445 1121
p 2 0 791 129 2994 1051
p 2 5 845 70 16685 1292
p 2 0 820 100 3295 1088
p 2 1 844 75 16090 1275
p 2 0 837 83 3327 1107
p 2 0 859 61 16058 1251
p 2 0 843 77 3151 1095
p 2 1 867 52 15892 1262
p 2 0 868 52 3302 1124
p 2 2 839 79 15341 1248
p 2 0 850 70 3361 1120
p 2 0 792 128 3020 1056
p 2 2 841 77 16172 1251
p 2 0 826 94 3291 1092
p 2 3 842 75 15949 1235
p 2 0 851 69 3191 1105
p 2 1 858 61 14977 1235
p 2 0 856 64 3389 1117
p 2 3 865 52 16760 1281
p 2 0 852 68 3127 1095
p 2 3 857 60 16225 1275
p 2 0 855 65 3407 1121
p 2 6 848 66 17103 1299
p 2 0 834 86 3263 1100
p 2 1 858 61 16267 1263
p 2 0 855 65 3397 1136
i 2 920 0 0 53307 4326
p 2 0 268 652 459 382
p 2 0 212 708 371 329
p 2 0 95 825 244 224
p 2 0 133 787 277 249
p 2 0 59 861 192 184
p 2 0 75 845 217 202
p 2 0 41 879 180 172
p 2 0 46 874 189 177
p 2 0 50 870 207 183
p 2 0 32 888 180 167
p 2 0 31 889 183 164
p 2 0 53 867 212 186
p 2 0 46 874 201 180
p 2 0 32 888 186 166
p 2 0 42 878 197 175
p 2 0 57 863 223 188
p 2 0 63 857 234 194
p 2 0 49 871 207 181
p 2 0 80 840 259 210
p 2 0 62 858 242 192
p 2 0 41 879 200 174
p 2 0 67 853 243 198
p 2 0 50 870 206 182
p 2 0 45 875 210 177
p 2 0 57 863 228 190
p 2 0 40 880 197 172
p 2 0 75 845 261 206
p 2 0 50 870 220 184
p 2 0 67 853 243 199
p 2 0 95 825 283 224
i 2 920 0 0 27065 3471
p 2 0 712 208 2250 900
p 2 3 819 98 20077 1291
p 2 0 804 116 2984 1046
p 2 4 817 99 18828 1267
p 2 0 777 143 2656 994
p 2 10 818 92 20137 1288
p 2 0 808 112 2663 1006
p 2 7 817 96 19719 1274
p 2 0 835 85 2786 1039
p 2 0 817 103 18095 1200
p 2 0 835 85 2704 1034
p 2 3 831 86 18805 1228
p 2 0 805 115 2773 1024
p 2 5 803 112 17462 1217
p 2 0 831 89 2822 1027
p 2 0 762 158 2454 964
p 2 1 858 61 18742 1237
p 2 0 804 116 2864 1018
p 2 1 838 81 17780 1239
p 2 0 810 110 2951 1032
p 2 4 861 55 18279 1322
p 2 0 797 123 2848 1018
p 2 2 842 76 19182 1299
p 2 0 807 113 2816 1029
p 2 4 827 89 19009 1289
p 2 0 825 95 2982 1063
p 2 0 801 119 2546 1026
p 2 12 815 93 20782 1330
p 2 0 850 70 2841 1061
p 2 8 826 86 20296 1317
p 2 0 839 81 2896 1071
p 2 0 838 82 19026 1259
p 2 0 832 88 2933 1062
p 2 1 832 87 18468 1256
p 2 0 830 90 3122 1065
p 2 4 826 90 18388 1268
p 2 0 829 91 3194 1082
p 2 0 823 97 18545 1261
p 2 0 816 104 3363 1079
p 2 2 828 90 18973 1280
p 2 0 844 76 3443 1099
p 2 5 824 91 18756 1292
p 2 0 841 79 3062 1077
p 2 3 828 89 20112 1317
p 2 0 831 89 3010 1065
p 2 4 837 79 19114 1315
p 2 0 832 88 3072 1079
p 2 0 782 138 2525 1005
p 2 9 844 67 20783 1359
p 2 0 813 107 2925 1044
p 2 6 852 62 20009 1364
i 2 920 0 0 45570 3896
p 2 0 212 708 395 333
p 2 0 173 747 317 291
p 2 0 104 816 250 231
p 2 0 111 809 256 237
p 2 0 44 876 186 178
p 2 0 79 841 221 206
p 2 0 44 876 184 174
p 2 0 36 884 181 170
p 2 0 46 874 188 175
p 2 0 37 883 185 172
p 2 0 42 878 195 175
p 2 0 39 881 184 171
p 2 0 25 895 171 159
p 2 0 43 877 198 176
p 2 0 45 875 206 178
p 2 0 38 882 183 169
p 2 0 58 862 222 190
p 2 0 67 853 233 197
p 2 0 28 892 182 163
p 2 0 58 862 227 190
p 2 0 66 854 239 196
p 2 0 36 884 191 171
p 2 0 66 854 244 195
p 2 0 41 879 204 174
p 2 0 33 887 191 167
p 2 0 48 872 218 183
p 2 0 56 864 222 186
p 2 0 69 851 246 199
p 2 0 79 841 273 210
i 2 920 0 0 30463 3562
p 2 0 691 229 2054 868
p 2 3 853 64 22909 1323
p 2 0 766 154 3104 1021
p 2 6 845 69 22159 1356
p 2 0 803 117 3063 1056
p 2 9 840 71 23895 1357
p 2 0 833 87 3348 1080
p 2 10 837 73 23065 1378
p 2 0 833 87 2862 1043
p 2 0 849 71 20880 1272
p 2 0 834 86 3409 1090
p 2 3 832 85 22065 1332
p 2 0 823 97 3439 1104
p 2 5 838 77 21521 1359
p 2 0 841 79 3444 1117
p 2 0 785 135 3259 1071
p 2 1 877 42 21973 1355
p 2 0 830 90 3534 1106
p 2 1 851 68 21691 1345
p 2 0 833 87 3638 1117
p 2 7 857 56 21998 1403
p 2 0 831 89 3546 1106
p 2 2 865 53 22519 1371
p 2 0 822 98 3246 1080
p 2 6 848 66 21757 1358
p 2 0 826 94 2947 1051
p 2 0 809 111 2846 1048
p 2 9 852 59 23804 1375
p 2 0 840 80 3069 1064
p 2 8 848 64 23803 1378
p 2 0 825 95 3258 1080
p 2 1 866 53 21658 1328
p 2 0 861 59 3247 1100
p 2 1 881 38 21543 1329
p 2 0 862 58 3192 1093
p 2 4 870 46 21259 1339
p 2 0 847 73 3350 1088
p 2 0 866 54 21301 1330
p 2 0 865 55 3541 1119
p 2 2 875 43 21979 1347
p 2 0 855 65 3707 1127
p 2 6 850 64 22288 1411
p 2 0 841 79 3614 1135
p 2 3 869 48 23407 1427
p 2 0 860 60 3695 1141
p 2 4 855 61 22246 1394
p 2 0 854 66 3448 1123
p 2 0 862 58 3229 1108
p 2 9 871 40 24193 1444
p 2 0 835 85 3479 1093
p 2 12 851 57 23120 1399
p 2 0 853 67 3523 1112
p 2 0 881 39 21185 1349
p 2 0 849 71 3452 1117
p 2 3 857 60 22232 1368
p 2 0 849 71 3678 1140
i 2 920 0 0 46574 4117
p 2 0 312 608 502 425
p 2 0 273 647 418 381
p 2 0 135 785 272 258
p 2 0 137 783 263 254
p 2 0 69 851 206 201
p 2 0 69 851 207 198
p 2 0 60 860 203 190
p 2 0 70 850 211 200
p 2 0 46 874 187 180
p 2 0 48 872 199 181
p 2 0 51 869 205 183
p 2 0 43 877 189 176
p 2 0 26 894 174 162
p 2 0 48 872 201 182
p 2 0 54 866 212 186
p 2 0 35 885 184 168
p 2 0 27 893 181 163
p 2 0 54 866 219 189
p 2 0 32 888 181 166
p 2 0 59 861 216 192
p 2 0 30 890 185 166
p 2 0 54 866 214 187
p 2 0 59 861 217 191
p 2 0 36 884 186 170
p 2 0 78 842 248 207
p 2 0 71 849 236 200
p 2 0 128 792 354 256
i 2 920 0 0 34007 3661
p 2 0 333 587 535 456
p 2 1 736 183 22902 1196
p 2 0 436 484 1331 567
p 2 3 546 371 23070 1087
p 2 0 406 514 1413 567
p 2 3 459 458 23371 1003
p 2 0 397 523 1319 549
p 2 3 434 483 22797 977
p 2 0 342 578 1300 498
p 2 11 429 480 24282 1028
p 2 0 360 560 1172 493
p 2 6 399 515 23609 956
p 2 0 342 578 1285 501
p 2 0 414 506 21614 879
p 2 0 341 579 1270 500
p 2 4 411 505 22252 909
p 2 0 330 590 1291 483
p 2 3 392 525 21981 885
p 2 0 337 583 1223 481
p 2 0 260 660 804 385
p 2 5 388 527 23052 938
p 2 0 342 578 1272 493
p 2 2 420 498 22334 947
p 2 0 353 567 1598 527
p 2 4 412 504 23303 979
p 2 0 370 550 1292 516
p 2 6 414 500 22728 978
p 2 0 313 607 1192 464
p 2 4 380 536 23540 927
p 2 0 353 567 1316 512
p 2 0 198 722 624 333
p 2 11 375 534 24633 986
p 2 0 321 599 1261 480
p 2 13 363 544 24206 956
p 2 0 329 591 1300 480
p 2 2 375 543 22660 873
p 2 0 333 587 1234 479
p 2 6 389 525 22653 913
p 2 0 342 578 1230 490
p 2 7 422 491 23581 955
p 2 0 314 606 1240 466
p 2 1 392 527 23726 889
p 2 0 328 592 1263 481
p 2 2 413 505 24622 941
p 2 0 355 565 1371 514
p 2 8 397 515 25309 1004
p 2 0 324 596 1277 479
p 2 6 382 532 26113 978
p 2 0 332 588 1212 477
p 2 5 368 547 25705 946
p 2 0 316 604 1315 470
p 2 0 133 787 415 263
p 2 19 376 525 28406 1066
p 2 0 290 630 1181 444
p 2 16 367 537 26451 1014
p 2 0 321 599 1327 476
p 2 5 379 536 24430 908
p 2 0 309 611 1195 462
p 2 5 366 549 24036 912
p 2 0 292 628 1116 442
p 2 8 355 557 23356 901
p 2 0 281 639 1128 434
p 2 0 214 706 743 347
p 2 4 372 544 23995 917
p 2 0 286 634 1300 443
p 2 10 328 582 23011 897
p 2 0 260 660 1082 410
p 2 4 345 571 23503 907
p 2 0 282 638 1160 437
p 2 8 362 550 23111 926
p 2 0 298 622 1106 447
p 2 10 325 585 23071 912
p 2 0 305 615 1251 467
p 2 13 333 574 23522 924
p 2 0 289 631 1193 443
p 2 8 334 578 24994 899
p 2 0 274 646 1204 435
p 2 7 317 596 23110 843
p 2 0 274 646 1099 426
p 2 3 332 585 22571 833
p 2 0 280 640 1191 429
p 2 8 316 596 22049 833
p 2 0 268 652 1109 414
p 2 0 214 706 736 347
p 2 4 311 605 21806 809
p 2 0 262 658 1054 410
p 2 5 327 588 20784 818
p 2 0 276 644 1253 433
p 2 8 323 589 22260 869
p 2 0 258 662 1047 411
p 2 3 314 603 22447 829
p 2 0 272 648 1186 429
p 2 8 298 614 20864 793
p 2 0 282 638 1060 433
p 2 0 132 788 420 266
p 2 10 293 617 21714 823
p 2 0 244 676 1156 408
p 2 11 288 621 20666 784
p 2 0 244 676 1034 394
p 2 4 276 640 19384 743
p 2 0 246 674 972 397
p 2 7 302 611 19792 764
p 2 0 245 675 1034 401
p 2 4 282 634 19011 729
p 2 0 223 697 916 365
p 2 9 279 632 20078 739
p 2 0 223 697 1095 381
p 2 7 289 624 20074 764
p 2 0 250 670 952 394
p 2 5 297 618 20825 805
p 2 0 275 645 1115 427
p 2 4 275 641 18849 748
p 2 0 240 680 930 379
p 2 8 277 635 18881 767
p 2 0 257 663 1056 410
p 2 0 125 795 408 257
p 2 13 288 619 21049 842
p 2 0 241 679 964 388
p 2 16 268 636 20546 812
p 2 0 237 683 1123 393
p 2 2 278 640 18893 715
p 2 0 240 680 916 382
p 2 4 296 620 18029 754
p 2 0 251 669 961 393
p 2 2 287 631 17996 729
p 2 0 260 660 1066 406
p 2 0 134 786 418 264
p 2 0 305 615 17356 719
p 2 0 250 670 1111 401
p 2 1 302 617 14741 672
p 2 0 247 673 956 388
p 2 2 256 662 15402 665
p 2 0 258 662 1039 416
p 2 2 277 641 14392 663
p 2 0 260 660 902 405
p 2 2 260 658 13808 624
p 2 0 239 681 977 386
p 2 5 283 632 14039 678
p 2 0 235 685 857 378
p 2 8 301 611 14205 720
p 2 0 202 718 797 346
i 2 920 0 0 42533 3936
p 2 0 364 556 551 465
p 2 0 269 651 404 375
p 2 0 171 749 313 290
p 2 0 153 767 284 264
p 2 0 120 800 263 240
p 2 0 94 826 250 221
p 2 0 57 863 196 186
p 2 0 65 855 211 192
p 2 0 78 842 230 207
p 2 0 55 865 212 187
p 2 0 69 851 206 193
p 2 0 65 855 217 196
p 2 0 60 860 215 190
p 2 0 24 896 173 159
p 2 0 79 841 246 208
p 2 0 69 851 215 193
p 2 0 54 866 204 184
p 2 0 84 836 238 207
p 2 0 39 881 189 173
p 2 0 63 857 217 190
p 2 0 77 843 260 209
i 2 920 0 0 40770 3973
p 2 0 348 572 669 485
p 2 0 245 675 464 374
p 2 0 197 723 406 328
p 2 0 161 759 341 288
p 2 0 130 790 294 257
p 2 0 95 825 253 226
p 2 0 64 856 209 194
p 2 0 105 815 259 227
p 2 0 69 851 234 203
p 2 0 97 823 240 219
p 2 0 43 877 193 176
p 2 0 90 830 242 212
p 2 0 39 881 182 172
p 2 0 84 836 223 204
p 2 0 69 851 220 194
p 2 0 48 872 192 178
p 2 0 43 877 184 174
p 2 0 45 875 196 178
p 2 0 31 889 175 165
p 2 0 43 877 191 175
p 2 0 24 896 168 160
p 2 0 50 870 193 180
p 2 0 41 879 184 171
p 2 0 46 874 189 178
p 2 0 24 896 168 159
p 2 0 46 874 197 177
p 2 0 39 881 185 172
p 2 0 37 883 185 171
p 2 0 59 861 207 188
p 2 0 69 851 221 196
p 2 0 45 875 193 175
p 2 0 68 852 222 195
p 2 0 62 858 215 192
p 2 0 43 877 199 176
p 2 0 38 882 194 171
p 2 0 31 889 182 166
p 2 0 20 900 164 156
p 2 0 46 874 206 180
p 2 0 23 897 164 158
p 2 0 27 893 170 160
p 2 0 62 858 210 187
p 2 0 66 854 210 191
p 2 0 47 873 182 173
p 2 0 65 855 209 192
p 2 0 33 887 172 164
p 2 0 24 896 162 157
p 2 0 37 883 184 171
p 2 0 64 856 199 187
p 2 0 24 896 169 159
p 2 0 67 853 199 188
p 2 0 34 886 185 169
p 2 0 64 856 206 189
p 2 0 34 886 190 168
p 2 0 50 870 189 178
p 2 0 36 884 197 171
p 2 0 26 894 170 161
p 2 0 18 902 164 155
p 2 0 34 886 175 168
p 2 0 22 898 163 157
p 2 0 24 896 174 159
p 2 0 21 899 163 156
p 2 0 23 897 174 159
p 2 0 21 899 164 156
p 2 0 34 886 183 170
p 2 0 20 900 166 157
p 2 0 18 902 159 154
p 2 0 16 904 164 154
p 2 0 25 895 166 160
p 2 0 43 877 182 172
p 2 0 38 882 182 171
p 2 0 45 875 182 174
p 2 0 23 897 166 156
p 2 0 44 876 187 175
p 2 0 14 906 161 152
p 2 0 22 898 172 159
p 2 0 22 898 170 159
p 2 0 20 900 159 155
p 2 0 12 908 154 149
p 2 0 28 892 176 162
p 2 0 11 909 156 147
p 2 0 27 893 167 161
p 2 0 32 888 173 165
p 2 0 41 879 176 169
p 2 0 16 904 160 153
p 2 0 38 882 173 167
p 2 0 20 900 159 153
p 2 0 16 904 155 151
p 2 0 27 893 174 162
p 2 0 16 904 155 151
p 2 0 11 909 148 146
p 2 0 16 904 160 151
p 2 0 24 896 161 156
p 2 0 29 891 177 162
i 2 920 0 0 2596 2596
p 2 0 0 920 137 137
p 2 0 0 920 137 137
p 2 0 0 920 137 137
p 2 0 0 920 137 137
p 2 0 0 920 137 137
p 2 0 0 920 137 137
p 2 0 0 920 137 137
p 2 0 0 920 137 137
p 2 0 0 920 137 137
p 2 0 0 920 137 137
p 2 0 0 920 137 137
p 2 0 0 920 137 137
p 2 0 0 920 137 137
p 2 0 0 920 137 137
p 2 0 0 920 137 137
p 2 0 0 920 137 137
p 2 0 0 920 137 137
p 2 0 0 920 137 137
p 2 0 0 920 137 137
p 2 0 0 920 137 137
p 2 0 0 920 137 137
p 2 0 0 920 137 137
p 2 0 0 920 137 137
