# XviD 2pass stat file (core version 1.4.-127)
# Please do not modify this file

i 2 920 0 0 2596 2596
p 2 0 0 920 137 137
p 2 0 0 920 137 137
p 2 0 0 920 137 137
p 2 0 0 920 137 137
p 2 0 0 920 137 137
p 2 0 0 920 137 137
p 2 0 0 920 137 137
p 2 0 0 920 137 137
p 2 0 0 920 137 137
p 2 0 0 920 137 137
p 2 0 0 920 137 137
p 2 0 0 920 137 137
p 2 0 0 920 137 137
p 2 0 0 920 137 137
p 2 0 0 920 137 137
p 2 0 0 920 137 137
p 2 0 0 920 137 137
p 2 0 0 920 137 137
p 2 0 0 920 137 137
p 2 0 0 920 137 137
p 2 0 0 920 137 137
p 2 0 0 920 137 137
p 2 0 0 920 137 137
i 2 920 0 0 17664 3305
p 2 0 346 574 568 463
p 2 0 263 657 408 370
p 2 0 174 746 324 294
p 2 0 202 718 357 318
p 2 0 99 821 243 228
p 2 0 104 816 233 226
p 2 0 73 847 212 203
p 2 0 47 873 185 181
p 2 0 47 873 193 183
p 2 0 55 865 194 187
p 2 0 57 863 195 186
p 2 0 73 847 213 201
p 2 0 43 877 179 175
p 2 0 60 860 194 190
p 2 0 31 889 177 167
p 2 0 30 890 162 160
p 2 0 20 900 166 158
p 2 0 40 880 185 175
p 2 0 15 905 155 152
p 2 0 28 892 181 166
p 2 0 32 888 177 169
p 2 0 26 894 167 161
p 2 0 27 893 166 161
p 2 0 46 874 180 177
p 2 0 12 908 149 149
p 2 0 26 894 165 161
p 2 0 25 895 164 160
p 2 0 18 902 156 155
p 2 0 26 894 162 161
p 2 0 31 889 172 168
p 2 0 19 901 157 154
p 2 0 19 901 158 155
p 2 0 34 886 173 168
p 2 0 21 899 161 157
p 2 0 29 891 165 161
p 2 0 29 891 167 163
p 2 0 23 897 158 155
p 2 0 17 903 154 152
p 2 0 22 898 160 156
p 2 0 18 902 160 155
p 2 0 17 903 156 152
p 2 0 30 890 177 165
p 2 0 10 910 151 147
p 2 0 14 906 155 150
p 2 0 24 896 163 159
p 2 0 14 906 155 151
p 2 0 27 893 161 160
p 2 0 19 901 155 155
p 2 0 14 906 153 151
p 2 0 19 901 157 154
p 2 0 31 889 170 165
p 2 0 32 888 178 166
p 2 0 23 897 161 158
i 2 920 0 0 38036 3608
p 2 0 876 44 7208 1045
p 2 0 803 117 7649 973
p 2 0 825 95 7560 1009
p 2 0 814 106 8388 1007
p 2 0 786 134 8145 996
p 2 0 847 73 8057 1028
p 2 0 804 116 8438 1000
p 2 0 795 125 8166 1017
p 2 0 840 80 8470 1036
p 2 0 819 101 8197 1024
p 2 0 795 125 8356 1023
p 2 0 842 78 8574 1045
p 2 0 805 115 8314 1011
p 2 0 801 119 8156 1022
p 2 0 822 98 8483 1030
p 2 0 835 85 8472 1041
p 2 0 804 116 8368 1033
p 2 0 842 78 8357 1042
p 2 0 805 115 8296 1012
p 2 0 799 121 8206 1025
p 2 0 817 103 8218 1025
p 2 0 824 96 8542 1043
p 2 0 790 130 8433 1017
p 2 0 831 89 8549 1047
p 2 0 823 97 8553 1035
p 2 0 802 118 8359 1025
p 2 0 814 106 8122 1017
p 2 0 839 81 8536 1043
p 2 0 808 112 8549 1039
p 2 0 851 69 8373 1043
p 2 0 817 103 8566 1020
p 2 0 800 120 8499 1028
p 2 0 810 110 8397 1027
p 2 0 820 100 8355 1034
p 2 0 788 132 8294 1026
p 2 0 817 103 8493 1041
p 2 0 780 140 8361 992
p 2 0 811 109 8335 1033
p 2 0 807 113 8526 1037
p 2 0 815 105 8402 1039
p 2 0 791 129 8539 1033
p 2 0 804 116 8482 1030
p 2 0 818 102 8427 1032
p 2 0 782 138 8308 1011
p 2 0 828 92 8502 1034
p 2 0 811 109 8437 1044
p 2 0 791 129 8473 1037
p 2 0 822 98 8618 1041
p 2 0 838 82 8515 1043
p 2 0 808 112 8543 1038
p 2 0 838 82 8598 1062
p 2 0 817 103 8236 1039
p 2 0 802 118 8627 1042
p 2 0 831 89 8686 1054
p 2 0 814 106 8387 1034
p 2 0 808 112 8478 1051
p 2 0 818 102 8646 1050
p 2 0 807 113 8408 1035
p 2 0 801 119 8438 1036
p 2 0 808 112 8450 1041
p 2 0 834 86 8354 1031
p 2 0 825 95 8487 1048
p 2 0 813 107 8624 1035
p 2 0 841 79 8457 1053
p 2 0 824 96 8750 1055
p 2 0 832 88 8542 1067
p 2 0 846 74 8371 1052
p 2 0 815 105 8499 1040
p 2 0 818 102 8572 1043
p 2 0 838 82 8412 1054
p 2 0 787 133 8578 1015
p 2 0 834 86 8650 1056
p 2 0 821 99 8523 1033
p 2 0 837 83 8785 1049
i 2 920 0 0 19685 3463
p 2 0 468 452 654 559
p 2 0 438 482 534 518
p 2 0 311 609 425 409
p 2 0 331 589 436 424
p 2 0 180 740 297 293
p 2 0 198 722 325 315
p 2 0 146 774 282 268
p 2 0 178 742 291 288
p 2 0 114 806 236 231
p 2 0 205 715 308 297
p 2 0 108 812 240 232
p 2 0 112 808 242 232
p 2 0 163 757 289 272
p 2 0 117 803 247 240
p 2 0 516 404 6435 813
p 2 0 346 574 760 461
p 2 0 203 717 479 324
p 2 0 555 365 6612 855
p 2 0 283 637 767 414
p 2 0 555 365 6823 863
p 2 0 533 387 5862 792
p 2 0 463 457 984 559
p 2 0 462 458 6303 720
p 2 0 384 536 930 497
p 2 0 198 722 419 313
p 2 0 239 681 438 349
p 2 0 139 781 332 262
p 2 0 138 782 297 254
p 2 0 148 772 328 263
p 2 0 252 668 502 358
i 2 920 0 0 18783 3422
p 2 0 531 389 688 603
p 2 0 486 434 596 570
p 2 0 335 585 445 427
p 2 0 297 623 415 398
p 2 0 249 671 371 348
p 2 11 235 674 2236 425
p 2 0 214 706 363 324
p 2 0 167 753 300 280
p 2 46 280 594 4807 674
p 2 0 233 687 441 337
p 2 0 170 750 303 281
p 2 30 205 685 5599 668
p 2 0 213 707 487 336
p 2 6 263 651 4804 654
p 2 0 174 746 463 310
p 2 7 270 643 4953 667
p 2 0 178 742 503 322
p 2 0 161 759 386 286
p 2 0 164 756 342 283
p 2 7 226 687 5320 559
p 2 0 154 766 459 288
p 2 16 206 698 6997 677
p 2 0 181 739 481 307
p 2 0 144 776 376 276
p 2 37 229 654 7361 782
p 2 0 196 724 519 327
p 2 0 196 724 353 304
p 2 63 268 589 7431 919
p 2 0 247 673 547 370
i 2 920 0 0 2596 2596
p 2 0 0 920 137 137
p 2 0 0 920 137 137
p 2 0 0 920 137 137
p 2 0 0 920 137 137
p 2 454 346 120 5867 2174
p 2 337 500 83 8775 2223
p 2 295 590 35 9951 2120
p 2 267 621 32 10824 2151
p 2 258 618 44 11213 2062
p 2 219 646 55 11580 2007
p 2 147 726 47 12107 1876
p 2 123 728 69 12279 1878
p 2 122 780 18 12219 1796
p 2 119 740 61 12314 1827
p 2 119 798 3 12740 1831
p 2 78 840 2 13265 1823
p 2 77 807 36 12983 1758
p 2 77 840 3 13379 1780
p 2 77 815 28 13450 1748
p 2 77 834 9 13401 1768
p 2 75 825 20 13508 1735
p 2 75 836 9 13574 1743
p 2 75 832 13 13392 1726
p 2 72 847 1 13771 1762
p 2 70 835 15 13433 1724
p 2 70 836 14 13676 1710
p 2 68 820 32 13229 1659
p 2 0 794 126 3008 1024
p 2 0 638 282 1844 794
p 2 0 592 328 1586 721
p 2 0 510 410 1397 645
p 2 0 430 490 1036 541
p 2 0 375 545 965 498
p 2 0 341 579 942 466
p 2 0 312 608 806 435
p 2 0 320 600 811 436
p 2 0 258 662 623 377
p 2 0 268 652 669 385
p 2 0 243 677 609 365
p 2 0 256 664 604 368
p 2 0 257 663 643 375
p 2 0 199 721 545 324
p 2 0 187 733 494 309
p 2 0 194 726 524 317
p 2 0 200 720 488 321
p 2 0 144 776 413 272
p 2 0 177 743 483 304
p 2 0 208 712 500 325
p 2 0 146 774 388 271
p 2 0 128 792 389 254
p 2 0 128 792 371 255
p 2 0 120 800 351 249
p 2 0 149 771 430 275
p 2 0 178 742 426 290
p 2 0 115 805 345 240
p 2 0 110 810 342 239
p 2 0 106 814 321 232
p 2 0 95 825 319 224
p 2 0 143 777 385 268
p 2 0 108 812 355 239
p 2 0 70 850 265 203
p 2 0 82 838 295 213
p 2 0 103 817 315 231
p 2 0 64 856 262 196
p 2 0 112 808 331 240
p 2 0 103 817 283 227
p 2 0 85 835 264 212
p 2 0 79 841 273 211
p 2 0 96 824 278 222
p 2 0 89 831 300 220
p 2 0 86 834 275 213
p 2 0 93 827 267 219
p 2 0 48 872 213 180
p 2 0 79 841 267 206
p 2 0 58 862 223 188
p 2 0 49 871 235 183
p 2 0 71 849 270 202
p 2 0 73 847 260 203
p 2 0 44 876 208 176
p 2 0 50 870 228 184
p 2 0 56 864 236 187
p 2 0 43 877 211 178
p 2 0 67 853 259 198
p 2 0 63 857 222 192
p 2 0 37 883 204 171
p 2 0 69 851 242 198
p 2 0 59 861 224 189
p 2 0 43 877 202 174
p 2 0 47 873 219 181
p 2 0 55 865 219 185
p 2 0 35 885 196 171
p 2 0 50 870 220 183
p 2 0 52 868 225 185
p 2 0 35 885 191 169
p 2 0 46 874 206 179
p 2 0 96 824 263 220
p 2 0 41 879 203 173
p 2 0 52 868 228 186
p 2 0 41 879 203 173
p 2 0 40 880 208 174
p 2 0 44 876 212 178
p 2 0 49 871 207 180
p 2 0 24 896 171 159
p 2 0 41 879 212 176
p 2 0 43 877 195 175
p 2 0 25 895 178 161
p 2 0 44 876 206 177
p 2 0 49 871 217 183
p 2 0 33 887 187 167
p 2 0 53 867 220 182
p 2 0 47 873 211 179
p 2 0 33 887 208 168
p 2 0 34 886 201 170
p 2 0 39 881 214 173
p 2 0 22 898 171 156
p 2 0 27 893 192 161
p 2 0 39 881 203 173
p 2 0 29 891 182 163
p 2 0 53 867 210 180
p 2 0 44 876 196 174
p 2 0 36 884 182 167
p 2 0 40 880 200 173
p 2 0 36 884 189 169
p 2 0 22 898 171 157
p 2 0 35 885 201 168
p 2 0 33 887 186 167
p 2 0 19 901 170 154
p 2 0 35 885 198 169
p 2 0 38 882 191 170
p 2 0 21 899 172 157
p 2 0 31 889 189 167
p 2 0 25 895 169 161
p 2 0 19 901 170 155
p 2 0 29 891 188 164
p 2 0 35 885 189 169
p 2 0 44 876 182 173
p 2 0 36 884 186 169
p 2 0 53 867 214 184
p 2 0 20 900 166 155
p 2 0 48 872 199 179
p 2 0 31 889 182 165
p 2 0 26 894 174 160
p 2 0 43 877 209 176
p 2 0 38 882 193 171
p 2 0 22 898 167 157
p 2 0 32 888 181 166
p 2 0 31 889 177 164
p 2 0 23 897 175 158
p 2 0 30 890 184 164
p 2 0 29 891 175 164
p 2 0 20 900 171 155
p 2 0 43 877 196 175
p 2 0 48 872 191 177
p 2 0 18 902 165 152
p 2 0 36 884 202 171
p 2 0 47 873 208 179
p 2 0 14 906 155 148
p 2 0 21 899 173 155
p 2 0 28 892 177 163
p 2 0 23 897 176 158
p 2 0 23 897 175 156
p 2 0 24 896 173 159
p 2 0 15 905 161 150
p 2 0 21 899 169 156
p 2 0 28 892 180 164
p 2 0 20 900 171 156
p 2 0 21 899 181 157
p 2 0 34 886 179 167
p 2 0 25 895 171 158
p 2 0 25 895 179 160
p 2 0 32 888 188 167
p 2 0 26 894 180 160
p 2 0 24 896 177 159
p 2 0 32 888 181 166
p 2 0 19 901 161 154
p 2 0 47 873 199 177
p 2 0 26 894 177 160
p 2 0 25 895 170 159
p 2 0 28 892 185 161
p 2 0 48 872 215 182
p 2 0 39 881 193 172
p 2 0 30 890 188 164
p 2 0 34 886 192 167
p 2 0 679 241 2111 791
p 2 0 824 96 6654 1211
p 2 0 878 42 12309 1504
p 2 1 886 33 16147 1680
p 2 6 887 27 20395 1848
p 2 13 881 26 23499 1943
p 2 13 890 17 25328 1987
p 2 20 877 23 27888 2021
p 2 24 878 18 30132 2061
p 2 35 865 20 31797 2063
p 2 30 871 19 32823 2049
p 2 36 866 18 35327 2060
p 2 32 872 16 35147 2028
p 2 32 870 18 36408 2028
p 2 40 864 16 36944 1959
p 2 45 858 17 38698 1974
p 2 34 870 16 37191 1931
p 2 39 861 20 39072 1926
p 2 20 887 13 37298 1861
p 2 19 885 16 38559 1836
p 2 9 896 15 37234 1786
p 2 5 896 19 37510 1755
p 2 3 907 10 36384 1736
p 2 0 906 14 36016 1598
p 2 0 907 13 34397 1515
p 2 0 901 19 34762 1504
p 2 0 903 17 34650 1494
p 2 0 907 13 35058 1516
p 2 0 910 10 34947 1512
p 2 0 911 9 35015 1505
p 2 0 905 15 35117 1490
p 2 0 908 12 35677 1510
p 2 0 908 12 35028 1490
p 2 0 906 14 35110 1504
p 2 0 908 12 35402 1503
p 2 0 908 12 35638 1521
p 2 0 904 16 35901 1520
p 2 0 902 18 35219 1479
p 2 0 898 22 34537 1491
p 2 0 907 13 35475 1497
p 2 0 911 9 35376 1511
p 2 0 911 9 35791 1508
p 2 0 909 11 34839 1506
p 2 0 910 10 34696 1495
p 2 0 910 10 34742 1497
p 2 0 914 6 35973 1520
p 2 0 907 13 34502 1484
p 2 0 915 5 34600 1508
p 2 1 911 8 35727 1503
p 2 0 910 10 35604 1494
p 2 2 908 10 35288 1488
p 2 0 914 6 34799 1479
p 2 0 912 8 35462 1490
p 2 0 917 3 35589 1497
p 2 0 911 9 34785 1469
p 2 0 910 10 36088 1467
p 2 0 910 10 35459 1476
p 2 0 910 10 34798 1469
p 2 0 906 14 35512 1472
p 2 0 910 10 34915 1486
p 2 0 908 12 35431 1470
p 2 0 914 6 34945 1464
p 2 0 912 8 34974 1472
p 2 0 918 2 35082 1479
p 2 0 914 6 36123 1491
p 2 0 914 6 34710 1474
p 2 0 911 9 35431 1481
p 2 0 914 6 35593 1473
p 2 0 906 14 35769 1483
p 2 0 911 9 34877 1477
p 2 0 917 3 35700 1495
p 2 0 918 2 35471 1489
p 2 0 916 4 36031 1497
p 2 0 919 1 36043 1486
p 2 0 914 6 35474 1494
p 2 0 914 6 35294 1494
p 2 2 913 5 36716 1515
p 2 0 916 4 35377 1492
p 2 0 912 8 35905 1509
p 2 1 915 4 36720 1497
p 2 0 914 6 36349 1480
p 2 0 916 4 36195 1501
p 2 0 913 7 37299 1507
p 2 0 917 3 35935 1492
p 2 0 914 6 36549 1493
p 2 0 916 4 36597 1494
p 2 0 913 7 36035 1495
p 2 0 914 6 36452 1496
p 2 0 908 12 37429 1512
p 2 0 915 5 36201 1497
p 2 0 916 4 36279 1515
p 2 0 917 3 36360 1500
p 2 0 915 5 36450 1511
p 2 0 914 6 36313 1503
p 2 0 913 7 36233 1514
p 2 0 918 2 36190 1515
p 2 0 911 9 36594 1501
p 2 0 919 1 36237 1499
p 2 0 914 6 36491 1494
p 2 0 919 1 35534 1495
p 2 0 915 5 36386 1500
p 2 0 918 2 35977 1496
p 2 0 910 10 36605 1491
p 2 0 919 1 35944 1499
p 2 0 913 7 36398 1492
p 2 0 919 1 36439 1503
p 2 0 915 5 37080 1496
p 2 0 920 0 36342 1489
p 2 0 914 6 36481 1501
p 2 0 915 5 36155 1499
p 2 0 915 5 36891 1509
i 2 920 0 0 59891 4368
p 2 0 884 36 17292 1165
p 2 0 876 44 22267 1193
p 2 0 857 63 20359 1166
p 2 0 878 42 21658 1195
p 2 0 880 40 20758 1196
p 2 0 860 60 22273 1183
p 2 0 874 46 20295 1178
p 2 2 874 44 23798 1254
p 2 0 874 46 20445 1203
p 2 0 877 43 22534 1229
p 2 0 877 43 21333 1217
p 2 0 882 38 22994 1241
p 2 0 883 37 20170 1202
p 2 0 876 44 22657 1216
p 2 0 883 37 19818 1216
p 2 0 878 42 21644 1216
p 2 0 886 34 20307 1217
p 2 0 862 58 21456 1203
p 2 0 876 44 20318 1220
p 2 1 879 40 23350 1257
p 2 0 877 43 20046 1223
p 2 0 883 37 22694 1235
p 2 0 880 40 20328 1222
p 2 0 870 50 22811 1252
p 2 0 880 40 20710 1230
p 2 0 865 55 22087 1223
p 2 0 871 49 20341 1215
p 2 0 883 37 21673 1219
p 2 0 890 30 19772 1207
p 2 0 883 37 21632 1207
p 2 0 880 40 19886 1197
p 2 1 876 43 23122 1251
p 2 0 875 45 21673 1215
p 2 0 872 48 21805 1218
p 2 0 886 34 20122 1204
p 2 0 880 40 24142 1265
p 2 0 872 48 19645 1212
p 2 0 874 46 22502 1237
p 2 0 883 37 21355 1232
p 2 0 841 79 20942 1187
p 2 0 883 37 19952 1203
p 2 0 860 60 22209 1219
p 2 0 890 30 19784 1214
p 2 0 882 38 22551 1227
p 2 0 873 47 19790 1204
i 2 920 0 0 40979 4300
p 2 0 904 16 6082 1167
p 2 0 897 23 10086 1213
p 2 0 905 15 10275 1211
p 2 0 911 9 8404 1220
p 2 1 902 17 10773 1230
p 2 0 910 10 8890 1220
p 2 0 897 23 10592 1228
p 2 0 906 14 8843 1223
p 2 0 883 37 11096 1230
p 2 0 893 27 10269 1224
p 2 0 894 26 8750 1214
p 2 3 910 7 11817 1315
p 2 0 895 25 8364 1203
p 2 0 910 10 8973 1225
p 2 3 898 19 11922 1302
p 2 0 904 16 8237 1240
p 2 0 888 32 8942 1213
p 2 18 890 12 22060 1664
p 2 0 897 23 8113 1222
p 2 0 909 11 8996 1244
p 2 24 871 25 24045 1707
p 2 0 907 13 7925 1247
p 2 0 900 20 9125 1245
p 2 44 862 14 23804 1770
p 2 0 897 23 8272 1245
p 2 0 904 16 8512 1235
p 2 40 860 20 23850 1749
p 2 0 911 9 7819 1233
p 2 0 904 16 8937 1231
p 2 0 899 21 8817 1221
p 2 0 898 22 9317 1219
p 2 0 907 13 9160 1215
p 2 17 883 20 26375 1776
p 2 0 897 23 7967 1236
p 2 0 901 19 8636 1234
p 2 19 893 8 27824 1874
p 2 0 902 18 8487 1257
p 2 0 912 8 8842 1237
p 2 37 875 8 29885 2003
p 2 0 903 17 7853 1258
p 2 0 899 21 9177 1238
p 2 58 858 4 32358 2152
p 2 0 905 15 8445 1276
p 2 0 905 15 9080 1225
p 2 0 904 16 9389 1228
p 2 0 908 12 9775 1219
p 2 0 905 15 9543 1228
p 2 0 914 6 9492 1214
p 2 0 908 12 9997 1226
p 2 0 916 4 10033 1228
p 2 0 900 20 9231 1210
p 2 0 904 16 9888 1225
p 2 0 908 12 10370 1231
i 2 920 0 0 39346 4048
p 2 0 916 4 9395 1136
p 2 0 909 11 9554 1157
p 2 0 909 11 9612 1175
p 2 0 909 11 9792 1166
p 2 0 906 14 9697 1157
p 2 0 900 20 12902 1189
p 2 0 894 26 9970 1159
p 2 0 905 15 9796 1160
p 2 0 892 28 12670 1186
p 2 0 901 19 9866 1170
p 2 0 896 24 9873 1163
p 2 0 891 29 12757 1174
p 2 0 902 18 9820 1154
p 2 0 911 9 9988 1167
p 2 0 892 28 13386 1201
p 2 0 896 24 9889 1160
p 2 0 901 19 9879 1153
p 2 0 900 20 10040 1147
p 2 0 905 15 9895 1169
p 2 0 904 16 10263 1155
p 2 0 901 19 10093 1159
p 2 0 906 14 10633 1166
p 2 0 905 15 10083 1172
p 2 0 897 23 10478 1167
p 2 0 902 18 9877 1164
p 2 0 892 28 10180 1161
p 2 0 907 13 9779 1160
p 2 0 894 26 10340 1154
p 2 0 904 16 9811 1154
p 2 0 896 24 10187 1172
p 2 0 906 14 9799 1158
p 2 0 881 39 10181 1144
p 2 0 908 12 9737 1158
p 2 0 894 26 10241 1150
p 2 0 892 28 9785 1150
p 2 0 902 18 10190 1163
p 2 0 898 22 9728 1165
p 2 0 889 31 10062 1142
p 2 0 890 30 9698 1156
p 2 0 903 17 10114 1145
p 2 0 896 24 9971 1174
p 2 0 892 28 10278 1142
p 2 0 899 21 9819 1152
p 2 0 892 28 10221 1128
p 2 0 894 26 9822 1155
p 2 0 894 26 10278 1145
p 2 0 892 28 9956 1165
i 2 920 0 0 47400 4508
p 2 0 791 129 9007 1099
p 2 0 786 134 10937 1148
p 2 0 789 131 15880 1207
p 2 0 792 128 10997 1156
p 2 0 793 127 11348 1155
p 2 1 796 123 15554 1222
p 2 0 799 121 11380 1172
p 2 0 778 142 11110 1145
p 2 2 788 130 15266 1216
p 2 0 791 129 11241 1168
p 2 0 789 131 11268 1174
p 2 3 793 124 15214 1236
p 2 0 798 122 11095 1154
p 2 0 798 122 11209 1194
p 2 0 795 125 14869 1222
p 2 0 793 127 11123 1169
p 2 0 799 121 11219 1170
p 2 0 782 138 14723 1201
p 2 0 782 138 11096 1169
p 2 0 795 125 11110 1184
p 2 0 792 128 14737 1223
p 2 0 788 132 11381 1173
p 2 0 797 123 11407 1182
p 2 2 790 128 16362 1252
p 2 0 790 130 11237 1168
p 2 0 795 125 11401 1175
p 2 4 787 129 16208 1269
p 2 0 795 125 11350 1173
p 2 0 791 129 11463 1184
p 2 0 796 124 15304 1232
p 2 0 799 121 11196 1175
p 2 2 795 123 15586 1255
p 2 0 802 118 11347 1187
p 2 5 793 122 16640 1280
p 2 0 796 124 11238 1178
p 2 0 796 124 11167 1178
p 2 0 794 126 11847 1176
p 2 6 790 124 17594 1329
p 2 0 797 123 11161 1198
p 2 0 793 127 11913 1200
p 2 6 785 129 17325 1299
p 2 0 795 125 11309 1183
p 2 0 792 128 14308 1204
p 2 0 798 122 11539 1194
p 2 0 800 120 13649 1212
p 2 0 792 128 11187 1191
p 2 0 791 129 11564 1198
p 2 0 789 131 13558 1214
p 2 0 798 122 11215 1184
p 2 0 798 122 11745 1210
i 2 920 0 0 36839 3967
p 2 0 851 69 8808 1077
p 2 0 886 34 11199 1153
p 2 1 875 44 13589 1280
p 2 0 877 43 11084 1148
p 2 0 865 55 11192 1141
p 2 1 846 73 12750 1205
p 2 0 825 95 10950 1110
p 2 0 820 100 10559 1087
p 2 0 828 92 12803 1182
p 2 0 837 83 10753 1118
p 2 0 862 58 10777 1139
p 2 24 858 38 15646 1505
p 2 0 880 40 10993 1165
p 2 0 873 47 10654 1161
p 2 0 892 28 14640 1368
p 2 0 832 88 10756 1130
p 2 0 869 51 10898 1140
p 2 5 805 110 15275 1371
p 2 0 834 86 10883 1116
p 2 0 877 43 10560 1142
p 2 49 813 58 17029 1597
p 2 0 840 80 11054 1131
p 2 0 851 69 11068 1123
p 2 10 852 58 15817 1416
p 2 0 797 123 10989 1122
p 2 0 851 69 11139 1142
p 2 12 837 71 15591 1422
p 2 0 873 47 10666 1160
p 2 0 850 70 11493 1160
p 2 4 877 39 13574 1347
p 2 0 882 38 11334 1177
p 2 0 833 87 11316 1144
p 2 53 836 31 15813 1607
p 2 0 860 60 11270 1154
p 2 0 840 80 11052 1142
p 2 2 873 45 15098 1336
p 2 0 817 103 10396 1103
p 2 0 863 57 11251 1135
p 2 1 872 47 13644 1261
p 2 0 847 73 10890 1120
p 2 0 853 67 10709 1128
p 2 31 812 77 16432 1476
p 2 0 866 54 11339 1159
p 2 0 868 52 11293 1135
p 2 36 839 45 15838 1525
p 2 0 839 81 10906 1115
p 2 0 872 48 11069 1142
p 2 3 867 50 13107 1273
p 2 0 876 44 11137 1153
p 2 0 836 84 11155 1121
i 2 920 0 0 36501 4089
p 2 0 328 592 528 437
p 2 0 335 585 500 445
p 2 0 706 214 16676 1201
p 2 0 502 418 1346 642
p 2 0 308 612 752 422
p 2 0 731 189 15797 1218
p 2 0 488 432 1410 635
p 2 2 735 183 17563 1373
p 2 0 527 393 1600 675
p 2 0 749 171 17764 1399
p 2 0 471 449 1483 633
p 2 1 707 212 15504 1184
p 2 0 466 454 1406 604
p 2 0 347 573 900 475
p 2 0 654 266 14498 1109
p 2 0 500 420 1557 649
p 2 0 249 671 682 377
p 2 0 223 697 550 352
p 2 0 187 733 477 314
p 2 0 151 769 411 281
p 2 0 130 790 380 258
p 2 0 161 759 426 290
p 2 0 104 816 346 234
p 2 0 171 749 426 295
p 2 0 113 807 366 247
p 2 0 160 760 437 283
p 2 0 147 773 397 271
p 2 0 114 806 366 243
p 2 0 147 773 431 276
p 2 0 144 776 422 275
p 2 0 107 813 350 237
p 2 0 114 806 384 245
p 2 0 101 819 321 230
p 2 0 128 792 381 257
p 2 0 136 784 406 266
p 2 0 136 784 383 263
p 2 0 93 827 316 225
p 2 0 146 774 382 270
p 2 0 89 831 293 219
p 2 0 99 821 309 229
p 2 0 111 809 321 235
p 2 0 77 843 269 205
p 2 0 111 809 304 236
p 2 0 97 823 294 227
p 2 0 100 820 316 230
p 2 0 94 826 275 221
p 2 0 168 752 437 291
i 2 920 0 0 40825 3839
p 2 0 902 18 8407 1079
p 2 0 899 21 8867 1079
p 2 0 914 6 8614 1075
p 2 0 911 9 10329 1101
p 2 0 913 7 10031 1100
p 2 0 914 6 10526 1104
p 2 0 916 4 14778 1158
p 2 0 917 3 9489 1103
p 2 1 916 3 11597 1122
p 2 0 916 4 14497 1163
p 2 0 916 4 10092 1100
p 2 0 914 6 11537 1125
p 2 0 918 2 14323 1168
p 2 0 915 5 9854 1104
p 2 0 916 4 12210 1130
p 2 0 917 3 14362 1180
p 2 0 915 5 11205 1114
p 2 0 920 0 9339 1098
p 2 0 919 1 14364 1163
p 2 0 918 2 10214 1112
p 2 0 918 2 10906 1103
p 2 0 918 2 10194 1091
p 2 0 919 1 10187 1097
p 2 0 915 5 12172 1109
p 2 99 820 1 22426 2246
p 2 78 842 0 26826 2317
p 2 78 842 0 27807 2374
p 2 69 851 0 29974 2422
p 2 72 848 0 28108 2348
p 2 90 830 0 30454 2464
p 2 97 823 0 29370 2451
p 2 94 826 0 31555 2523
p 2 111 809 0 29064 2550
p 2 163 757 0 30313 2688
p 2 185 735 0 25276 2717
p 2 182 738 0 21961 2717
p 2 0 890 30 14301 1552
p 2 0 888 32 6109 1197
p 2 0 898 22 6353 1188
p 2 0 886 34 13782 1354
p 2 0 894 26 6272 1165
p 2 0 889 31 6216 1137
p 2 11 877 32 20787 1814
p 2 0 882 38 7614 1229
p 2 1 883 36 15943 1496
p 2 0 890 30 6858 1164
p 2 2 893 25 16605 1529
p 2 0 897 23 7024 1168
p 2 2 890 28 11906 1380
p 2 0 892 28 6283 1144
p 2 1 894 25 11459 1353
p 2 0 891 29 6293 1126
p 2 1 894 25 11243 1295
p 2 0 883 37 6768 1110
p 2 0 887 33 11173 1266
p 2 0 892 28 6266 1089
p 2 0 901 19 6711 1113
p 2 5 887 28 18131 1534
p 2 0 899 21 6607 1139
p 2 0 881 39 7021 1106
p 2 3 902 15 14594 1434
p 2 0 891 29 6699 1114
p 2 0 903 17 6628 1105
i 2 920 0 0 45577 4191
p 2 195 724 1 45693 3129
p 2 181 739 0 47620 3232
p 2 177 742 1 45007 3095
p 2 192 728 0 44515 3295
p 2 152 768 0 43678 3080
p 2 174 746 0 46784 3268
p 2 160 760 0 46315 3071
p 2 179 741 0 47407 3275
p 2 163 757 0 45613 3147
p 2 197 723 0 46423 3260
p 2 164 754 2 45748 3126
p 2 204 716 0 45589 3301
p 2 188 732 0 45039 3218
p 2 196 724 0 48337 3365
p 2 165 755 0 47238 3102
p 2 166 754 0 46835 3227
p 2 184 736 0 43963 3195
p 2 186 734 0 45823 3274
p 2 149 770 1 44206 3070
p 2 179 741 0 46591 3243
p 2 164 756 0 46050 3141
p 2 185 735 0 47946 3235
p 2 185 734 1 46700 3169
p 2 200 720 0 46520 3280
p 2 181 739 0 45372 3153
p 2 155 765 0 48707 3177
i 2 920 0 0 35289 4268
p 2 442 477 1 54588 4218
p 2 353 567 0 65541 4061
p 2 324 596 0 62414 3875
p 2 178 742 0 79834 3293
p 2 86 834 0 62038 2773
p 2 24 896 0 42693 2070
p 2 0 920 0 28058 1368
p 2 0 919 1 29926 1433
p 2 0 914 6 33669 1464
p 2 0 916 4 29708 1442
p 2 0 914 6 31072 1462
p 2 0 917 3 33240 1475
p 2 0 917 3 31230 1474
p 2 0 919 1 29654 1453
p 2 0 916 4 32357 1470
p 2 0 918 2 29325 1442
p 2 0 914 6 30718 1459
p 2 0 915 5 31367 1459
p 2 0 919 1 29278 1454
p 2 0 914 6 29100 1437
p 2 0 916 4 32566 1451
p 2 0 912 8 27632 1420
p 2 0 914 6 28875 1434
p 2 0 913 7 30148 1430
p 2 0 916 4 28610 1424
p 2 0 912 8 26856 1381
p 2 0 907 13 28567 1412
p 2 0 913 7 26602 1389
p 2 0 909 11 25898 1395
p 2 0 909 11 27851 1401
p 2 0 904 16 24066 1353
p 2 0 894 26 20575 1289
p 2 0 897 23 23298 1323
p 2 0 896 24 14499 1144
p 2 0 867 53 8871 1055
i 2 920 0 0 38214 4030
p 2 2 883 35 3281 1040
p 2 1 903 16 4190 1107
p 2 1 879 40 13137 1243
p 2 2 886 32 5570 1168
p 2 1 876 43 5260 1122
p 2 2 875 43 12119 1236
p 2 0 874 46 5532 1127
p 2 3 878 39 5336 1135
p 2 2 866 52 13541 1280
p 2 2 870 48 5106 1118
p 2 1 887 32 5391 1131
p 2 0 873 47 13738 1273
p 2 0 863 57 5396 1118
p 2 0 862 58 4922 1115
p 2 0 879 41 11801 1204
p 2 0 866 54 4696 1102
p 2 0 862 58 4674 1088
p 2 0 865 55 11818 1204
p 2 0 855 65 4909 1072
p 2 0 877 43 5170 1100
p 2 0 855 65 13082 1218
p 2 0 880 40 4737 1099
p 2 0 879 41 5015 1117
p 2 0 883 37 12204 1218
p 2 0 872 48 4968 1092
p 2 0 866 54 4634 1094
p 2 0 887 33 13302 1244
p 2 0 870 50 4639 1098
p 2 0 867 53 4482 1077
p 2 0 867 53 13900 1252
p 2 0 873 47 5072 1124
p 2 0 875 45 4680 1097
p 2 0 885 35 12073 1231
p 2 0 865 55 5036 1101
p 2 1 872 47 4862 1079
p 2 2 866 52 12193 1223
p 2 2 869 49 5916 1121
p 2 1 885 34 5381 1110
p 2 2 869 49 14242 1254
p 2 0 871 49 5666 1135
p 2 1 874 45 4960 1124
p 2 2 863 55 11748 1224
p 2 0 869 51 5450 1116
p 2 1 876 43 5088 1108
p 2 1 861 58 12293 1255
p 2 2 858 60 4968 1116
p 2 0 889 31 5449 1164
i 2 920 0 0 71710 4694
p 2 0 920 0 8864 1132
p 2 1 919 0 14480 1193
p 2 1 918 1 14407 1182
p 2 0 919 1 14979 1171
p 2 1 918 1 15107 1195
p 2 0 920 0 15597 1204
p 2 1 919 0 15796 1240
p 2 0 919 1 14630 1217
p 2 0 920 0 14289 1161
p 2 1 919 0 15179 1198
p 2 0 920 0 15152 1189
p 2 0 920 0 16066 1225
p 2 0 920 0 15136 1182
p 2 0 920 0 15657 1207
p 2 1 918 1 15760 1210
p 2 1 918 1 16309 1221
p 2 2 917 1 15320 1204
p 2 1 919 0 15893 1214
p 2 0 920 0 15770 1196
p 2 2 918 0 16295 1233
p 2 1 919 0 15654 1203
p 2 1 918 1 15906 1219
p 2 0 920 0 15567 1193
p 2 2 915 3 16232 1242
p 2 0 920 0 14868 1197
p 2 1 919 0 15416 1204
p 2 0 920 0 15399 1206
p 2 1 918 1 16380 1228
p 2 2 918 0 15025 1218
p 2 0 920 0 15581 1223
p 2 0 920 0 14965 1203
p 2 0 920 0 15610 1216
p 2 0 920 0 14921 1200
p 2 0 920 0 15385 1220
p 2 0 918 2 14921 1212
p 2 0 920 0 15752 1224
p 2 0 919 1 14898 1193
p 2 0 920 0 15342 1207
p 2 0 920 0 15341 1209
p 2 0 919 1 15659 1217
p 2 0 919 1 14915 1186
p 2 0 920 0 15353 1206
p 2 0 919 1 15085 1197
p 2 0 918 2 15746 1218
p 2 0 918 2 15078 1213
p 2 0 918 2 15516 1207
p 2 0 918 2 15357 1214
p 2 0 918 2 16040 1226
p 2 0 918 2 15222 1197
p 2 0 918 2 15523 1201
p 2 0 914 6 15810 1258
p 2 15 905 0 23015 1579
p 2 16 904 0 23311 1613
p 2 15 905 0 25711 1626
p 2 15 905 0 24473 1631
p 2 12 908 0 24781 1615
p 2 21 899 0 24998 1668
p 2 22 898 0 24633 1665
p 2 26 894 0 25567 1717
p 2 19 901 0 24256 1675
p 2 27 893 0 24724 1748
p 2 26 894 0 24623 1744
p 2 39 881 0 25354 1833
p 2 31 889 0 24674 1805
p 2 48 872 0 23854 1906
p 2 55 865 0 23615 1941
p 2 72 848 0 24357 2066
p 2 75 845 0 21964 2111
p 2 79 841 0 23258 2240
p 2 0 910 10 10994 1341
p 2 0 907 13 10674 1259
p 2 0 898 22 10938 1267
p 2 0 896 24 10805 1270
p 2 0 885 35 10406 1237
p 2 0 897 23 10820 1255
p 2 0 894 26 10793 1250
p 2 0 894 26 11050 1260
p 2 0 883 37 10691 1240
p 2 0 883 37 11064 1255
p 2 0 882 38 10975 1234
p 2 0 874 46 10738 1219
p 2 0 875 45 11012 1238
p 2 0 873 47 10575 1222
p 2 0 864 56 10636 1214
p 2 0 867 53 10811 1225
p 2 0 860 60 10566 1187
p 2 0 859 61 10686 1210
p 2 0 876 44 10703 1224
p 2 0 847 73 10837 1210
p 2 0 860 60 10349 1198
p 2 0 844 76 10785 1191
p 2 0 853 67 10528 1188
p 2 0 858 62 10601 1195
p 2 0 855 65 10778 1191
p 2 0 861 59 10757 1196
p 2 0 857 63 10873 1195
p 2 0 845 75 10987 1198
p 2 0 872 48 10982 1193
p 2 0 843 77 10801 1187
p 2 0 875 45 11032 1206
p 2 0 861 59 10816 1200
p 2 0 851 69 10870 1200
p 2 0 871 49 11152 1235
p 2 0 852 68 11106 1206
p 2 0 865 55 11254 1207
p 2 0 864 56 11326 1213
p 2 0 850 70 11404 1213
i 2 920 0 0 52492 3931
p 2 0 912 8 15015 1162
p 2 0 918 2 15952 1203
p 2 0 910 10 19087 1259
p 2 0 914 6 16650 1239
p 2 0 907 13 18546 1262
p 2 0 914 6 18300 1265
p 2 0 914 6 16390 1241
p 2 0 909 11 17852 1264
p 2 0 904 16 18268 1284
p 2 0 907 13 16630 1262
p 2 0 909 11 17571 1266
p 2 0 905 15 16266 1262
p 2 0 913 7 16979 1287
p 2 0 913 7 16106 1284
p 2 0 908 12 17221 1271
p 2 0 906 14 17010 1271
p 2 0 917 3 17328 1299
p 2 0 909 11 16393 1276
p 2 2 904 14 19138 1311
p 2 0 911 9 16506 1280
p 2 0 917 3 18632 1297
p 2 0 914 6 16516 1279
p 2 1 909 10 18364 1292
p 2 0 912 8 16840 1276
p 2 1 916 3 21381 1325
p 2 0 908 12 16361 1257
p 2 0 910 10 20127 1304
p 2 0 914 6 18995 1297
p 2 0 914 6 16715 1254
p 2 0 910 10 20132 1303
p 2 0 902 18 16714 1258
p 2 0 910 10 16849 1268
p 2 0 907 13 19262 1273
p 2 0 910 10 16545 1259
p 2 0 914 6 18301 1287
p 2 0 903 17 17606 1261
p 2 0 906 14 18207 1277
p 2 0 910 10 16417 1260
p 2 0 908 12 18285 1274
p 2 0 914 6 16585 1281
p 2 0 916 4 18240 1281
p 2 0 908 12 16723 1275
p 2 0 904 16 18160 1284
p 2 0 916 4 16512 1270
i 2 920 0 0 38257 3727
p 2 0 913 7 12184 1188
p 2 0 909 11 15228 1245
p 2 0 899 21 16445 1262
p 2 0 907 13 15501 1273
p 2 0 913 7 15281 1257
p 2 0 909 11 17531 1296
p 2 0 915 5 15463 1259
p 2 0 907 13 15977 1265
p 2 0 905 15 17264 1297
p 2 0 912 8 15622 1291
p 2 0 898 22 15115 1234
p 2 1 911 8 16914 1294
p 2 0 910 10 15539 1258
p 2 0 917 3 15876 1266
p 2 0 902 18 17431 1274
p 2 0 911 9 16289 1277
p 2 0 906 14 15982 1273
p 2 10 902 8 19677 1398
p 2 0 916 4 16462 1269
p 2 0 914 6 16555 1277
p 2 5 913 2 20851 1417
p 2 0 916 4 16558 1299
p 2 0 913 7 16021 1273
p 2 0 917 3 19449 1377
p 2 0 915 5 15939 1285
p 2 0 920 0 16884 1294
p 2 1 915 4 17899 1311
p 2 0 915 5 16308 1296
p 2 0 917 3 16302 1285
p 2 0 918 2 17313 1302
p 2 0 916 4 16074 1291
p 2 0 914 6 16360 1293
p 2 0 913 7 16864 1297
p 2 0 912 8 16564 1297
p 2 0 916 4 16594 1293
p 2 0 917 3 17948 1327
p 2 0 913 7 15654 1314
p 2 0 910 10 15638 1299
p 2 0 912 8 15921 1289
p 2 0 916 4 15808 1300
p 2 0 913 7 15726 1294
p 2 0 915 5 15998 1297
p 2 0 913 7 15214 1280
p 2 0 913 7 15680 1304
p 2 0 917 3 15225 1302
p 2 0 915 5 15749 1304
p 2 0 916 4 15397 1320
i 2 920 0 0 60806 4573
p 2 0 916 4 16524 1201
p 2 0 916 4 20359 1277
p 2 0 910 10 20417 1275
p 2 0 911 9 20239 1297
p 2 0 918 2 20817 1310
p 2 0 911 9 20297 1316
p 2 0 916 4 21351 1327
p 2 0 913 7 20411 1304
p 2 0 912 8 20823 1314
p 2 0 917 3 20621 1309
p 2 0 916 4 21400 1326
p 2 0 919 1 20938 1317
p 2 0 911 9 20142 1312
p 2 0 917 3 21257 1315
p 2 0 918 2 20306 1320
p 2 0 920 0 21519 1328
p 2 0 916 4 20637 1311
p 2 0 920 0 21315 1322
p 2 0 914 6 21152 1336
p 2 0 917 3 21926 1321
p 2 0 913 7 21671 1318
p 2 0 920 0 20835 1305
p 2 0 914 6 21635 1326
p 2 0 920 0 20960 1322
p 2 0 918 2 21847 1342
p 2 0 919 1 21409 1323
p 2 0 918 2 21593 1329
p 2 0 919 1 21603 1327
p 2 0 920 0 22487 1348
p 2 0 918 2 22125 1340
p 2 2 917 1 21343 1341
p 2 0 918 2 21916 1334
p 2 1 919 0 21562 1340
p 2 2 918 0 22485 1360
p 2 1 918 1 21895 1331
p 2 0 920 0 22024 1338
p 2 0 919 1 21597 1318
p 2 0 920 0 22733 1333
p 2 0 920 0 21696 1323
p 2 0 918 2 21939 1335
p 2 0 920 0 21841 1315
p 2 0 920 0 22626 1325
p 2 0 919 1 22292 1327
p 2 0 920 0 22299 1329
p 2 0 920 0 21969 1325
p 2 0 920 0 22798 1347
p 2 0 918 2 22351 1317
p 2 0 920 0 21751 1318
p 2 0 920 0 22370 1347
p 2 0 920 0 21829 1327
p 2 0 918 2 22630 1346
p 2 0 920 0 22151 1338
p 2 0 918 2 22167 1333
p 2 0 920 0 21933 1326
p 2 0 920 0 23042 1346
p 2 0 920 0 22355 1340
p 2 0 920 0 22110 1317
p 2 0 920 0 21884 1335
p 2 0 919 1 22618 1343
p 2 0 920 0 22226 1330
p 2 0 919 1 22194 1341
p 2 0 920 0 21827 1329
p 2 0 919 1 23050 1354
p 2 0 920 0 21975 1336
p 2 0 919 1 22392 1331
i 2 920 0 0 24976 3825
p 2 15 868 37 6591 1516
p 2 11 878 31 9075 1616
p 2 52 854 14 21927 2406
p 2 9 900 11 8772 1724
p 2 12 894 14 9807 1741
p 2 67 849 4 24262 2563
p 2 15 896 9 11004 1872
p 2 18 884 18 11400 1821
p 2 87 831 2 23527 2632
p 2 13 900 7 10032 1866
p 2 18 894 8 9124 1754
p 2 91 823 6 24981 2543
p 2 3 902 15 7143 1608
p 2 3 897 20 9864 1696
p 2 53 863 4 23363 2419
p 2 0 910 10 6702 1642
p 2 3 904 13 8961 1640
p 2 111 800 9 23245 2557
p 2 2 911 7 8470 1707
p 2 2 903 15 6641 1518
p 2 34 873 13 22565 2195
p 2 0 906 14 7260 1471
p 2 0 904 16 8277 1478
p 2 98 809 13 24843 2332
p 2 0 895 25 10426 1439
p 2 37 862 21 23407 2090
p 2 0 888 32 9879 1417
p 2 1 895 24 14924 1588
p 2 0 859 61 8703 1330
p 2 0 890 30 14618 1532
p 2 0 855 65 6747 1239
p 2 0 886 34 7014 1321
p 2 275 645 0 16362 2651
p 2 179 741 0 18261 2626
p 2 139 781 0 18280 2624
p 2 139 781 0 18184 2586
p 2 145 775 0 17199 2591
p 2 143 777 0 16713 2584
p 2 133 787 0 15647 2614
p 2 106 814 0 15048 2613
p 2 0 915 5 4386 1261
p 2 0 890 30 4189 1099
p 2 0 884 36 4145 1057
p 2 0 878 42 4125 1054
p 2 0 872 48 4233 1040
p 2 0 893 27 4309 1083
p 2 0 863 57 4007 1027
p 2 0 865 55 4154 1067
p 2 0 867 53 4157 1036
p 2 0 865 55 4188 1054
p 2 0 879 41 4144 1031
p 2 0 889 31 4047 1045
p 2 0 858 62 3985 1005
p 2 0 872 48 4176 1040
p 2 0 892 28 3990 1029
p 2 0 892 28 4079 1041
p 2 0 880 40 3875 1011
p 2 0 849 71 3963 1019
p 2 0 869 51 3923 1022
p 2 0 866 54 4023 1033
p 2 0 878 42 4023 1037
p 2 0 867 53 3991 1026
p 2 0 872 48 3776 1022
p 2 0 861 59 3906 1021
p 2 0 875 45 3952 1015
p 2 0 867 53 4034 1040
p 2 0 877 43 4077 1046
p 2 0 892 28 4169 1103
p 2 166 754 0 14101 2577
p 2 120 800 0 15692 2607
p 2 108 812 0 16350 2617
p 2 97 823 0 16892 2611
p 2 103 817 0 16659 2651
p 2 111 809 0 16952 2693
p 2 105 815 0 16722 2630
p 2 110 810 0 15855 2582
p 2 2 904 14 5275 1527
p 2 0 915 5 3641 1362
p 2 0 908 12 3461 1271
p 2 0 912 8 3589 1222
p 2 0 909 11 3692 1197
p 2 0 915 5 3585 1186
p 2 0 914 6 3516 1183
p 2 0 917 3 3159 1116
p 2 0 910 10 3234 1114
p 2 0 911 9 3222 1111
p 2 1 912 7 3346 1112
p 2 0 915 5 3430 1088
p 2 0 905 15 3560 1094
p 2 2 910 8 3615 1111
p 2 0 910 10 3486 1098
p 2 0 911 9 3224 1066
p 2 0 911 9 3219 1057
p 2 0 912 8 2895 1062
p 2 0 907 13 3075 1065
p 2 0 912 8 3457 1083
p 2 0 910 10 3244 1047
p 2 0 914 6 3248 1062
p 2 0 905 15 3231 1066
p 2 0 914 6 3144 1087
p 2 0 909 11 3077 1053
p 2 0 907 13 3069 1055
p 2 1 897 22 3133 1035
p 2 0 913 7 3209 1037
p 2 0 892 28 2986 1042
p 2 1 913 6 2912 1054
p 2 0 898 22 2964 1059
p 2 0 912 8 2861 1027
p 2 0 910 10 3224 1065
p 2 0 895 25 2968 1024
p 2 1 910 9 3180 1093
p 2 0 914 6 2780 1043
p 2 0 891 29 2792 1045
p 2 0 908 12 2964 1058
p 2 0 906 14 3045 1080
p 2 0 915 5 2898 1061
p 2 2 897 21 2836 1030
p 2 0 908 12 2943 1050
p 2 0 907 13 2676 1032
p 2 0 906 14 2731 1034
p 2 0 902 18 2731 1025
p 2 0 903 17 2678 1006
p 2 0 896 24 3005 1036
p 2 0 895 25 2941 1031
p 2 0 901 19 2887 1051
p 2 0 909 11 2957 1046
p 2 0 898 22 2737 1002
p 2 0 899 21 3000 1041
p 2 0 889 31 3170 1045
p 2 0 893 27 3220 1066
p 2 0 887 33 3492 1079
p 2 0 885 35 3424 1090
p 2 0 889 31 3241 1082
p 2 0 888 32 2957 1075
p 2 0 887 33 2969 1038
p 2 0 887 33 2804 1054
p 2 0 874 46 2868 1050
p 2 0 892 28 2794 1025
p 2 0 876 44 2625 1038
p 2 0 877 43 2899 1032
p 2 0 880 40 2972 1023
p 2 2 874 44 2952 1013
p 2 0 885 35 2946 1028
p 2 0 876 44 2736 1007
p 2 0 867 53 2883 1028
p 2 0 851 69 2777 1012
p 2 0 863 57 2973 1028
p 2 2 840 78 2829 1000
p 2 0 848 72 2683 995
p 2 0 861 59 2949 1027
p 2 0 835 85 2937 1002
p 2 0 839 81 2863 1014
p 2 0 826 94 3147 1025
p 2 0 846 74 2919 1004
p 2 0 823 97 2843 986
p 2 0 845 75 2566 973
p 2 0 817 103 2650 983
p 2 0 807 113 2661 957
p 2 0 822 98 3007 989
p 2 0 842 78 3017 988
p 2 0 797 123 2974 997
p 2 0 826 94 3399 1024
p 2 0 843 77 3182 1038
i 2 920 0 0 53404 4077
p 2 0 873 47 21118 1240
p 2 240 648 32 50601 2560
p 2 72 833 15 33164 1882
p 2 93 791 36 50967 2180
p 2 100 808 12 34381 2014
p 2 44 825 51 51149 1930
p 2 52 854 14 44219 1927
p 2 22 873 25 49661 1768
p 2 70 830 20 41387 1903
p 2 0 877 43 33407 1407
p 2 2 882 36 18627 1239
p 2 0 889 31 33554 1385
i 2 920 0 0 48813 4040
p 2 0 347 573 517 456
p 2 0 308 612 428 414
p 2 0 202 718 538 315
p 2 0 222 698 364 330
p 2 0 126 794 254 240
p 2 0 115 805 410 243
p 2 0 139 781 265 253
p 2 0 92 828 227 217
p 2 0 109 811 409 231
p 2 0 75 845 216 205
p 2 0 140 780 320 262
i 2 920 0 0 72243 4548
p 2 0 142 778 331 270
p 2 0 79 841 226 211
p 2 0 51 869 200 184
p 2 0 45 875 184 177
p 2 0 24 896 166 159
p 2 0 49 871 201 179
p 2 0 39 881 195 173
p 2 0 45 875 197 176
p 2 0 59 861 225 189
i 2 920 0 0 54810 4247
p 2 3 815 102 34668 1565
p 2 0 623 297 1885 733
p 2 1 768 151 33836 1478
p 2 1 793 126 33137 1517
p 2 2 785 133 30216 1404
p 2 0 579 341 1888 701
p 2 0 744 176 26062 1189
p 2 0 581 339 2046 706
p 2 0 752 168 28718 1228
p 2 0 530 390 1823 649
p 2 0 389 531 1056 504
p 2 0 287 633 784 398
p 2 0 228 692 640 348
p 2 0 186 734 564 308
p 2 0 222 698 598 338
p 2 0 213 707 632 332
p 2 0 464 456 1633 595
i 2 920 0 0 77516 4577
p 2 0 794 126 21299 1008
p 2 5 874 41 35602 1318
p 2 0 852 68 24995 1075
p 2 6 849 65 36685 1301
p 2 0 840 80 24669 1058
p 2 30 825 65 39689 1464
p 2 0 847 73 25085 1079
p 2 10 807 103 38388 1313
p 2 0 828 92 24644 1069
p 2 11 806 103 37529 1321
p 2 0 823 97 25185 1069
p 2 18 812 90 37540 1344
p 2 0 834 86 25194 1066
p 2 20 801 99 40220 1418
p 2 0 806 114 23533 1046
p 2 16 808 96 38758 1402
p 2 1 828 91 22847 1091
p 2 63 802 55 39398 1743
p 2 0 803 117 18154 1056
p 2 45 812 63 35729 1665
p 2 0 795 125 12359 1067
p 2 86 737 97 34592 1827
p 2 0 769 151 9527 1022
p 2 32 802 86 30377 1625
p 2 0 782 138 8977 1048
p 2 31 808 81 31270 1665
p 2 0 743 177 7645 992
p 2 25 816 79 33461 1681
p 2 0 767 153 6823 1008
p 2 29 803 88 34045 1741
p 2 0 759 161 6812 1019
p 2 108 726 86 35521 2139
p 2 0 758 162 6008 1010
p 2 0 676 244 4874 908
p 2 129 723 68 35517 2207
p 2 0 725 195 4616 951
p 2 0 724 196 4639 934
p 2 132 735 53 35815 2213
p 2 0 743 177 4459 969
p 2 0 672 248 3474 864
p 2 132 712 76 37447 2199
p 2 0 724 196 3335 931
p 2 200 647 73 31631 2404
p 2 0 732 188 2693 911
p 2 215 635 70 31326 2343
p 2 0 689 231 2735 846
i 2 920 0 0 44527 4428
p 2 0 585 335 2184 755
p 2 0 558 362 2371 696
p 2 141 729 50 40813 2395
p 2 0 717 203 2830 904
p 2 0 635 285 2672 784
p 2 157 698 65 38443 2441
p 2 0 709 211 2930 906
p 2 0 591 329 2377 766
p 2 123 729 68 37589 2305
p 2 0 716 204 2879 908
p 2 0 634 286 2846 802
p 2 107 738 75 38320 2255
p 2 0 752 168 3211 942
p 2 0 625 295 2787 794
p 2 39 825 56 32017 1856
p 2 0 747 173 3427 956
p 2 0 636 284 2778 781
p 2 31 816 73 33081 1830
p 2 0 780 140 3377 977
p 2 0 618 302 2616 786
p 2 19 842 59 34562 1829
p 2 0 755 165 3211 951
p 2 0 724 196 3018 895
p 2 27 848 45 34273 1845
p 2 0 803 117 3409 1007
p 2 0 636 284 2541 797
p 2 19 856 45 34310 1861
p 2 0 803 117 3313 995
p 2 0 638 282 2905 813
p 2 27 846 47 34524 1914
p 2 0 766 154 3547 1015
p 2 0 705 215 3088 872
p 2 137 745 38 42885 2536
p 2 0 739 181 3108 936
p 2 73 822 25 42432 2373
p 2 0 718 202 3138 976
p 2 47 829 44 38599 2225
p 2 0 708 212 3298 1011
p 2 39 830 51 37615 2116
p 2 0 714 206 3101 1013
p 2 0 507 413 2176 679
p 2 236 633 51 42890 2955
p 2 0 632 288 2707 875
p 2 0 496 424 2212 656
p 2 210 659 51 45787 2929
p 2 0 609 311 2510 793
p 2 0 472 448 2172 622
p 2 268 600 52 50472 3182
p 2 0 597 323 2505 829
p 2 0 441 479 1956 588
p 2 55 815 50 42340 2249
p 2 0 642 278 2483 863
p 2 0 798 122 12036 1118
p 2 43 802 75 39807 2146
p 2 1 865 54 13288 1357
p 2 0 877 43 9929 1240
p 2 39 868 13 37359 2249
p 2 0 883 37 10914 1277
p 2 0 891 29 17142 1461
p 2 23 876 21 35630 2090
p 2 63 808 49 18062 1810
p 2 56 820 44 21206 1866
p 2 73 783 64 18759 1809
i 2 920 0 0 33750 4143
p 2 189 668 63 23475 2566
p 2 577 342 1 46027 4156
p 2 195 685 40 31734 2814
p 2 678 242 0 27881 3859
p 2 342 578 0 24613 3293
p 2 207 708 5 22358 2759
p 2 365 555 0 24339 3312
p 2 281 636 3 23752 2984
p 2 485 435 0 48293 3836
p 2 538 382 0 45935 3910
p 2 402 518 0 53808 3679
p 2 386 534 0 61501 3706
p 2 361 559 0 56755 3519
p 2 329 591 0 53383 3425
p 2 260 660 0 51170 3328
p 2 237 683 0 50702 2988
p 2 191 729 0 49458 2826
p 2 196 722 2 39119 2666
p 2 156 756 8 32407 2476
p 2 202 718 0 32386 2639
p 2 172 748 0 35405 2557
p 2 175 745 0 42186 2768
p 2 160 760 0 40407 2704
p 2 142 778 0 40254 2741
p 2 79 841 0 40655 2560
p 2 47 873 0 41842 2413
p 2 32 888 0 42683 2405
p 2 47 873 0 47375 2575
p 2 86 834 0 51733 2691
p 2 54 866 0 52511 2600
p 2 24 896 0 43848 2391
p 2 8 912 0 32547 2220
i 2 920 0 0 57788 3872
p 2 0 79 841 264 211
p 2 369 414 137 76071 3171
p 2 167 509 244 36020 2009
p 2 335 563 22 93277 3466
p 2 0 426 494 1632 565
p 2 379 536 5 98826 3730
p 2 0 448 472 1707 593
p 2 395 523 2 88425 3647
p 2 315 504 101 52041 2882
p 2 322 594 4 89728 3656
p 2 0 511 409 1990 686
p 2 350 562 8 82926 3562
p 2 0 513 407 1870 677
p 2 277 613 30 73614 3138
p 2 0 530 390 1850 700
p 2 91 790 39 60322 2302
p 2 0 645 275 2161 797
p 2 51 815 54 53792 1998
p 2 0 588 332 2022 738
p 2 9 800 111 33138 1470
p 2 4 731 185 16202 1092
p 2 6 823 91 27664 1327
p 2 0 576 344 2357 696
p 2 2 797 121 30965 1319
p 2 20 599 301 5173 892
p 2 0 736 184 20891 1042
i 2 920 0 0 68852 4355
p 2 0 490 430 15076 713
p 2 546 372 2 77175 3979
p 2 0 331 589 1151 472
p 2 169 715 36 59031 2767
p 2 0 514 406 1773 710
p 2 159 713 48 57184 2669
p 2 0 533 387 1719 731
p 2 101 760 59 55410 2412
p 2 0 552 368 1882 721
p 2 300 582 38 59584 3207
p 2 0 476 444 1528 644
p 2 277 606 37 54447 3052
p 2 0 554 366 1500 733
p 2 229 653 38 43946 2642
p 2 0 544 376 1394 722
p 2 193 649 78 37001 2363
p 2 0 440 480 1197 588
p 2 132 695 93 34338 2112
p 2 0 414 506 1231 566
p 2 87 718 115 29919 1811
p 2 0 603 317 1539 713
p 2 34 678 208 27919 1519
p 2 0 528 392 1533 647
p 2 1 679 240 16048 1117
p 2 25 527 368 12735 977
p 2 0 839 81 13362 1128
i 2 920 0 0 28342 3454
i 2 920 0 0 23364 3516
p 2 0 375 545 615 477
p 2 529 343 48 49829 3616
p 2 0 365 555 973 505
p 2 476 428 16 62073 3672
p 2 0 382 538 1174 528
p 2 272 607 41 68338 3116
p 2 0 425 495 1408 585
p 2 343 567 10 72544 3356
p 2 0 539 381 2021 719
p 2 272 625 23 67107 3015
p 2 77 651 192 35707 1866
p 2 170 592 158 44076 2118
p 2 142 544 234 32346 1886
p 2 159 552 209 37138 1994
p 2 148 521 251 32532 1825
p 2 68 640 212 37381 1692
p 2 49 670 201 25970 1445
p 2 43 703 174 33112 1571
p 2 43 689 188 23705 1380
p 2 26 676 218 30109 1397
p 2 39 536 345 25126 1295
p 2 16 632 272 26549 1270
p 2 0 511 409 1519 628
p 2 10 747 163 29613 1402
p 2 0 532 388 1667 651
p 2 36 567 317 20922 1138
p 2 8 560 352 15468 1009
p 2 122 530 268 30990 1732
p 2 0 394 526 1318 527
i 2 920 0 0 43110 3807
p 2 0 273 647 551 408
p 2 340 531 49 65896 3148
p 2 0 405 515 1193 578
p 2 244 607 69 78684 3054
p 2 76 482 362 10875 1086
p 2 398 468 54 76748 3436
i 2 920 0 0 53812 4091
p 2 236 648 36 68723 3061
p 2 89 680 151 38533 2087
p 2 32 736 152 38413 1635
p 2 103 717 100 36669 2101
p 2 11 832 77 35660 1485
p 2 100 772 48 49520 2158
p 2 0 859 61 29368 1343
p 2 458 452 10 53160 3512
p 2 0 845 75 20432 1271
p 2 230 676 14 53039 3041
p 2 0 863 57 21674 1490
p 2 134 763 23 44428 2660
p 2 0 827 93 12902 1258
p 2 99 752 69 37931 2382
p 2 0 845 75 14238 1349
p 2 35 819 66 38721 2157
p 2 1 847 72 14878 1366
p 2 271 595 54 30940 2889
p 2 1 824 95 11741 1474
p 2 52 774 94 20872 1814
p 2 0 802 118 8837 1318
i 2 920 0 0 29273 3647
p 2 35 807 78 14280 1490
i 2 920 0 0 32808 3737
p 2 54 755 111 13297 1487
p 2 328 498 94 37053 3103
p 2 116 649 155 21228 1980
p 2 269 557 94 48896 3231
p 2 105 717 98 35587 2320
p 2 186 641 93 49547 2804
p 2 106 708 106 38657 2379
p 2 123 718 79 52736 2672
p 2 65 775 80 38912 2245
p 2 107 761 52 54093 2678
p 2 45 811 64 41571 2102
p 2 98 780 42 53421 2573
p 2 51 829 40 44765 2281
p 2 46 824 50 38856 2121
p 2 49 822 49 45312 2189
p 2 46 828 46 42080 2124
p 2 52 807 61 40496 2055
p 2 64 805 51 43035 2209
p 2 59 821 40 43919 2201
p 2 50 824 46 41656 2216
p 2 58 817 45 42095 2132
p 2 75 802 43 41169 2217
p 2 66 811 43 42991 2189
p 2 73 806 41 43099 2300
p 2 59 823 38 43450 2176
p 2 49 836 35 43320 2174
p 2 70 805 45 41834 2164
p 2 97 766 57 42874 2280
p 2 54 821 45 42245 2149
p 2 60 807 53 43992 2233
p 2 78 801 41 42775 2295
p 2 63 811 46 39269 2195
p 2 100 793 27 46008 2445
i 2 920 0 0 66811 4529
p 2 0 920 0 16876 1206
p 2 0 919 1 15015 1153
p 2 0 920 0 22336 1243
p 2 0 918 2 15484 1168
p 2 0 919 1 18256 1177
p 2 0 920 0 20039 1209
p 2 0 918 2 17242 1182
p 2 0 916 4 17487 1174
p 2 0 920 0 17322 1180
p 2 0 919 1 16912 1181
p 2 0 919 1 18725 1205
p 2 0 920 0 17780 1183
p 2 0 920 0 18423 1199
p 2 9 908 3 24356 1325
p 2 0 916 4 16764 1186
p 2 0 917 3 19683 1210
p 2 9 909 2 21710 1281
p 2 0 920 0 17803 1192
p 2 3 915 2 23050 1277
p 2 1 918 1 19835 1218
p 2 0 918 2 18860 1193
p 2 0 918 2 19506 1206
p 2 0 919 1 20728 1227
p 2 0 917 3 17388 1197
p 2 0 919 1 17970 1191
p 2 13 901 6 26012 1380
p 2 0 919 1 18455 1210
p 2 10 907 3 30001 1427
p 2 0 919 1 18452 1218
p 2 5 915 0 25469 1338
p 2 0 919 1 21354 1234
p 2 0 918 2 18281 1206
p 2 1 918 1 22480 1261
p 2 0 915 5 17098 1189
p 2 0 917 3 18681 1211
p 2 0 918 2 17548 1185
p 2 0 917 3 17488 1201
p 2 0 920 0 18989 1223
i 2 920 0 0 25465 3611
p 2 0 701 219 9866 1123
p 2 0 422 498 1010 537
p 2 0 600 320 9031 1010
p 2 0 450 470 1274 581
p 2 1 625 294 12988 1172
p 2 0 415 505 1031 557
p 2 0 259 661 485 378
p 2 62 597 261 21044 1707
p 2 0 422 498 1086 564
p 2 0 247 673 526 372
p 2 55 588 277 21090 1681
p 2 0 411 509 1072 565
p 2 0 282 638 550 401
p 2 52 578 290 20249 1630
p 2 0 415 505 1115 572
p 2 0 288 632 647 413
p 2 0 296 624 547 407
p 2 0 228 692 472 346
p 2 0 220 700 453 336
p 2 0 344 576 733 467
i 2 920 0 0 37091 3864
p 2 0 892 28 7706 1011
p 2 1 903 16 8574 1011
p 2 1 899 20 9194 1017
p 2 0 916 4 8953 1016
p 2 1 897 22 9172 996
p 2 1 908 11 8824 1005
p 2 0 914 6 9449 1025
p 2 0 915 5 8697 1010
p 2 0 912 8 8843 1005
p 2 0 911 9 11539 1039
p 2 0 908 12 8591 1017
p 2 0 912 8 8486 1030
p 2 0 908 12 11329 1053
p 2 0 903 17 8284 1042
p 2 1 911 8 8329 1034
p 2 0 910 10 11250 1049
p 2 0 907 13 8126 1017
p 2 0 907 13 8052 1022
p 2 0 911 9 9934 1028
p 2 0 915 5 7532 998
p 2 0 913 7 7562 1004
p 2 0 903 17 9864 1042
p 2 0 907 13 7573 1003
p 2 0 912 8 7567 1004
p 2 0 909 11 7446 999
p 2 0 907 13 7455 1006
p 2 0 914 6 7307 987
p 2 0 905 15 7221 972
p 2 0 906 14 7108 999
p 2 0 905 15 7084 1001
p 2 0 902 18 6783 974
p 2 0 904 16 6869 968
p 2 0 901 19 6806 993
p 2 1 903 16 6755 1006
p 2 0 906 14 6605 989
i 2 920 0 0 22975 3973
p 2 0 357 563 711 524
p 2 186 506 228 19389 2090
p 2 0 444 476 939 609
p 2 187 544 189 20653 2172
p 2 0 545 375 1025 717
p 2 142 555 223 19538 2094
p 2 64 592 264 18217 1726
p 2 0 473 447 1056 624
p 2 77 526 317 18416 1657
p 2 0 427 493 1054 614
p 2 69 524 327 16916 1526
p 2 0 430 490 1029 615
p 2 60 535 325 17371 1580
p 2 0 373 547 883 558
p 2 10 555 355 9330 981
p 2 0 429 491 969 561
p 2 0 458 462 797 549
i 2 920 0 0 59850 4704
p 2 0 914 6 9174 1126
p 2 0 896 24 13183 1183
p 2 0 903 17 14309 1186
p 2 0 909 11 13817 1181
p 2 0 909 11 13589 1174
p 2 0 908 12 14055 1198
p 2 0 907 13 13838 1177
p 2 0 912 8 14355 1194
p 2 0 910 10 14378 1209
p 2 0 912 8 13994 1205
p 2 0 914 6 14174 1201
p 2 0 913 7 14379 1213
p 2 0 915 5 14026 1211
p 2 0 912 8 14271 1212
p 2 0 905 15 14198 1184
p 2 0 913 7 14419 1216
p 2 0 911 9 14159 1203
p 2 0 908 12 14433 1201
p 2 0 913 7 14281 1204
p 2 0 906 14 14564 1217
p 2 0 903 17 14285 1201
p 2 0 910 10 14655 1220
p 2 0 899 21 14086 1180
p 2 0 909 11 14203 1212
p 2 0 908 12 14633 1221
p 2 0 907 13 14396 1201
p 2 0 904 16 14740 1222
p 2 0 912 8 13706 1203
p 2 0 905 15 14399 1200
p 2 0 909 11 14113 1198
p 2 0 908 12 14575 1206
p 2 0 908 12 14405 1211
p 2 0 906 14 14417 1207
p 2 0 913 7 14446 1214
p 2 0 896 24 14620 1212
p 2 0 917 3 14084 1213
p 2 0 916 4 14492 1210
p 2 0 910 10 14130 1203
p 2 0 912 8 14854 1218
p 2 0 907 13 14238 1212
p 2 0 916 4 14527 1220
p 2 0 916 4 14659 1222
p 2 0 917 3 14064 1201
p 2 0 916 4 14298 1210
p 2 0 911 9 14405 1204
p 2 0 916 4 14443 1233
p 2 0 904 16 14726 1208
i 2 920 0 0 20924 3479
p 2 0 878 42 2899 1050
p 2 0 890 30 3004 1044
p 2 0 877 43 3175 1036
p 2 0 891 29 3229 1043
p 2 0 877 43 3299 1050
p 2 0 895 25 3404 1072
p 2 0 905 15 3327 1074
p 2 0 890 30 3337 1057
p 2 0 880 40 3424 1048
p 2 0 892 28 3327 1045
p 2 0 886 34 3334 1043
p 2 0 877 43 3290 1039
p 2 0 879 41 3456 1039
p 2 0 888 32 3395 1046
p 2 0 865 55 3364 1030
p 2 0 876 44 3373 1041
p 2 0 873 47 3380 1045
p 2 0 876 44 3232 1036
p 2 0 861 59 3472 1024
p 2 0 890 30 3400 1056
p 2 0 863 57 3578 1045
p 2 0 878 42 3285 1025
p 2 0 889 31 3388 1049
p 2 0 871 49 3409 1041
p 2 0 871 49 3472 1051
p 2 0 895 25 3399 1060
p 2 0 885 35 3591 1065
p 2 0 895 25 3462 1051
p 2 0 873 47 3516 1042
p 2 0 875 45 3510 1055
p 2 0 861 59 3518 1035
p 2 0 900 20 3577 1075
p 2 0 887 33 3615 1077
p 2 0 897 23 3446 1072
p 2 0 905 15 3474 1066
p 2 0 881 39 3398 1037
p 2 0 853 67 3305 1023
p 2 0 881 39 3473 1022
p 2 0 863 57 3455 1023
p 2 0 876 44 3484 1022
p 2 0 864 56 3392 1015
p 2 0 895 25 3536 1053
p 2 0 869 51 3405 1032
p 2 0 886 34 3531 1051
p 2 0 869 51 3483 1041
p 2 0 867 53 3461 1035
p 2 0 881 39 3371 1037
p 2 0 894 26 3399 1070
p 2 0 868 52 3476 1053
p 2 0 894 26 3544 1055
p 2 0 885 35 3373 1040
p 2 0 879 41 3495 1053
p 2 0 882 38 3441 1049
p 2 0 892 28 3591 1064
p 2 0 884 36 3532 1063
p 2 0 893 27 3464 1052
p 2 0 865 55 3480 1039
p 2 0 882 38 3442 1031
p 2 0 870 50 3546 1040
p 2 0 881 39 3429 1035
p 2 0 882 38 3454 1039
p 2 0 885 35 3535 1057
i 2 920 0 0 31569 4117
p 2 0 898 22 2771 1046
p 2 0 897 23 3013 1013
p 2 0 887 33 3475 994
p 2 0 901 19 3604 1014
p 2 0 889 31 3708 996
p 2 0 887 33 3396 989
p 2 0 890 30 3647 990
p 2 0 904 16 3377 983
p 2 0 909 11 3475 984
p 2 0 910 10 3620 967
p 2 0 883 37 3655 965
p 2 0 896 24 3637 984
p 2 0 898 22 3505 976
p 2 0 906 14 3709 979
p 2 0 896 24 3469 981
p 2 0 905 15 3808 996
p 2 0 894 26 3799 975
p 2 0 890 30 3686 991
p 2 0 908 12 3665 996
p 2 0 899 21 3778 988
p 2 0 905 15 3903 983
p 2 0 904 16 3680 986
p 2 0 899 21 3688 980
p 2 0 894 26 3765 980
p 2 0 900 20 3817 979
p 2 0 905 15 3616 984
p 2 0 903 17 3879 991
p 2 0 904 16 3767 987
p 2 0 904 16 3755 999
p 2 0 893 27 3719 989
p 2 0 894 26 3804 1000
p 2 0 906 14 3787 993
p 2 0 901 19 3939 992
p 2 0 904 16 3784 1001
p 2 0 908 12 3897 1007
p 2 0 901 19 3750 988
p 2 0 898 22 3898 997
p 2 0 893 27 3773 994
p 2 0 898 22 3888 1003
p 2 0 906 14 3719 981
p 2 0 900 20 3898 1013
i 2 920 0 0 30437 3959
p 2 0 477 443 711 601
p 2 0 407 513 547 501
p 2 0 312 608 442 408
p 2 0 255 665 403 368
p 2 0 187 733 319 299
p 2 0 203 717 332 306
p 2 0 99 821 232 223
p 2 0 115 805 259 239
p 2 35 579 306 27779 1711
p 2 0 433 487 1319 598
p 2 0 284 636 590 406
p 2 55 541 324 27414 1815
p 2 0 425 495 1274 603
p 2 0 237 683 554 376
p 2 83 553 284 25122 1942
p 2 0 457 463 1216 618
p 2 0 280 640 584 415
p 2 16 562 342 17964 1437
p 2 0 437 483 1172 601
p 2 0 378 542 815 509
p 2 2 585 333 13634 1180
p 2 0 468 452 1247 616
p 2 0 323 597 711 460
p 2 4 563 353 11853 1036
p 2 0 412 508 1121 566
p 2 0 335 585 721 453
p 2 0 547 373 11540 1043
p 2 0 491 429 1205 615
p 2 0 270 650 594 402
p 2 0 197 723 453 325
p 2 0 212 708 489 340
p 2 0 138 782 336 261
p 2 0 128 792 328 256
p 2 0 159 761 391 282
p 2 0 113 807 307 239
p 2 0 76 844 267 207
p 2 0 148 772 371 274
p 2 0 107 813 316 237
p 2 0 102 818 280 225
p 2 0 72 848 268 204
p 2 0 113 807 349 245
p 2 0 108 812 321 234
p 2 0 71 849 264 202
p 2 0 212 708 521 336
i 2 920 0 0 41214 4178
p 2 0 292 628 559 428
p 2 0 246 674 428 367
p 2 0 182 738 1395 330
p 2 0 156 764 690 289
p 2 0 91 829 298 225
p 2 6 128 786 3168 337
p 2 0 102 818 369 239
p 2 12 182 726 5683 478
p 2 0 142 778 515 279
p 2 25 144 751 5933 523
p 2 0 118 802 523 258
p 2 29 143 748 7642 586
p 2 0 128 792 525 266
p 2 33 124 763 8271 616
p 2 0 125 795 565 270
p 2 41 124 755 8756 677
p 2 0 142 778 600 285
p 2 46 173 701 11226 791
p 2 0 154 766 619 304
p 2 53 148 719 12827 826
p 2 0 161 759 2043 328
p 2 65 162 693 14619 939
p 2 0 155 765 1113 307
p 2 58 193 669 16684 1004
p 2 0 197 723 1046 362
p 2 59 186 675 15354 986
p 2 0 218 702 2414 402
p 2 36 233 651 15841 901
p 2 0 223 697 1322 386
p 2 21 248 651 15384 805
p 2 0 232 688 1199 392
p 2 25 239 656 10251 741
p 2 0 241 679 2371 426
p 2 18 242 660 8686 681
p 2 0 207 713 1260 363
p 2 4 218 698 8879 545
p 2 0 188 732 1046 338
p 2 0 174 746 3868 394
p 2 0 208 712 4943 434
p 2 1 181 738 3572 411
p 2 0 180 740 4016 377
p 2 0 187 733 2729 378
p 2 0 159 761 3888 360
p 2 0 121 799 521 263
p 2 0 183 737 6012 426
p 2 0 143 777 628 288
p 2 0 129 791 2957 316
p 2 0 140 780 1528 308
p 2 0 150 770 3078 338
p 2 0 115 805 483 256
p 2 0 140 780 4060 343
p 2 0 142 778 581 286
p 2 0 90 830 772 231
p 2 0 105 815 1431 264
p 2 0 72 848 682 214
p 2 0 81 839 321 213
p 2 0 102 818 1737 267
p 2 0 79 841 327 214
p 2 0 50 870 523 190
p 2 0 60 860 268 194
p 2 0 45 875 230 181
p 2 0 39 881 220 174
p 2 0 67 853 272 199
p 2 0 40 880 216 175
p 2 0 31 889 202 166
p 2 0 62 858 263 195
p 2 0 48 872 222 183
p 2 0 32 888 193 168
p 2 0 54 866 241 187
p 2 0 30 890 190 165
p 2 0 62 858 249 194
p 2 0 50 870 242 183
p 2 0 49 871 228 183
p 2 0 92 828 299 222
i 2 920 0 0 27090 3628
p 2 0 452 468 614 530
p 2 53 504 363 11420 1132
p 2 0 370 550 698 473
p 2 54 350 516 8605 890
p 2 0 263 657 550 378
p 2 1 302 617 3920 507
p 2 0 241 679 492 348
p 2 0 286 634 3753 467
p 2 0 192 728 433 308
p 2 0 208 712 3173 401
p 2 0 187 733 447 313
p 2 0 201 719 3251 390
p 2 0 185 735 3407 383
p 2 0 187 733 428 307
p 2 2 167 751 3897 383
p 2 0 203 717 429 307
p 2 0 88 832 245 214
p 2 11 119 790 4945 411
p 2 0 143 777 413 274
p 2 4 106 810 2318 334
p 2 0 115 805 328 249
p 2 1 140 779 885 296
p 2 0 161 759 330 273
i 2 920 0 0 41489 4090
p 2 0 884 36 9042 1188
p 2 0 889 31 10335 1168
p 2 44 858 18 29862 1834
p 2 5 894 21 10544 1239
p 2 0 894 26 10453 1214
p 2 8 887 25 24409 1580
p 2 3 893 24 10134 1261
p 2 5 883 32 10459 1223
p 2 8 895 17 19526 1505
p 2 1 903 16 11432 1360
p 2 41 876 3 16718 1675
p 2 75 841 4 24590 2063
p 2 143 773 4 19715 2229
p 2 112 807 1 19455 2180
p 2 94 825 1 24778 2308
p 2 109 808 3 19112 2312
p 2 54 863 3 18331 2183
p 2 85 830 5 23402 2261
p 2 103 815 2 22121 2365
p 2 87 832 1 21991 2290
p 2 93 824 3 24580 2462
p 2 69 851 0 20384 2225
p 2 110 807 3 21061 2425
p 2 84 835 1 19639 2305
p 2 64 856 0 21086 2293
p 2 91 829 0 21006 2362
p 2 86 833 1 23084 2387
p 2 47 869 4 22565 2220
p 2 65 852 3 24424 2401
p 2 94 822 4 21719 2371
p 2 56 854 10 22937 2326
p 2 91 817 12 21622 2350
p 2 76 839 5 22539 2368
p 2 82 833 5 22630 2333
p 2 119 792 9 23388 2525
p 2 90 822 8 23001 2438
p 2 119 793 8 21138 2508
p 2 90 820 10 21354 2360
p 2 107 804 9 20726 2424
p 2 72 839 9 21415 2349
p 2 87 825 8 23143 2429
i 2 920 0 0 2596 2596
p 2 0 0 920 137 137
p 2 0 0 920 137 137
p 2 0 0 920 137 137
i 2 920 0 0 11013 2960
p 2 757 163 0 22203 3746
p 2 576 344 0 30001 3643
p 2 470 450 0 35316 3430
p 2 396 524 0 39833 3358
p 2 333 587 0 41253 3182
p 2 281 639 0 44870 3138
p 2 245 675 0 44446 2998
p 2 216 704 0 47714 2973
p 2 0 692 228 3405 899
p 2 0 579 341 2173 732
p 2 0 487 433 1735 627
p 2 0 370 550 1140 491
p 2 0 360 560 1092 483
p 2 0 285 635 855 410
p 2 0 253 667 771 377
p 2 0 310 610 933 435
p 2 0 250 670 747 373
p 2 0 213 707 660 339
p 2 0 247 673 730 370
p 2 0 191 729 597 319
p 2 0 176 744 564 300
p 2 0 197 723 635 323
p 2 0 183 737 591 307
p 2 0 126 794 437 252
p 2 0 163 757 522 288
p 2 0 148 772 486 274
p 2 0 126 794 442 255
p 2 0 158 762 510 285
p 2 0 141 779 438 267
p 2 0 120 800 417 249
p 2 0 141 779 446 267
p 2 0 117 803 400 245
p 2 0 110 810 390 238
p 2 0 135 785 447 264
p 2 0 118 802 403 247
p 2 0 96 824 352 226
p 2 0 97 823 355 226
p 2 0 83 837 333 218
p 2 0 79 841 307 209
p 2 0 114 806 389 242
p 2 0 94 826 349 223
p 2 0 87 833 324 217
p 2 0 90 830 332 220
p 2 0 90 830 325 219
p 2 0 65 855 286 195
p 2 0 86 834 319 217
p 2 0 74 846 286 205
p 2 0 63 857 267 194
p 2 0 76 844 292 207
i 2 920 0 0 2596 2596
p 2 0 0 920 137 137
p 2 0 0 920 137 137
p 2 0 0 920 137 137
p 2 0 0 920 137 137
p 2 0 0 920 137 137
p 2 0 0 920 137 137
p 2 0 0 920 137 137
p 2 0 0 920 137 137
p 2 0 0 920 137 137
p 2 0 0 920 137 137
p 2 0 0 920 137 137
p 2 0 0 920 137 137
p 2 0 0 920 137 137
p 2 0 0 920 137 137
p 2 0 0 920 137 137
p 2 0 0 920 137 137
p 2 0 0 920 137 137
p 2 0 0 920 137 137
p 2 0 0 920 137 137
p 2 0 0 920 137 137
p 2 0 0 920 137 137
p 2 0 0 920 137 137
p 2 0 0 920 137 137
p 2 0 0 920 137 137
p 2 0 0 920 137 137
p 2 0 0 920 137 137
p 2 0 0 920 137 137
p 2 0 0 920 137 137
p 2 0 0 920 137 137
p 2 0 0 920 137 137
p 2 0 0 920 137 137
p 2 0 0 920 137 137
p 2 0 0 920 137 137
p 2 0 0 920 137 137
p 2 0 0 920 137 137
p 2 0 0 920 137 137
p 2 0 0 920 137 137
p 2 0 0 920 137 137
p 2 0 0 920 137 137
p 2 0 0 920 137 137
p 2 0 0 920 137 137
p 2 0 0 920 137 137
p 2 0 0 920 137 137
p 2 0 0 920 137 137
p 2 0 0 920 137 137
p 2 0 0 920 137 137
p 2 0 0 920 137 137
p 2 0 0 920 137 137
p 2 0 0 920 137 137
p 2 0 0 920 137 137
p 2 0 0 920 137 137
p 2 0 0 920 137 137
p 2 0 0 920 137 137
p 2 0 0 920 137 137
p 2 0 0 920 137 137
p 2 0 0 920 137 137
p 2 0 0 920 137 137
p 2 0 0 920 137 137
p 2 0 0 920 137 137
p 2 0 0 920 137 137
p 2 0 0 920 137 137
p 2 0 0 920 137 137
p 2 0 0 920 137 137
p 2 0 0 920 137 137
p 2 0 0 920 137 137
p 2 0 0 920 137 137
p 2 0 0 920 137 137
p 2 0 0 920 137 137
p 2 0 0 920 137 137
p 2 0 0 920 137 137
p 2 0 0 920 137 137
p 2 0 0 920 137 137
p 2 0 0 920 137 137
p 2 0 0 920 137 137
p 2 0 0 920 137 137
p 2 0 0 920 137 137
p 2 0 0 920 137 137
p 2 0 0 920 137 137
p 2 0 0 920 137 137
p 2 0 0 920 137 137
p 2 0 0 920 137 137
p 2 0 0 920 137 137
p 2 0 0 920 137 137
p 2 0 0 920 137 137
p 2 0 0 920 137 137
p 2 0 0 920 137 137
p 2 0 0 920 137 137
p 2 0 0 920 137 137
p 2 0 0 920 137 137
p 2 0 0 920 137 137
p 2 0 0 920 137 137
p 2 0 0 920 137 137
p 2 0 0 920 137 137
p 2 0 0 920 137 137
p 2 0 0 920 137 137
p 2 0 0 920 137 137
p 2 0 0 920 137 137
p 2 0 0 920 137 137
p 2 0 0 920 137 137
p 2 0 0 920 137 137
p 2 0 0 920 137 137
p 2 0 0 920 137 137
p 2 0 0 920 137 137
p 2 0 0 920 137 137
p 2 0 0 920 137 137
p 2 0 0 920 137 137
p 2 0 0 920 137 137
